<?xml version="1.0" encoding="UTF-8"?>
<coverage generated="1547215930206" clover="3.2.0">
  <project timestamp="1547215930206" name="All files">
    <metrics statements="973" coveredstatements="804" conditionals="301" coveredconditionals="184" methods="267" coveredmethods="193" elements="1541" coveredelements="1181" complexity="0" loc="973" ncloc="973" packages="24" files="39" classes="39">
      <package name="app">
        <metrics statements="7" coveredstatements="7" conditionals="0" coveredconditionals="0" methods="0" coveredmethods="0"/>
        <file name="constants.ts" path="/Users/sktifa/workspace/simple-sample/src/main/webapp/app/constants.ts">
          <metrics statements="7" coveredstatements="7" conditionals="0" coveredconditionals="0" methods="0" coveredmethods="0"/>
          <line num="5" count="18" type="stmt"/>
          <line num="7" count="18" type="stmt"/>
          <line num="8" count="18" type="stmt"/>
          <line num="11" count="18" type="stmt"/>
          <line num="12" count="18" type="stmt"/>
          <line num="13" count="18" type="stmt"/>
          <line num="14" count="18" type="stmt"/>
        </file>
      </package>
      <package name="app.account">
        <metrics statements="43" coveredstatements="28" conditionals="21" coveredconditionals="9" methods="13" coveredmethods="9"/>
        <file name="login-modal.service.ts" path="/Users/sktifa/workspace/simple-sample/src/main/webapp/app/account/login-modal.service.ts">
          <metrics statements="4" coveredstatements="4" conditionals="0" coveredconditionals="0" methods="2" coveredmethods="2"/>
          <line num="3" count="2" type="stmt"/>
          <line num="4" count="2" type="stmt"/>
          <line num="5" count="1" type="stmt"/>
          <line num="7" count="2" type="stmt"/>
        </file>
        <file name="principal.ts" path="/Users/sktifa/workspace/simple-sample/src/main/webapp/app/account/principal.ts">
          <metrics statements="39" coveredstatements="24" conditionals="21" coveredconditionals="9" methods="11" coveredmethods="7"/>
          <line num="1" count="4" type="stmt"/>
          <line num="7" count="4" type="stmt"/>
          <line num="8" count="7" type="stmt"/>
          <line num="9" count="7" type="stmt"/>
          <line num="12" count="4" type="stmt"/>
          <line num="13" count="7" type="cond" truecount="2" falsecount="0"/>
          <line num="14" count="7" type="cond" truecount="5" falsecount="0"/>
          <line num="15" count="1" type="stmt"/>
          <line num="19" count="4" type="stmt"/>
          <line num="20" count="2" type="stmt"/>
          <line num="21" count="2" type="stmt"/>
          <line num="24" count="2" type="stmt"/>
          <line num="25" count="2" type="cond" truecount="1" falsecount="1"/>
          <line num="26" count="0" type="stmt"/>
          <line num="27" count="0" type="cond" truecount="0" falsecount="2"/>
          <line num="28" count="0" type="stmt"/>
          <line num="31" count="2" type="stmt"/>
          <line num="32" count="2" type="stmt"/>
          <line num="34" count="2" type="stmt"/>
          <line num="37" count="0" type="stmt"/>
          <line num="38" count="0" type="stmt"/>
          <line num="42" count="4" type="stmt"/>
          <line num="43" count="0" type="cond" truecount="0" falsecount="2"/>
          <line num="44" count="0" type="stmt"/>
          <line num="46" count="0" type="cond" truecount="0" falsecount="4"/>
          <line num="47" count="0" type="stmt"/>
          <line num="50" count="0" type="stmt"/>
          <line num="51" count="0" type="cond" truecount="0" falsecount="2"/>
          <line num="52" count="0" type="stmt"/>
          <line num="56" count="0" type="stmt"/>
          <line num="59" count="4" type="stmt"/>
          <line num="60" count="0" type="stmt"/>
          <line num="63" count="4" type="stmt"/>
          <line num="64" count="0" type="stmt"/>
          <line num="67" count="4" type="stmt"/>
          <line num="68" count="6" type="cond" truecount="1" falsecount="1"/>
          <line num="71" count="4" type="stmt"/>
          <line num="72" count="2" type="stmt"/>
          <line num="74" count="4" type="stmt"/>
        </file>
      </package>
      <package name="app.account.activate">
        <metrics statements="27" coveredstatements="23" conditionals="5" coveredconditionals="3" methods="11" coveredmethods="8"/>
        <file name="activate.service.ts" path="/Users/sktifa/workspace/simple-sample/src/main/webapp/app/account/activate/activate.service.ts">
          <metrics statements="6" coveredstatements="6" conditionals="0" coveredconditionals="0" methods="3" coveredmethods="3"/>
          <line num="1" count="1" type="stmt"/>
          <line num="3" count="1" type="stmt"/>
          <line num="7" count="2" type="stmt"/>
          <line num="10" count="1" type="stmt"/>
          <line num="11" count="2" type="stmt"/>
          <line num="13" count="1" type="stmt"/>
        </file>
        <file name="activate.vue" path="/Users/sktifa/workspace/simple-sample/src/main/webapp/app/account/activate/activate.vue">
          <metrics statements="21" coveredstatements="17" conditionals="5" coveredconditionals="3" methods="8" coveredmethods="5"/>
          <line num="1" count="1" type="stmt"/>
          <line num="2" count="1" type="stmt"/>
          <line num="6" count="3" type="cond" truecount="3" falsecount="0"/>
          <line num="7" count="2" type="stmt"/>
          <line num="9" count="1" type="stmt"/>
          <line num="11" count="1" type="stmt"/>
          <line num="12" count="3" type="stmt"/>
          <line num="13" count="3" type="stmt"/>
          <line num="15" count="1" type="stmt"/>
          <line num="16" count="0" type="stmt"/>
          <line num="17" count="0" type="cond" truecount="0" falsecount="2"/>
          <line num="18" count="0" type="stmt"/>
          <line num="23" count="2" type="stmt"/>
          <line num="24" count="2" type="stmt"/>
          <line num="28" count="1" type="stmt"/>
          <line num="29" count="1" type="stmt"/>
          <line num="32" count="1" type="stmt"/>
          <line num="33" count="1" type="stmt"/>
          <line num="38" count="1" type="stmt"/>
          <line num="39" count="0" type="stmt"/>
          <line num="41" count="1" type="stmt"/>
        </file>
      </package>
      <package name="app.account.change-password">
        <metrics statements="27" coveredstatements="26" conditionals="5" coveredconditionals="5" methods="5" coveredmethods="5"/>
        <file name="change-password.vue" path="/Users/sktifa/workspace/simple-sample/src/main/webapp/app/account/change-password/change-password.vue">
          <metrics statements="27" coveredstatements="26" conditionals="5" coveredconditionals="5" methods="5" coveredmethods="5"/>
          <line num="1" count="1" type="stmt"/>
          <line num="2" count="1" type="stmt"/>
          <line num="3" count="1" type="stmt"/>
          <line num="4" count="1" type="stmt"/>
          <line num="5" count="1" type="stmt"/>
          <line num="8" count="1" type="stmt"/>
          <line num="26" count="4" type="cond" truecount="3" falsecount="0"/>
          <line num="32" count="1" type="stmt"/>
          <line num="33" count="4" type="stmt"/>
          <line num="34" count="4" type="stmt"/>
          <line num="35" count="4" type="stmt"/>
          <line num="36" count="4" type="stmt"/>
          <line num="42" count="1" type="stmt"/>
          <line num="44" count="3" type="stmt"/>
          <line num="45" count="3" type="cond" truecount="2" falsecount="0"/>
          <line num="46" count="1" type="stmt"/>
          <line num="47" count="1" type="stmt"/>
          <line num="48" count="1" type="stmt"/>
          <line num="50" count="2" type="stmt"/>
          <line num="51" count="2" type="stmt"/>
          <line num="57" count="1" type="stmt"/>
          <line num="58" count="1" type="stmt"/>
          <line num="61" count="1" type="stmt"/>
          <line num="62" count="1" type="stmt"/>
          <line num="67" count="1" type="stmt"/>
          <line num="68" count="0" type="stmt"/>
          <line num="70" count="1" type="stmt"/>
        </file>
      </package>
      <package name="app.account.login-form">
        <metrics statements="25" coveredstatements="23" conditionals="9" coveredconditionals="7" methods="6" coveredmethods="5"/>
        <file name="login-form.vue" path="/Users/sktifa/workspace/simple-sample/src/main/webapp/app/account/login-form/login-form.vue">
          <metrics statements="25" coveredstatements="23" conditionals="9" coveredconditionals="7" methods="6" coveredmethods="5"/>
          <line num="1" count="1" type="stmt"/>
          <line num="2" count="1" type="stmt"/>
          <line num="3" count="1" type="stmt"/>
          <line num="7" count="3" type="cond" truecount="3" falsecount="0"/>
          <line num="10" count="0" type="stmt"/>
          <line num="14" count="1" type="stmt"/>
          <line num="15" count="3" type="stmt"/>
          <line num="16" count="3" type="stmt"/>
          <line num="17" count="3" type="stmt"/>
          <line num="18" count="3" type="stmt"/>
          <line num="21" count="1" type="stmt"/>
          <line num="23" count="2" type="stmt"/>
          <line num="24" count="2" type="stmt"/>
          <line num="25" count="2" type="stmt"/>
          <line num="28" count="1" type="stmt"/>
          <line num="29" count="1" type="cond" truecount="3" falsecount="1"/>
          <line num="30" count="1" type="stmt"/>
          <line num="31" count="1" type="cond" truecount="1" falsecount="1"/>
          <line num="32" count="1" type="stmt"/>
          <line num="34" count="0" type="stmt"/>
          <line num="37" count="1" type="stmt"/>
          <line num="38" count="1" type="stmt"/>
          <line num="39" count="1" type="stmt"/>
          <line num="42" count="1" type="stmt"/>
          <line num="45" count="1" type="stmt"/>
        </file>
      </package>
      <package name="app.account.register">
        <metrics statements="41" coveredstatements="41" conditionals="13" coveredconditionals="13" methods="8" coveredmethods="8"/>
        <file name="register.service.ts" path="/Users/sktifa/workspace/simple-sample/src/main/webapp/app/account/register/register.service.ts">
          <metrics statements="5" coveredstatements="5" conditionals="0" coveredconditionals="0" methods="2" coveredmethods="2"/>
          <line num="1" count="1" type="stmt"/>
          <line num="3" count="1" type="stmt"/>
          <line num="4" count="1" type="stmt"/>
          <line num="5" count="4" type="stmt"/>
          <line num="7" count="1" type="stmt"/>
        </file>
        <file name="register.vue" path="/Users/sktifa/workspace/simple-sample/src/main/webapp/app/account/register/register.vue">
          <metrics statements="36" coveredstatements="36" conditionals="13" coveredconditionals="13" methods="6" coveredmethods="6"/>
          <line num="1" count="1" type="stmt"/>
          <line num="2" count="1" type="stmt"/>
          <line num="3" count="1" type="stmt"/>
          <line num="6" count="1" type="stmt"/>
          <line num="8" count="1" type="stmt"/>
          <line num="9" count="1" type="stmt"/>
          <line num="35" count="8" type="cond" truecount="3" falsecount="0"/>
          <line num="38" count="1" type="stmt"/>
          <line num="40" count="1" type="stmt"/>
          <line num="42" count="1" type="stmt"/>
          <line num="43" count="8" type="stmt"/>
          <line num="48" count="8" type="stmt"/>
          <line num="49" count="8" type="stmt"/>
          <line num="50" count="8" type="stmt"/>
          <line num="51" count="8" type="stmt"/>
          <line num="52" count="8" type="stmt"/>
          <line num="53" count="8" type="stmt"/>
          <line num="55" count="5" type="stmt"/>
          <line num="56" count="5" type="cond" truecount="2" falsecount="0"/>
          <line num="57" count="1" type="stmt"/>
          <line num="59" count="4" type="stmt"/>
          <line num="60" count="4" type="stmt"/>
          <line num="61" count="4" type="stmt"/>
          <line num="62" count="4" type="stmt"/>
          <line num="63" count="4" type="stmt"/>
          <line num="64" count="4" type="stmt"/>
          <line num="67" count="1" type="stmt"/>
          <line num="70" count="3" type="stmt"/>
          <line num="71" count="3" type="cond" truecount="4" falsecount="0"/>
          <line num="72" count="1" type="stmt"/>
          <line num="73" count="2" type="cond" truecount="4" falsecount="0"/>
          <line num="74" count="1" type="stmt"/>
          <line num="76" count="1" type="stmt"/>
          <line num="82" count="1" type="stmt"/>
          <line num="83" count="1" type="stmt"/>
          <line num="85" count="1" type="stmt"/>
        </file>
      </package>
      <package name="app.account.reset-password">
        <metrics statements="19" coveredstatements="19" conditionals="7" coveredconditionals="7" methods="5" coveredmethods="5"/>
        <file name="reset-password.vue" path="/Users/sktifa/workspace/simple-sample/src/main/webapp/app/account/reset-password/reset-password.vue">
          <metrics statements="19" coveredstatements="19" conditionals="7" coveredconditionals="7" methods="5" coveredmethods="5"/>
          <line num="1" count="1" type="stmt"/>
          <line num="2" count="1" type="stmt"/>
          <line num="3" count="1" type="stmt"/>
          <line num="4" count="1" type="stmt"/>
          <line num="6" count="1" type="stmt"/>
          <line num="21" count="4" type="cond" truecount="3" falsecount="0"/>
          <line num="24" count="1" type="stmt"/>
          <line num="25" count="4" type="stmt"/>
          <line num="26" count="4" type="stmt"/>
          <line num="27" count="4" type="stmt"/>
          <line num="28" count="4" type="stmt"/>
          <line num="32" count="3" type="stmt"/>
          <line num="33" count="3" type="stmt"/>
          <line num="36" count="1" type="stmt"/>
          <line num="39" count="2" type="stmt"/>
          <line num="40" count="2" type="cond" truecount="4" falsecount="0"/>
          <line num="41" count="1" type="stmt"/>
          <line num="43" count="1" type="stmt"/>
          <line num="47" count="1" type="stmt"/>
        </file>
      </package>
      <package name="app.account.settings">
        <metrics statements="29" coveredstatements="29" conditionals="7" coveredconditionals="7" methods="5" coveredmethods="5"/>
        <file name="settings.vue" path="/Users/sktifa/workspace/simple-sample/src/main/webapp/app/account/settings/settings.vue">
          <metrics statements="29" coveredstatements="29" conditionals="7" coveredconditionals="7" methods="5" coveredmethods="5"/>
          <line num="1" count="1" type="stmt"/>
          <line num="2" count="1" type="stmt"/>
          <line num="4" count="1" type="stmt"/>
          <line num="5" count="1" type="stmt"/>
          <line num="7" count="1" type="stmt"/>
          <line num="28" count="6" type="cond" truecount="3" falsecount="0"/>
          <line num="31" count="1" type="stmt"/>
          <line num="32" count="6" type="stmt"/>
          <line num="33" count="6" type="stmt"/>
          <line num="34" count="6" type="stmt"/>
          <line num="35" count="6" type="stmt"/>
          <line num="37" count="1" type="stmt"/>
          <line num="39" count="5" type="stmt"/>
          <line num="40" count="5" type="stmt"/>
          <line num="41" count="5" type="stmt"/>
          <line num="42" count="5" type="stmt"/>
          <line num="45" count="2" type="stmt"/>
          <line num="46" count="2" type="stmt"/>
          <line num="47" count="2" type="stmt"/>
          <line num="50" count="3" type="stmt"/>
          <line num="51" count="3" type="stmt"/>
          <line num="52" count="3" type="cond" truecount="4" falsecount="0"/>
          <line num="53" count="1" type="stmt"/>
          <line num="54" count="1" type="stmt"/>
          <line num="59" count="1" type="stmt"/>
          <line num="60" count="6" type="stmt"/>
          <line num="63" count="1" type="stmt"/>
          <line num="64" count="6" type="stmt"/>
          <line num="66" count="1" type="stmt"/>
        </file>
      </package>
      <package name="app.admin.audits">
        <metrics statements="69" coveredstatements="65" conditionals="15" coveredconditionals="13" methods="17" coveredmethods="16"/>
        <file name="audits.service.ts" path="/Users/sktifa/workspace/simple-sample/src/main/webapp/app/admin/audits/audits.service.ts">
          <metrics statements="13" coveredstatements="13" conditionals="2" coveredconditionals="2" methods="5" coveredmethods="5"/>
          <line num="1" count="1" type="stmt"/>
          <line num="3" count="1" type="stmt"/>
          <line num="7" count="7" type="stmt"/>
          <line num="10" count="1" type="stmt"/>
          <line num="11" count="7" type="stmt"/>
          <line num="12" count="14" type="stmt"/>
          <line num="13" count="14" type="cond" truecount="2" falsecount="0"/>
          <line num="14" count="7" type="stmt"/>
          <line num="16" count="14" type="stmt"/>
          <line num="18" count="7" type="stmt"/>
          <line num="19" count="7" type="stmt"/>
          <line num="21" count="7" type="stmt"/>
          <line num="24" count="1" type="stmt"/>
        </file>
        <file name="audits.vue" path="/Users/sktifa/workspace/simple-sample/src/main/webapp/app/admin/audits/audits.vue">
          <metrics statements="56" coveredstatements="52" conditionals="13" coveredconditionals="11" methods="12" coveredmethods="11"/>
          <line num="1" count="1" type="stmt"/>
          <line num="3" count="1" type="stmt"/>
          <line num="5" count="5" type="cond" truecount="3" falsecount="0"/>
          <line num="6" count="2" type="stmt"/>
          <line num="7" count="5" type="stmt"/>
          <line num="8" count="5" type="stmt"/>
          <line num="9" count="5" type="stmt"/>
          <line num="10" count="5" type="stmt"/>
          <line num="11" count="5" type="stmt"/>
          <line num="12" count="5" type="stmt"/>
          <line num="13" count="5" type="stmt"/>
          <line num="14" count="5" type="stmt"/>
          <line num="15" count="5" type="stmt"/>
          <line num="16" count="5" type="stmt"/>
          <line num="17" count="5" type="stmt"/>
          <line num="19" count="1" type="stmt"/>
          <line num="21" count="1" type="stmt"/>
          <line num="22" count="5" type="stmt"/>
          <line num="25" count="1" type="stmt"/>
          <line num="26" count="7" type="stmt"/>
          <line num="27" count="7" type="stmt"/>
          <line num="28" count="7" type="stmt"/>
          <line num="31" count="1" type="stmt"/>
          <line num="32" count="8" type="stmt"/>
          <line num="33" count="8" type="stmt"/>
          <line num="35" count="8" type="cond" truecount="1" falsecount="1"/>
          <line num="36" count="8" type="stmt"/>
          <line num="38" count="0" type="stmt"/>
          <line num="41" count="8" type="stmt"/>
          <line num="44" count="1" type="stmt"/>
          <line num="45" count="8" type="stmt"/>
          <line num="47" count="8" type="stmt"/>
          <line num="48" count="8" type="stmt"/>
          <line num="49" count="8" type="stmt"/>
          <line num="51" count="8" type="stmt"/>
          <line num="54" count="12" type="stmt"/>
          <line num="55" count="12" type="cond" truecount="4" falsecount="0"/>
          <line num="56" count="7" type="stmt"/>
          <line num="65" count="7" type="stmt"/>
          <line num="66" count="7" type="stmt"/>
          <line num="67" count="7" type="stmt"/>
          <line num="72" count="1" type="stmt"/>
          <line num="73" count="7" type="cond" truecount="1" falsecount="1"/>
          <line num="74" count="7" type="stmt"/>
          <line num="75" count="7" type="stmt"/>
          <line num="78" count="1" type="stmt"/>
          <line num="79" count="11" type="cond" truecount="2" falsecount="0"/>
          <line num="80" count="5" type="stmt"/>
          <line num="81" count="5" type="stmt"/>
          <line num="85" count="1" type="stmt"/>
          <line num="86" count="5" type="stmt"/>
          <line num="89" count="1" type="stmt"/>
          <line num="90" count="0" type="stmt"/>
          <line num="91" count="0" type="stmt"/>
          <line num="92" count="0" type="stmt"/>
          <line num="94" count="1" type="stmt"/>
        </file>
      </package>
      <package name="app.admin.configuration">
        <metrics statements="61" coveredstatements="46" conditionals="19" coveredconditionals="7" methods="17" coveredmethods="15"/>
        <file name="configuration.service.ts" path="/Users/sktifa/workspace/simple-sample/src/main/webapp/app/admin/configuration/configuration.service.ts">
          <metrics statements="34" coveredstatements="23" conditionals="12" coveredconditionals="2" methods="9" coveredmethods="8"/>
          <line num="1" count="1" type="stmt"/>
          <line num="3" count="1" type="stmt"/>
          <line num="4" count="5" type="stmt"/>
          <line num="5" count="5" type="stmt"/>
          <line num="6" count="5" type="stmt"/>
          <line num="7" count="5" type="stmt"/>
          <line num="8" count="5" type="stmt"/>
          <line num="9" count="5" type="stmt"/>
          <line num="10" count="0" type="cond" truecount="0" falsecount="2"/>
          <line num="11" count="0" type="stmt"/>
          <line num="15" count="5" type="stmt"/>
          <line num="16" count="0" type="cond" truecount="0" falsecount="4"/>
          <line num="18" count="5" type="stmt"/>
          <line num="23" count="1" type="stmt"/>
          <line num="24" count="5" type="stmt"/>
          <line num="25" count="5" type="stmt"/>
          <line num="26" count="5" type="stmt"/>
          <line num="27" count="5" type="stmt"/>
          <line num="29" count="5" type="stmt"/>
          <line num="30" count="0" type="stmt"/>
          <line num="31" count="0" type="stmt"/>
          <line num="32" count="0" type="stmt"/>
          <line num="33" count="0" type="stmt"/>
          <line num="34" count="0" type="cond" truecount="0" falsecount="2"/>
          <line num="35" count="0" type="stmt"/>
          <line num="38" count="0" type="stmt"/>
          <line num="40" count="5" type="stmt"/>
          <line num="45" count="1" type="stmt"/>
          <line num="47" count="5" type="cond" truecount="1" falsecount="1"/>
          <line num="48" count="5" type="stmt"/>
          <line num="52" count="5" type="cond" truecount="1" falsecount="1"/>
          <line num="53" count="5" type="stmt"/>
          <line num="58" count="0" type="stmt"/>
          <line num="60" count="1" type="stmt"/>
        </file>
        <file name="configuration.vue" path="/Users/sktifa/workspace/simple-sample/src/main/webapp/app/admin/configuration/configuration.vue">
          <metrics statements="27" coveredstatements="23" conditionals="7" coveredconditionals="5" methods="8" coveredmethods="7"/>
          <line num="1" count="1" type="stmt"/>
          <line num="2" count="1" type="stmt"/>
          <line num="5" count="4" type="cond" truecount="3" falsecount="0"/>
          <line num="6" count="2" type="stmt"/>
          <line num="7" count="4" type="stmt"/>
          <line num="8" count="4" type="stmt"/>
          <line num="9" count="4" type="stmt"/>
          <line num="10" count="4" type="stmt"/>
          <line num="11" count="4" type="stmt"/>
          <line num="12" count="4" type="stmt"/>
          <line num="14" count="1" type="stmt"/>
          <line num="16" count="1" type="stmt"/>
          <line num="17" count="4" type="stmt"/>
          <line num="20" count="5" type="stmt"/>
          <line num="21" count="5" type="stmt"/>
          <line num="24" count="5" type="stmt"/>
          <line num="26" count="5" type="stmt"/>
          <line num="27" count="0" type="cond" truecount="0" falsecount="2"/>
          <line num="28" count="0" type="stmt"/>
          <line num="33" count="5" type="stmt"/>
          <line num="36" count="5" type="stmt"/>
          <line num="40" count="1" type="stmt"/>
          <line num="41" count="0" type="stmt"/>
          <line num="42" count="0" type="stmt"/>
          <line num="45" count="1" type="stmt"/>
          <line num="46" count="8" type="cond" truecount="2" falsecount="0"/>
          <line num="48" count="1" type="stmt"/>
        </file>
      </package>
      <package name="app.admin.docs">
        <metrics statements="2" coveredstatements="2" conditionals="0" coveredconditionals="0" methods="1" coveredmethods="1"/>
        <file name="docs.vue" path="/Users/sktifa/workspace/simple-sample/src/main/webapp/app/admin/docs/docs.vue">
          <metrics statements="2" coveredstatements="2" conditionals="0" coveredconditionals="0" methods="1" coveredmethods="1"/>
          <line num="1" count="1" type="stmt"/>
          <line num="4" count="4" type="stmt"/>
        </file>
      </package>
      <package name="app.admin.health">
        <metrics statements="120" coveredstatements="104" conditionals="58" coveredconditionals="43" methods="25" coveredmethods="21"/>
        <file name="health-modal.vue" path="/Users/sktifa/workspace/simple-sample/src/main/webapp/app/admin/health/health-modal.vue">
          <metrics statements="18" coveredstatements="8" conditionals="6" coveredconditionals="0" methods="4" coveredmethods="1"/>
          <line num="2" count="1" type="stmt"/>
          <line num="5" count="2" type="stmt"/>
          <line num="7" count="1" type="stmt"/>
          <line num="9" count="1" type="stmt"/>
          <line num="11" count="1" type="stmt"/>
          <line num="12" count="0" type="stmt"/>
          <line num="15" count="1" type="stmt"/>
          <line num="16" count="0" type="stmt"/>
          <line num="19" count="1" type="stmt"/>
          <line num="20" count="0" type="cond" truecount="0" falsecount="2"/>
          <line num="22" count="0" type="stmt"/>
          <line num="23" count="0" type="cond" truecount="0" falsecount="2"/>
          <line num="25" count="0" type="stmt"/>
          <line num="27" count="0" type="stmt"/>
          <line num="31" count="0" type="cond" truecount="0" falsecount="2"/>
          <line num="32" count="0" type="stmt"/>
          <line num="34" count="0" type="stmt"/>
          <line num="37" count="1" type="stmt"/>
        </file>
        <file name="health.service.ts" path="/Users/sktifa/workspace/simple-sample/src/main/webapp/app/admin/health/health.service.ts">
          <metrics statements="72" coveredstatements="70" conditionals="45" coveredconditionals="37" methods="11" coveredmethods="11"/>
          <line num="1" count="2" type="stmt"/>
          <line num="3" count="2" type="stmt"/>
          <line num="8" count="28" type="stmt"/>
          <line num="9" count="28" type="stmt"/>
          <line num="12" count="2" type="stmt"/>
          <line num="13" count="10" type="stmt"/>
          <line num="16" count="2" type="stmt"/>
          <line num="17" count="14" type="stmt"/>
          <line num="18" count="14" type="stmt"/>
          <line num="19" count="5" type="stmt"/>
          <line num="22" count="2" type="stmt"/>
          <line num="23" count="2" type="cond" truecount="1" falsecount="1"/>
          <line num="24" count="2" type="stmt"/>
          <line num="25" count="2" type="stmt"/>
          <line num="29" count="2" type="stmt"/>
          <line num="30" count="2" type="cond" truecount="1" falsecount="1"/>
          <line num="31" count="2" type="stmt"/>
          <line num="32" count="2" type="stmt"/>
          <line num="33" count="2" type="stmt"/>
          <line num="34" count="2" type="cond" truecount="2" falsecount="0"/>
          <line num="38" count="2" type="stmt"/>
          <line num="39" count="17" type="stmt"/>
          <line num="45" count="17" type="stmt"/>
          <line num="46" count="17" type="stmt"/>
          <line num="48" count="17" type="stmt"/>
          <line num="49" count="46" type="cond" truecount="1" falsecount="1"/>
          <line num="50" count="46" type="stmt"/>
          <line num="51" count="46" type="cond" truecount="4" falsecount="0"/>
          <line num="52" count="25" type="stmt"/>
          <line num="54" count="21" type="cond" truecount="2" falsecount="0"/>
          <line num="55" count="15" type="stmt"/>
          <line num="56" count="15" type="stmt"/>
          <line num="63" count="17" type="cond" truecount="2" falsecount="0"/>
          <line num="64" count="11" type="stmt"/>
          <line num="68" count="17" type="cond" truecount="5" falsecount="0"/>
          <line num="69" count="16" type="stmt"/>
          <line num="71" count="17" type="stmt"/>
          <line num="74" count="2" type="stmt"/>
          <line num="75" count="8" type="stmt"/>
          <line num="76" count="26" type="cond" truecount="1" falsecount="1"/>
          <line num="77" count="26" type="stmt"/>
          <line num="78" count="26" type="cond" truecount="2" falsecount="0"/>
          <line num="79" count="17" type="cond" truecount="2" falsecount="0"/>
          <line num="80" count="3" type="stmt"/>
          <line num="81" count="3" type="stmt"/>
          <line num="83" count="14" type="stmt"/>
          <line num="88" count="8" type="stmt"/>
          <line num="91" count="2" type="stmt"/>
          <line num="93" count="20" type="cond" truecount="4" falsecount="0"/>
          <line num="94" count="6" type="stmt"/>
          <line num="95" count="14" type="cond" truecount="1" falsecount="1"/>
          <line num="96" count="0" type="stmt"/>
          <line num="97" count="14" type="cond" truecount="1" falsecount="1"/>
          <line num="98" count="14" type="stmt"/>
          <line num="100" count="0" type="stmt"/>
          <line num="102" count="20" type="stmt"/>
          <line num="105" count="2" type="stmt"/>
          <line num="106" count="17" type="stmt"/>
          <line num="108" count="17" type="stmt"/>
          <line num="109" count="46" type="cond" truecount="1" falsecount="1"/>
          <line num="110" count="46" type="stmt"/>
          <line num="111" count="46" type="cond" truecount="4" falsecount="0"/>
          <line num="112" count="6" type="stmt"/>
          <line num="116" count="17" type="stmt"/>
          <line num="119" count="2" type="stmt"/>
          <line num="120" count="47" type="stmt"/>
          <line num="122" count="47" type="stmt"/>
          <line num="123" count="294" type="cond" truecount="1" falsecount="1"/>
          <line num="124" count="294" type="cond" truecount="2" falsecount="0"/>
          <line num="125" count="23" type="stmt"/>
          <line num="129" count="47" type="stmt"/>
          <line num="131" count="2" type="stmt"/>
        </file>
        <file name="health.vue" path="/Users/sktifa/workspace/simple-sample/src/main/webapp/app/admin/health/health.vue">
          <metrics statements="30" coveredstatements="26" conditionals="7" coveredconditionals="6" methods="10" coveredmethods="9"/>
          <line num="2" count="1" type="stmt"/>
          <line num="3" count="1" type="stmt"/>
          <line num="5" count="8" type="cond" truecount="3" falsecount="0"/>
          <line num="10" count="1" type="stmt"/>
          <line num="11" count="8" type="stmt"/>
          <line num="12" count="8" type="stmt"/>
          <line num="13" count="8" type="stmt"/>
          <line num="15" count="1" type="stmt"/>
          <line num="17" count="1" type="stmt"/>
          <line num="18" count="8" type="stmt"/>
          <line num="21" count="1" type="stmt"/>
          <line num="22" count="2" type="stmt"/>
          <line num="25" count="1" type="stmt"/>
          <line num="26" count="2" type="cond" truecount="2" falsecount="0"/>
          <line num="27" count="1" type="stmt"/>
          <line num="29" count="1" type="stmt"/>
          <line num="33" count="10" type="stmt"/>
          <line num="34" count="10" type="stmt"/>
          <line num="35" count="10" type="stmt"/>
          <line num="38" count="9" type="stmt"/>
          <line num="39" count="0" type="stmt"/>
          <line num="42" count="10" type="cond" truecount="1" falsecount="1"/>
          <line num="43" count="0" type="stmt"/>
          <line num="45" count="10" type="stmt"/>
          <line num="49" count="1" type="stmt"/>
          <line num="50" count="0" type="stmt"/>
          <line num="51" count="0" type="stmt"/>
          <line num="54" count="1" type="stmt"/>
          <line num="55" count="2" type="stmt"/>
          <line num="57" count="1" type="stmt"/>
        </file>
      </package>
      <package name="app.admin.logs">
        <metrics statements="29" coveredstatements="29" conditionals="3" coveredconditionals="3" methods="11" coveredmethods="11"/>
        <file name="logs.service.ts" path="/Users/sktifa/workspace/simple-sample/src/main/webapp/app/admin/logs/logs.service.ts">
          <metrics statements="9" coveredstatements="9" conditionals="0" coveredconditionals="0" methods="3" coveredmethods="3"/>
          <line num="1" count="1" type="stmt"/>
          <line num="2" count="1" type="stmt"/>
          <line num="3" count="1" type="stmt"/>
          <line num="6" count="1" type="stmt"/>
          <line num="7" count="1" type="stmt"/>
          <line num="8" count="1" type="stmt"/>
          <line num="11" count="1" type="stmt"/>
          <line num="12" count="7" type="stmt"/>
          <line num="14" count="1" type="stmt"/>
        </file>
        <file name="logs.vue" path="/Users/sktifa/workspace/simple-sample/src/main/webapp/app/admin/logs/logs.vue">
          <metrics statements="20" coveredstatements="20" conditionals="3" coveredconditionals="3" methods="8" coveredmethods="8"/>
          <line num="1" count="1" type="stmt"/>
          <line num="5" count="5" type="cond" truecount="3" falsecount="0"/>
          <line num="6" count="2" type="stmt"/>
          <line num="8" count="1" type="stmt"/>
          <line num="9" count="5" type="stmt"/>
          <line num="10" count="5" type="stmt"/>
          <line num="11" count="5" type="stmt"/>
          <line num="12" count="5" type="stmt"/>
          <line num="14" count="1" type="stmt"/>
          <line num="15" count="5" type="stmt"/>
          <line num="18" count="7" type="stmt"/>
          <line num="19" count="7" type="stmt"/>
          <line num="22" count="7" type="stmt"/>
          <line num="26" count="1" type="stmt"/>
          <line num="27" count="1" type="stmt"/>
          <line num="30" count="1" type="stmt"/>
          <line num="34" count="1" type="stmt"/>
          <line num="35" count="1" type="stmt"/>
          <line num="36" count="1" type="stmt"/>
          <line num="38" count="1" type="stmt"/>
        </file>
      </package>
      <package name="app.admin.metrics">
        <metrics statements="82" coveredstatements="79" conditionals="34" coveredconditionals="33" methods="20" coveredmethods="18"/>
        <file name="metrics-modal.vue" path="/Users/sktifa/workspace/simple-sample/src/main/webapp/app/admin/metrics/metrics-modal.vue">
          <metrics statements="29" coveredstatements="29" conditionals="21" coveredconditionals="21" methods="4" coveredmethods="4"/>
          <line num="1" count="2" type="stmt"/>
          <line num="3" count="7" type="cond" truecount="3" falsecount="0"/>
          <line num="4" count="4" type="stmt"/>
          <line num="6" count="2" type="stmt"/>
          <line num="8" count="7" type="stmt"/>
          <line num="10" count="2" type="stmt"/>
          <line num="11" count="8" type="stmt"/>
          <line num="18" count="8" type="cond" truecount="2" falsecount="0"/>
          <line num="19" count="1" type="stmt"/>
          <line num="20" count="6" type="cond" truecount="2" falsecount="0"/>
          <line num="21" count="1" type="stmt"/>
          <line num="22" count="5" type="cond" truecount="2" falsecount="0"/>
          <line num="23" count="1" type="stmt"/>
          <line num="24" count="4" type="cond" truecount="2" falsecount="0"/>
          <line num="25" count="1" type="stmt"/>
          <line num="26" count="3" type="cond" truecount="2" falsecount="0"/>
          <line num="27" count="2" type="stmt"/>
          <line num="30" count="1" type="stmt"/>
          <line num="32" count="8" type="stmt"/>
          <line num="35" count="2" type="stmt"/>
          <line num="36" count="17" type="cond" truecount="2" falsecount="0"/>
          <line num="37" count="3" type="stmt"/>
          <line num="38" count="14" type="cond" truecount="2" falsecount="0"/>
          <line num="39" count="3" type="stmt"/>
          <line num="40" count="11" type="cond" truecount="2" falsecount="0"/>
          <line num="41" count="3" type="stmt"/>
          <line num="42" count="8" type="cond" truecount="2" falsecount="0"/>
          <line num="43" count="5" type="stmt"/>
          <line num="46" count="2" type="stmt"/>
        </file>
        <file name="metrics.service.ts" path="/Users/sktifa/workspace/simple-sample/src/main/webapp/app/admin/metrics/metrics.service.ts">
          <metrics statements="8" coveredstatements="8" conditionals="0" coveredconditionals="0" methods="4" coveredmethods="4"/>
          <line num="1" count="1" type="stmt"/>
          <line num="3" count="1" type="stmt"/>
          <line num="7" count="6" type="stmt"/>
          <line num="10" count="1" type="stmt"/>
          <line num="11" count="5" type="stmt"/>
          <line num="14" count="1" type="stmt"/>
          <line num="15" count="1" type="stmt"/>
          <line num="17" count="1" type="stmt"/>
        </file>
        <file name="metrics.vue" path="/Users/sktifa/workspace/simple-sample/src/main/webapp/app/admin/metrics/metrics.vue">
          <metrics statements="45" coveredstatements="42" conditionals="13" coveredconditionals="12" methods="12" coveredmethods="10"/>
          <line num="1" count="1" type="stmt"/>
          <line num="2" count="1" type="stmt"/>
          <line num="4" count="1" type="stmt"/>
          <line num="6" count="4" type="cond" truecount="3" falsecount="0"/>
          <line num="11" count="1" type="stmt"/>
          <line num="12" count="4" type="stmt"/>
          <line num="13" count="4" type="stmt"/>
          <line num="14" count="4" type="stmt"/>
          <line num="15" count="4" type="stmt"/>
          <line num="16" count="4" type="stmt"/>
          <line num="17" count="4" type="stmt"/>
          <line num="19" count="1" type="stmt"/>
          <line num="21" count="1" type="stmt"/>
          <line num="22" count="4" type="stmt"/>
          <line num="25" count="5" type="stmt"/>
          <line num="26" count="5" type="stmt"/>
          <line num="27" count="5" type="stmt"/>
          <line num="30" count="5" type="stmt"/>
          <line num="31" count="5" type="stmt"/>
          <line num="32" count="5" type="stmt"/>
          <line num="33" count="5" type="stmt"/>
          <line num="34" count="5" type="stmt"/>
          <line num="35" count="2" type="stmt"/>
          <line num="36" count="2" type="cond" truecount="4" falsecount="0"/>
          <line num="37" count="1" type="stmt"/>
          <line num="40" count="5" type="stmt"/>
          <line num="41" count="2" type="cond" truecount="2" falsecount="0"/>
          <line num="42" count="1" type="stmt"/>
          <line num="44" count="1" type="stmt"/>
          <line num="45" count="1" type="stmt"/>
          <line num="48" count="1" type="stmt"/>
          <line num="57" count="1" type="stmt"/>
          <line num="58" count="1" type="cond" truecount="1" falsecount="1"/>
          <line num="59" count="0" type="stmt"/>
          <line num="61" count="1" type="stmt"/>
          <line num="64" count="1" type="stmt"/>
          <line num="68" count="1" type="stmt"/>
          <line num="69" count="2" type="cond" truecount="2" falsecount="0"/>
          <line num="70" count="1" type="stmt"/>
          <line num="72" count="1" type="stmt"/>
          <line num="75" count="1" type="stmt"/>
          <line num="76" count="0" type="stmt"/>
          <line num="79" count="1" type="stmt"/>
          <line num="80" count="0" type="stmt"/>
          <line num="82" count="1" type="stmt"/>
        </file>
      </package>
      <package name="app.admin.user-management">
        <metrics statements="124" coveredstatements="108" conditionals="25" coveredconditionals="14" methods="42" coveredmethods="35"/>
        <file name="user-management-edit.vue" path="/Users/sktifa/workspace/simple-sample/src/main/webapp/app/admin/user-management/user-management-edit.vue">
          <metrics statements="39" coveredstatements="31" conditionals="11" coveredconditionals="4" methods="14" coveredmethods="10"/>
          <line num="1" count="1" type="stmt"/>
          <line num="2" count="1" type="stmt"/>
          <line num="4" count="1" type="stmt"/>
          <line num="7" count="0" type="cond" truecount="0" falsecount="5"/>
          <line num="8" count="0" type="stmt"/>
          <line num="10" count="0" type="stmt"/>
          <line num="13" count="1" type="stmt"/>
          <line num="39" count="1" type="stmt"/>
          <line num="41" count="1" type="stmt"/>
          <line num="43" count="5" type="stmt"/>
          <line num="44" count="5" type="stmt"/>
          <line num="45" count="5" type="stmt"/>
          <line num="47" count="1" type="stmt"/>
          <line num="48" count="0" type="stmt"/>
          <line num="49" count="0" type="stmt"/>
          <line num="50" count="0" type="cond" truecount="0" falsecount="2"/>
          <line num="51" count="0" type="stmt"/>
          <line num="56" count="5" type="cond" truecount="2" falsecount="0"/>
          <line num="58" count="5" type="stmt"/>
          <line num="59" count="5" type="stmt"/>
          <line num="62" count="1" type="stmt"/>
          <line num="63" count="1" type="stmt"/>
          <line num="66" count="1" type="stmt"/>
          <line num="70" count="1" type="stmt"/>
          <line num="71" count="1" type="stmt"/>
          <line num="74" count="1" type="stmt"/>
          <line num="78" count="1" type="stmt"/>
          <line num="79" count="0" type="stmt"/>
          <line num="82" count="2" type="stmt"/>
          <line num="83" count="2" type="stmt"/>
          <line num="84" count="2" type="cond" truecount="2" falsecount="0"/>
          <line num="85" count="1" type="stmt"/>
          <line num="87" count="1" type="stmt"/>
          <line num="89" count="1" type="stmt"/>
          <line num="91" count="1" type="stmt"/>
          <line num="95" count="1" type="stmt"/>
          <line num="96" count="2" type="stmt"/>
          <line num="97" count="2" type="stmt"/>
          <line num="99" count="1" type="stmt"/>
        </file>
        <file name="user-management-view.vue" path="/Users/sktifa/workspace/simple-sample/src/main/webapp/app/admin/user-management/user-management-view.vue">
          <metrics statements="14" coveredstatements="11" conditionals="5" coveredconditionals="3" methods="6" coveredmethods="4"/>
          <line num="1" count="1" type="stmt"/>
          <line num="2" count="1" type="stmt"/>
          <line num="5" count="1" type="stmt"/>
          <line num="6" count="0" type="stmt"/>
          <line num="7" count="0" type="cond" truecount="0" falsecount="2"/>
          <line num="8" count="0" type="stmt"/>
          <line num="13" count="2" type="cond" truecount="3" falsecount="0"/>
          <line num="16" count="1" type="stmt"/>
          <line num="18" count="1" type="stmt"/>
          <line num="19" count="2" type="stmt"/>
          <line num="21" count="1" type="stmt"/>
          <line num="22" count="1" type="stmt"/>
          <line num="25" count="1" type="stmt"/>
          <line num="28" count="1" type="stmt"/>
        </file>
        <file name="user-management.service.ts" path="/Users/sktifa/workspace/simple-sample/src/main/webapp/app/admin/user-management/user-management.service.ts">
          <metrics statements="16" coveredstatements="16" conditionals="0" coveredconditionals="0" methods="7" coveredmethods="7"/>
          <line num="1" count="3" type="stmt"/>
          <line num="3" count="3" type="stmt"/>
          <line num="5" count="3" type="stmt"/>
          <line num="6" count="3" type="stmt"/>
          <line num="7" count="2" type="stmt"/>
          <line num="10" count="3" type="stmt"/>
          <line num="11" count="1" type="stmt"/>
          <line num="14" count="3" type="stmt"/>
          <line num="15" count="2" type="stmt"/>
          <line num="18" count="3" type="stmt"/>
          <line num="19" count="1" type="stmt"/>
          <line num="22" count="3" type="stmt"/>
          <line num="23" count="13" type="stmt"/>
          <line num="26" count="3" type="stmt"/>
          <line num="27" count="1" type="stmt"/>
          <line num="29" count="3" type="stmt"/>
        </file>
        <file name="user-management.vue" path="/Users/sktifa/workspace/simple-sample/src/main/webapp/app/admin/user-management/user-management.vue">
          <metrics statements="55" coveredstatements="50" conditionals="9" coveredconditionals="7" methods="15" coveredmethods="14"/>
          <line num="1" count="1" type="stmt"/>
          <line num="5" count="5" type="cond" truecount="3" falsecount="0"/>
          <line num="6" count="2" type="stmt"/>
          <line num="8" count="1" type="stmt"/>
          <line num="10" count="1" type="stmt"/>
          <line num="11" count="5" type="stmt"/>
          <line num="12" count="5" type="stmt"/>
          <line num="13" count="5" type="stmt"/>
          <line num="14" count="5" type="stmt"/>
          <line num="15" count="5" type="stmt"/>
          <line num="16" count="5" type="stmt"/>
          <line num="17" count="5" type="stmt"/>
          <line num="18" count="5" type="stmt"/>
          <line num="19" count="5" type="stmt"/>
          <line num="20" count="5" type="stmt"/>
          <line num="21" count="5" type="stmt"/>
          <line num="23" count="1" type="stmt"/>
          <line num="24" count="5" type="stmt"/>
          <line num="27" count="1" type="stmt"/>
          <line num="28" count="1" type="stmt"/>
          <line num="29" count="1" type="stmt"/>
          <line num="32" count="1" type="stmt"/>
          <line num="33" count="1" type="stmt"/>
          <line num="34" count="1" type="stmt"/>
          <line num="37" count="0" type="stmt"/>
          <line num="38" count="0" type="stmt"/>
          <line num="39" count="0" type="stmt"/>
          <line num="43" count="13" type="stmt"/>
          <line num="44" count="13" type="stmt"/>
          <line num="51" count="13" type="stmt"/>
          <line num="52" count="13" type="stmt"/>
          <line num="53" count="13" type="stmt"/>
          <line num="57" count="1" type="stmt"/>
          <line num="58" count="13" type="cond" truecount="1" falsecount="1"/>
          <line num="59" count="13" type="cond" truecount="1" falsecount="1"/>
          <line num="60" count="0" type="stmt"/>
          <line num="62" count="13" type="stmt"/>
          <line num="65" count="1" type="stmt"/>
          <line num="66" count="10" type="cond" truecount="2" falsecount="0"/>
          <line num="67" count="5" type="stmt"/>
          <line num="68" count="5" type="stmt"/>
          <line num="72" count="1" type="stmt"/>
          <line num="73" count="5" type="stmt"/>
          <line num="76" count="1" type="stmt"/>
          <line num="77" count="1" type="stmt"/>
          <line num="78" count="1" type="stmt"/>
          <line num="81" count="1" type="stmt"/>
          <line num="82" count="1" type="stmt"/>
          <line num="85" count="1" type="stmt"/>
          <line num="86" count="1" type="stmt"/>
          <line num="90" count="1" type="stmt"/>
          <line num="91" count="1" type="stmt"/>
          <line num="94" count="1" type="stmt"/>
          <line num="95" count="0" type="stmt"/>
          <line num="97" count="1" type="stmt"/>
        </file>
      </package>
      <package name="app.core.home">
        <metrics statements="12" coveredstatements="9" conditionals="0" coveredconditionals="0" methods="2" coveredmethods="1"/>
        <file name="home.vue" path="/Users/sktifa/workspace/simple-sample/src/main/webapp/app/core/home/home.vue">
          <metrics statements="12" coveredstatements="9" conditionals="0" coveredconditionals="0" methods="2" coveredmethods="1"/>
          <line num="1" count="1" type="stmt"/>
          <line num="2" count="1" type="stmt"/>
          <line num="7" count="2" type="stmt"/>
          <line num="9" count="1" type="stmt"/>
          <line num="11" count="1" type="stmt"/>
          <line num="13" count="1" type="stmt"/>
          <line num="14" count="0" type="stmt"/>
          <line num="17" count="1" type="stmt"/>
          <line num="18" count="0" type="stmt"/>
          <line num="21" count="1" type="stmt"/>
          <line num="22" count="0" type="stmt"/>
          <line num="24" count="1" type="stmt"/>
        </file>
      </package>
      <package name="app.core.jhi-footer">
        <metrics statements="2" coveredstatements="2" conditionals="0" coveredconditionals="0" methods="1" coveredmethods="1"/>
        <file name="jhi-footer.vue" path="/Users/sktifa/workspace/simple-sample/src/main/webapp/app/core/jhi-footer/jhi-footer.vue">
          <metrics statements="2" coveredstatements="2" conditionals="0" coveredconditionals="0" methods="1" coveredmethods="1"/>
          <line num="1" count="1" type="stmt"/>
          <line num="4" count="4" type="stmt"/>
        </file>
      </package>
      <package name="app.core.ribbon">
        <metrics statements="10" coveredstatements="10" conditionals="8" coveredconditionals="8" methods="4" coveredmethods="4"/>
        <file name="ribbon.vue" path="/Users/sktifa/workspace/simple-sample/src/main/webapp/app/core/ribbon/ribbon.vue">
          <metrics statements="10" coveredstatements="10" conditionals="8" coveredconditionals="8" methods="4" coveredmethods="4"/>
          <line num="1" count="1" type="stmt"/>
          <line num="2" count="1" type="stmt"/>
          <line num="4" count="5" type="cond" truecount="3" falsecount="0"/>
          <line num="5" count="2" type="stmt"/>
          <line num="6" count="5" type="stmt"/>
          <line num="8" count="5" type="stmt"/>
          <line num="9" count="5" type="stmt"/>
          <line num="10" count="5" type="cond" truecount="5" falsecount="0"/>
          <line num="11" count="1" type="stmt"/>
          <line num="15" count="1" type="stmt"/>
        </file>
      </package>
      <package name="app.locale">
        <metrics statements="17" coveredstatements="14" conditionals="10" coveredconditionals="7" methods="4" coveredmethods="4"/>
        <file name="translation.service.ts" path="/Users/sktifa/workspace/simple-sample/src/main/webapp/app/locale/translation.service.ts">
          <metrics statements="17" coveredstatements="14" conditionals="10" coveredconditionals="7" methods="4" coveredmethods="4"/>
          <line num="1" count="4" type="stmt"/>
          <line num="5" count="4" type="stmt"/>
          <line num="9" count="7" type="stmt"/>
          <line num="12" count="4" type="stmt"/>
          <line num="13" count="2" type="stmt"/>
          <line num="14" count="2" type="cond" truecount="1" falsecount="1"/>
          <line num="15" count="2" type="cond" truecount="4" falsecount="0"/>
          <line num="16" count="1" type="stmt"/>
          <line num="17" count="1" type="stmt"/>
          <line num="18" count="1" type="cond" truecount="1" falsecount="1"/>
          <line num="19" count="0" type="stmt"/>
          <line num="20" count="0" type="stmt"/>
          <line num="21" count="0" type="stmt"/>
          <line num="24" count="1" type="cond" truecount="1" falsecount="1"/>
          <line num="25" count="1" type="stmt"/>
          <line num="26" count="1" type="stmt"/>
          <line num="29" count="4" type="stmt"/>
        </file>
      </package>
      <package name="app.router">
        <metrics statements="22" coveredstatements="22" conditionals="0" coveredconditionals="0" methods="32" coveredmethods="2"/>
        <file name="index.ts" path="/Users/sktifa/workspace/simple-sample/src/main/webapp/app/router/index.ts">
          <metrics statements="22" coveredstatements="22" conditionals="0" coveredconditionals="0" methods="32" coveredmethods="2"/>
          <line num="1" count="4" type="stmt"/>
          <line num="2" count="4" type="stmt"/>
          <line num="3" count="4" type="stmt"/>
          <line num="8" count="4" type="stmt"/>
          <line num="9" count="4" type="stmt"/>
          <line num="10" count="4" type="stmt"/>
          <line num="11" count="4" type="stmt"/>
          <line num="12" count="4" type="stmt"/>
          <line num="13" count="4" type="stmt"/>
          <line num="14" count="4" type="stmt"/>
          <line num="15" count="4" type="stmt"/>
          <line num="16" count="4" type="stmt"/>
          <line num="17" count="4" type="stmt"/>
          <line num="18" count="4" type="stmt"/>
          <line num="19" count="4" type="stmt"/>
          <line num="20" count="4" type="stmt"/>
          <line num="21" count="4" type="stmt"/>
          <line num="22" count="4" type="stmt"/>
          <line num="23" count="4" type="stmt"/>
          <line num="24" count="4" type="stmt"/>
          <line num="28" count="4" type="stmt"/>
          <line num="31" count="4" type="stmt"/>
        </file>
      </package>
      <package name="app.shared.config">
        <metrics statements="169" coveredstatements="85" conditionals="56" coveredconditionals="2" methods="33" coveredmethods="14"/>
        <file name="axios-interceptor.ts" path="/Users/sktifa/workspace/simple-sample/src/main/webapp/app/shared/config/axios-interceptor.ts">
          <metrics statements="21" coveredstatements="11" conditionals="12" coveredconditionals="2" methods="4" coveredmethods="1"/>
          <line num="1" count="18" type="stmt"/>
          <line num="3" count="18" type="stmt"/>
          <line num="5" count="18" type="stmt"/>
          <line num="6" count="18" type="stmt"/>
          <line num="7" count="18" type="stmt"/>
          <line num="8" count="0" type="cond" truecount="0" falsecount="2"/>
          <line num="9" count="0" type="cond" truecount="0" falsecount="2"/>
          <line num="10" count="0" type="stmt"/>
          <line num="12" count="0" type="stmt"/>
          <line num="13" count="0" type="stmt"/>
          <line num="14" count="0" type="stmt"/>
          <line num="16" count="18" type="stmt"/>
          <line num="17" count="18" type="stmt"/>
          <line num="18" count="0" type="cond" truecount="0" falsecount="2"/>
          <line num="19" count="0" type="cond" truecount="0" falsecount="4"/>
          <line num="20" count="0" type="stmt"/>
          <line num="22" count="0" type="stmt"/>
          <line num="24" count="18" type="cond" truecount="2" falsecount="0"/>
          <line num="25" count="3" type="stmt"/>
          <line num="26" count="3" type="stmt"/>
          <line num="30" count="18" type="stmt"/>
        </file>
        <file name="config.ts" path="/Users/sktifa/workspace/simple-sample/src/main/webapp/app/shared/config/config.ts">
          <metrics statements="81" coveredstatements="66" conditionals="0" coveredconditionals="0" methods="22" coveredmethods="11"/>
          <line num="1" count="18" type="stmt"/>
          <line num="2" count="18" type="stmt"/>
          <line num="3" count="18" type="stmt"/>
          <line num="4" count="18" type="stmt"/>
          <line num="6" count="18" type="stmt"/>
          <line num="7" count="18" type="stmt"/>
          <line num="8" count="18" type="stmt"/>
          <line num="9" count="18" type="stmt"/>
          <line num="10" count="18" type="stmt"/>
          <line num="11" count="18" type="stmt"/>
          <line num="12" count="18" type="stmt"/>
          <line num="13" count="18" type="stmt"/>
          <line num="14" count="18" type="stmt"/>
          <line num="15" count="18" type="stmt"/>
          <line num="16" count="18" type="stmt"/>
          <line num="17" count="18" type="stmt"/>
          <line num="18" count="18" type="stmt"/>
          <line num="19" count="18" type="stmt"/>
          <line num="20" count="18" type="stmt"/>
          <line num="21" count="18" type="stmt"/>
          <line num="22" count="18" type="stmt"/>
          <line num="23" count="18" type="stmt"/>
          <line num="24" count="18" type="stmt"/>
          <line num="25" count="18" type="stmt"/>
          <line num="26" count="18" type="stmt"/>
          <line num="27" count="18" type="stmt"/>
          <line num="28" count="18" type="stmt"/>
          <line num="29" count="18" type="stmt"/>
          <line num="30" count="18" type="stmt"/>
          <line num="31" count="18" type="stmt"/>
          <line num="32" count="18" type="stmt"/>
          <line num="33" count="18" type="stmt"/>
          <line num="34" count="18" type="stmt"/>
          <line num="35" count="18" type="stmt"/>
          <line num="36" count="18" type="stmt"/>
          <line num="37" count="18" type="stmt"/>
          <line num="38" count="18" type="stmt"/>
          <line num="40" count="18" type="stmt"/>
          <line num="41" count="18" type="stmt"/>
          <line num="42" count="18" type="stmt"/>
          <line num="44" count="18" type="stmt"/>
          <line num="46" count="18" type="stmt"/>
          <line num="47" count="18" type="stmt"/>
          <line num="48" count="18" type="stmt"/>
          <line num="49" count="18" type="stmt"/>
          <line num="50" count="18" type="stmt"/>
          <line num="51" count="18" type="stmt"/>
          <line num="54" count="18" type="stmt"/>
          <line num="55" count="0" type="stmt"/>
          <line num="91" count="18" type="stmt"/>
          <line num="92" count="18" type="stmt"/>
          <line num="93" count="18" type="stmt"/>
          <line num="99" count="18" type="stmt"/>
          <line num="100" count="14" type="stmt"/>
          <line num="101" count="14" type="stmt"/>
          <line num="118" count="0" type="stmt"/>
          <line num="119" count="0" type="stmt"/>
          <line num="120" count="0" type="stmt"/>
          <line num="121" count="0" type="stmt"/>
          <line num="124" count="0" type="stmt"/>
          <line num="127" count="0" type="stmt"/>
          <line num="128" count="0" type="stmt"/>
          <line num="129" count="0" type="stmt"/>
          <line num="132" count="0" type="stmt"/>
          <line num="135" count="1" type="stmt"/>
          <line num="138" count="2" type="stmt"/>
          <line num="141" count="11" type="stmt"/>
          <line num="142" count="11" type="stmt"/>
          <line num="143" count="11" type="stmt"/>
          <line num="146" count="2" type="stmt"/>
          <line num="147" count="2" type="stmt"/>
          <line num="148" count="2" type="stmt"/>
          <line num="152" count="0" type="stmt"/>
          <line num="153" count="0" type="stmt"/>
          <line num="154" count="0" type="stmt"/>
          <line num="155" count="0" type="stmt"/>
          <line num="156" count="2" type="stmt"/>
          <line num="157" count="2" type="stmt"/>
          <line num="158" count="1" type="stmt"/>
          <line num="159" count="3" type="stmt"/>
          <line num="160" count="0" type="stmt"/>
        </file>
        <file name="formatter.ts" path="/Users/sktifa/workspace/simple-sample/src/main/webapp/app/shared/config/formatter.ts">
          <metrics statements="67" coveredstatements="8" conditionals="44" coveredconditionals="0" methods="7" coveredmethods="2"/>
          <line num="2" count="0" type="cond" truecount="0" falsecount="2"/>
          <line num="3" count="0" type="stmt"/>
          <line num="4" count="0" type="cond" truecount="0" falsecount="2"/>
          <line num="5" count="0" type="stmt"/>
          <line num="11" count="0" type="cond" truecount="0" falsecount="2"/>
          <line num="19" count="18" type="stmt"/>
          <line num="20" count="18" type="stmt"/>
          <line num="23" count="18" type="stmt"/>
          <line num="29" count="18" type="stmt"/>
          <line num="30" count="18" type="stmt"/>
          <line num="31" count="18" type="stmt"/>
          <line num="34" count="18" type="stmt"/>
          <line num="35" count="0" type="cond" truecount="0" falsecount="2"/>
          <line num="36" count="0" type="stmt"/>
          <line num="40" count="0" type="stmt"/>
          <line num="42" count="0" type="stmt"/>
          <line num="43" count="0" type="cond" truecount="0" falsecount="2"/>
          <line num="44" count="0" type="stmt"/>
          <line num="45" count="0" type="stmt"/>
          <line num="48" count="0" type="stmt"/>
          <line num="50" count="18" type="stmt"/>
          <line num="53" count="0" type="stmt"/>
          <line num="54" count="0" type="stmt"/>
          <line num="56" count="0" type="stmt"/>
          <line num="57" count="0" type="stmt"/>
          <line num="58" count="0" type="stmt"/>
          <line num="59" count="0" type="cond" truecount="0" falsecount="2"/>
          <line num="60" count="0" type="cond" truecount="0" falsecount="2"/>
          <line num="61" count="0" type="stmt"/>
          <line num="64" count="0" type="stmt"/>
          <line num="65" count="0" type="stmt"/>
          <line num="66" count="0" type="stmt"/>
          <line num="67" count="0" type="cond" truecount="0" falsecount="2"/>
          <line num="68" count="0" type="stmt"/>
          <line num="69" count="0" type="stmt"/>
          <line num="71" count="0" type="stmt"/>
          <line num="73" count="0" type="cond" truecount="0" falsecount="6"/>
          <line num="74" count="0" type="stmt"/>
          <line num="75" count="0" type="cond" truecount="0" falsecount="2"/>
          <line num="77" count="0" type="cond" truecount="0" falsecount="2"/>
          <line num="78" count="0" type="stmt"/>
          <line num="81" count="0" type="stmt"/>
          <line num="85" count="0" type="cond" truecount="0" falsecount="2"/>
          <line num="86" count="0" type="stmt"/>
          <line num="89" count="0" type="stmt"/>
          <line num="93" count="0" type="stmt"/>
          <line num="94" count="0" type="stmt"/>
          <line num="96" count="0" type="cond" truecount="0" falsecount="4"/>
          <line num="97" count="0" type="cond" truecount="0" falsecount="2"/>
          <line num="98" count="0" type="stmt"/>
          <line num="101" count="0" type="stmt"/>
          <line num="102" count="0" type="stmt"/>
          <line num="103" count="0" type="stmt"/>
          <line num="105" count="0" type="stmt"/>
          <line num="106" count="0" type="stmt"/>
          <line num="108" count="0" type="stmt"/>
          <line num="109" count="0" type="stmt"/>
          <line num="111" count="0" type="cond" truecount="0" falsecount="2"/>
          <line num="112" count="0" type="stmt"/>
          <line num="114" count="0" type="cond" truecount="0" falsecount="2"/>
          <line num="115" count="0" type="stmt"/>
          <line num="118" count="0" type="stmt"/>
          <line num="120" count="0" type="cond" truecount="0" falsecount="2"/>
          <line num="121" count="0" type="stmt"/>
          <line num="123" count="0" type="stmt"/>
          <line num="125" count="0" type="stmt"/>
          <line num="128" count="0" type="stmt"/>
        </file>
      </package>
      <package name="app.shared.date">
        <metrics statements="12" coveredstatements="11" conditionals="2" coveredconditionals="1" methods="2" coveredmethods="2"/>
        <file name="filters.ts" path="/Users/sktifa/workspace/simple-sample/src/main/webapp/app/shared/date/filters.ts">
          <metrics statements="12" coveredstatements="11" conditionals="2" coveredconditionals="1" methods="2" coveredmethods="2"/>
          <line num="1" count="18" type="stmt"/>
          <line num="2" count="18" type="stmt"/>
          <line num="4" count="18" type="stmt"/>
          <line num="5" count="18" type="stmt"/>
          <line num="7" count="18" type="stmt"/>
          <line num="8" count="18" type="stmt"/>
          <line num="9" count="18" type="stmt"/>
          <line num="11" count="18" type="stmt"/>
          <line num="12" count="18" type="stmt"/>
          <line num="13" count="3" type="cond" truecount="1" falsecount="1"/>
          <line num="14" count="0" type="stmt"/>
          <line num="16" count="3" type="stmt"/>
        </file>
      </package>
      <package name="app.shared.model">
        <metrics statements="15" coveredstatements="15" conditionals="0" coveredconditionals="0" methods="2" coveredmethods="2"/>
        <file name="user.model.ts" path="/Users/sktifa/workspace/simple-sample/src/main/webapp/app/shared/model/user.model.ts">
          <metrics statements="15" coveredstatements="15" conditionals="0" coveredconditionals="0" methods="2" coveredmethods="2"/>
          <line num="17" count="1" type="stmt"/>
          <line num="19" count="5" type="stmt"/>
          <line num="20" count="5" type="stmt"/>
          <line num="21" count="5" type="stmt"/>
          <line num="22" count="5" type="stmt"/>
          <line num="23" count="5" type="stmt"/>
          <line num="24" count="5" type="stmt"/>
          <line num="25" count="5" type="stmt"/>
          <line num="26" count="5" type="stmt"/>
          <line num="27" count="5" type="stmt"/>
          <line num="28" count="5" type="stmt"/>
          <line num="29" count="5" type="stmt"/>
          <line num="30" count="5" type="stmt"/>
          <line num="31" count="5" type="stmt"/>
          <line num="33" count="1" type="stmt"/>
        </file>
      </package>
      <package name="app.shared.sort">
        <metrics statements="9" coveredstatements="7" conditionals="4" coveredconditionals="2" methods="1" coveredmethods="1"/>
        <file name="sorts.ts" path="/Users/sktifa/workspace/simple-sample/src/main/webapp/app/shared/sort/sorts.ts">
          <metrics statements="9" coveredstatements="7" conditionals="4" coveredconditionals="2" methods="1" coveredmethods="1"/>
          <line num="1" count="3" type="stmt"/>
          <line num="2" count="13" type="cond" truecount="1" falsecount="1"/>
          <line num="3" count="13" type="stmt"/>
          <line num="4" count="13" type="stmt"/>
          <line num="5" count="13" type="cond" truecount="1" falsecount="1"/>
          <line num="6" count="0" type="stmt"/>
          <line num="8" count="13" type="stmt"/>
          <line num="10" count="13" type="stmt"/>
          <line num="12" count="0" type="stmt"/>
        </file>
      </package>
    </metrics>
  </project>
</coverage>
