{"/Users/sktifa/workspace/simple-sample/src/main/webapp/app/constants.ts": {"path":"/Users/sktifa/workspace/simple-sample/src/main/webapp/app/constants.ts","statementMap":{"0":{"start":{"line":5,"column":13},"end":{"line":5,"column":43}},"1":{"start":{"line":7,"column":13},"end":{"line":7,"column":57}},"2":{"start":{"line":8,"column":13},"end":{"line":8,"column":59}},"3":{"start":{"line":11,"column":13},"end":{"line":11,"column":68}},"4":{"start":{"line":12,"column":13},"end":{"line":12,"column":80}},"5":{"start":{"line":13,"column":13},"end":{"line":13,"column":80}},"6":{"start":{"line":14,"column":13},"end":{"line":14,"column":74}}},"fnMap":{},"branchMap":{},"s":{"0":18,"1":18,"2":18,"3":18,"4":18,"5":18,"6":18},"f":{},"b":{}}
,"/Users/sktifa/workspace/simple-sample/src/main/webapp/app/account/login-modal.service.ts": {"path":"/Users/sktifa/workspace/simple-sample/src/main/webapp/app/account/login-modal.service.ts","statementMap":{"0":{"start":{"line":3,"column":0},"end":{"line":7,"column":0}},"1":{"start":{"line":4,"column":9},"end":{"line":6,"column":3}},"2":{"start":{"line":5,"column":4},"end":{"line":5,"column":52}},"3":{"start":{"line":7,"column":0},"end":{"line":7,"column":1}}},"fnMap":{"0":{"name":"(anonymous_0)","decl":{"start":{"line":3,"column":0},"end":{"line":null,"column":-1}},"loc":{"start":{"line":3,"column":0},"end":{"line":3,"column":-1}}},"1":{"name":"(anonymous_2)","decl":{"start":{"line":4,"column":2},"end":{"line":4,"column":18}},"loc":{"start":{"line":4,"column":32},"end":{"line":6,"column":3}}}},"branchMap":{},"s":{"0":2,"1":2,"2":1,"3":2},"f":{"0":3,"1":1},"b":{}}
,"/Users/sktifa/workspace/simple-sample/src/main/webapp/app/account/principal.ts": {"path":"/Users/sktifa/workspace/simple-sample/src/main/webapp/app/account/principal.ts","statementMap":{"0":{"start":{"line":1,"column":0},"end":{"line":1,"column":25}},"1":{"start":{"line":7,"column":0},"end":{"line":74,"column":0}},"2":{"start":{"line":8,"column":22},"end":{"line":8,"column":39}},"3":{"start":{"line":8,"column":49},"end":{"line":8,"column":87}},"4":{"start":{"line":8,"column":97},"end":{"line":8,"column":110}},"5":{"start":{"line":8,"column":120},"end":{"line":8,"column":137}},"6":{"start":{"line":9,"column":4},"end":{"line":9,"column":16}},"7":{"start":{"line":12,"column":9},"end":{"line":17,"column":3}},"8":{"start":{"line":13,"column":18},"end":{"line":13,"column":118}},"9":{"start":{"line":14,"column":4},"end":{"line":16,"column":5}},"10":{"start":{"line":15,"column":6},"end":{"line":15,"column":29}},"11":{"start":{"line":19,"column":9},"end":{"line":40,"column":3}},"12":{"start":{"line":19,"column":2},"end":{"line":40,"column":2}},"13":{"start":{"line":20,"column":4},"end":{"line":20,"column":38}},"14":{"start":{"line":21,"column":4},"end":{"line":39,"column":9}},"15":{"start":{"line":24,"column":24},"end":{"line":24,"column":37}},"16":{"start":{"line":25,"column":8},"end":{"line":33,"column":9}},"17":{"start":{"line":26,"column":10},"end":{"line":26,"column":54}},"18":{"start":{"line":27,"column":10},"end":{"line":29,"column":11}},"19":{"start":{"line":28,"column":12},"end":{"line":28,"column":66}},"20":{"start":{"line":31,"column":10},"end":{"line":31,"column":38}},"21":{"start":{"line":32,"column":10},"end":{"line":32,"column":32}},"22":{"start":{"line":34,"column":8},"end":{"line":34,"column":68}},"23":{"start":{"line":37,"column":8},"end":{"line":37,"column":36}},"24":{"start":{"line":38,"column":8},"end":{"line":38,"column":30}},"25":{"start":{"line":42,"column":9},"end":{"line":57,"column":3}},"26":{"start":{"line":43,"column":4},"end":{"line":45,"column":5}},"27":{"start":{"line":44,"column":6},"end":{"line":44,"column":34}},"28":{"start":{"line":46,"column":4},"end":{"line":48,"column":5}},"29":{"start":{"line":47,"column":6},"end":{"line":47,"column":19}},"30":{"start":{"line":50,"column":4},"end":{"line":54,"column":5}},"31":{"start":{"line":51,"column":6},"end":{"line":53,"column":7}},"32":{"start":{"line":52,"column":8},"end":{"line":52,"column":20}},"33":{"start":{"line":56,"column":4},"end":{"line":56,"column":17}},"34":{"start":{"line":59,"column":2},"end":{"line":61,"column":3}},"35":{"start":{"line":60,"column":4},"end":{"line":60,"column":44}},"36":{"start":{"line":63,"column":2},"end":{"line":65,"column":3}},"37":{"start":{"line":64,"column":4},"end":{"line":64,"column":50}},"38":{"start":{"line":67,"column":2},"end":{"line":69,"column":3}},"39":{"start":{"line":68,"column":4},"end":{"line":68,"column":78}},"40":{"start":{"line":71,"column":9},"end":{"line":73,"column":3}},"41":{"start":{"line":72,"column":4},"end":{"line":72,"column":71}},"42":{"start":{"line":74,"column":0},"end":{"line":74,"column":1}}},"fnMap":{"0":{"name":"(anonymous_0)","decl":{"start":{"line":7,"column":0},"end":{"line":null,"column":-1}},"loc":{"start":{"line":7,"column":0},"end":{"line":7,"column":-1}}},"1":{"name":"Principal","decl":{"start":{"line":8,"column":2},"end":{"line":8,"column":21}},"loc":{"start":{"line":8,"column":137},"end":{"line":10,"column":3}}},"2":{"name":"(anonymous_2)","decl":{"start":{"line":12,"column":2},"end":{"line":null,"column":-1}},"loc":{"start":{"line":12,"column":2},"end":{"line":17,"column":3}}},"3":{"name":"(anonymous_3)","decl":{"start":{"line":19,"column":2},"end":{"line":null,"column":-1}},"loc":{"start":{"line":19,"column":2},"end":{"line":40,"column":3}}},"4":{"name":"(anonymous_4)","decl":{"start":{"line":23,"column":12},"end":{"line":23,"column":11}},"loc":{"start":{"line":23,"column":20},"end":{"line":35,"column":7}}},"5":{"name":"(anonymous_5)","decl":{"start":{"line":36,"column":13},"end":{"line":null,"column":-1}},"loc":{"start":{"line":36,"column":13},"end":{"line":39,"column":7}}},"6":{"name":"(anonymous_6)","decl":{"start":{"line":42,"column":2},"end":{"line":42,"column":24}},"loc":{"start":{"line":42,"column":41},"end":{"line":57,"column":3}}},"7":{"name":"(anonymous_7)","decl":{"start":{"line":59,"column":2},"end":{"line":null,"column":-1}},"loc":{"start":{"line":59,"column":2},"end":{"line":61,"column":3}}},"8":{"name":"(anonymous_8)","decl":{"start":{"line":63,"column":2},"end":{"line":null,"column":-1}},"loc":{"start":{"line":63,"column":2},"end":{"line":65,"column":3}}},"9":{"name":"(anonymous_9)","decl":{"start":{"line":67,"column":2},"end":{"line":null,"column":-1}},"loc":{"start":{"line":67,"column":2},"end":{"line":69,"column":3}}},"10":{"name":"(anonymous_10)","decl":{"start":{"line":71,"column":2},"end":{"line":71,"column":27}},"loc":{"start":{"line":71,"column":47},"end":{"line":73,"column":3}}}},"branchMap":{"0":{"loc":{"start":{"line":13,"column":18},"end":{"line":13,"column":65}},"type":"binary-expr","locations":[{"start":{"line":13,"column":18},"end":{"line":13,"column":65}},{"start":{"line":13,"column":69},"end":{"line":13,"column":118}}]},"1":{"loc":{"start":{"line":14,"column":4},"end":{"line":16,"column":5}},"type":"if","locations":[{"start":{"line":14,"column":4},"end":{"line":16,"column":5}},{"start":{"line":14,"column":4},"end":{"line":16,"column":5}}]},"2":{"loc":{"start":{"line":14,"column":8},"end":{"line":14,"column":35}},"type":"binary-expr","locations":[{"start":{"line":14,"column":8},"end":{"line":14,"column":35}},{"start":{"line":14,"column":39},"end":{"line":14,"column":64}},{"start":{"line":14,"column":68},"end":{"line":14,"column":73}}]},"3":{"loc":{"start":{"line":25,"column":8},"end":{"line":33,"column":9}},"type":"if","locations":[{"start":{"line":25,"column":8},"end":{"line":33,"column":9}},{"start":{"line":25,"column":8},"end":{"line":33,"column":9}}]},"4":{"loc":{"start":{"line":27,"column":10},"end":{"line":29,"column":11}},"type":"if","locations":[{"start":{"line":27,"column":10},"end":{"line":29,"column":11}},{"start":{"line":27,"column":10},"end":{"line":29,"column":11}}]},"5":{"loc":{"start":{"line":43,"column":4},"end":{"line":45,"column":5}},"type":"if","locations":[{"start":{"line":43,"column":4},"end":{"line":45,"column":5}},{"start":{"line":43,"column":4},"end":{"line":45,"column":5}}]},"6":{"loc":{"start":{"line":46,"column":4},"end":{"line":48,"column":5}},"type":"if","locations":[{"start":{"line":46,"column":4},"end":{"line":48,"column":5}},{"start":{"line":46,"column":4},"end":{"line":48,"column":5}}]},"7":{"loc":{"start":{"line":46,"column":8},"end":{"line":46,"column":27}},"type":"binary-expr","locations":[{"start":{"line":46,"column":8},"end":{"line":46,"column":27}},{"start":{"line":46,"column":31},"end":{"line":46,"column":52}}]},"8":{"loc":{"start":{"line":51,"column":6},"end":{"line":53,"column":7}},"type":"if","locations":[{"start":{"line":51,"column":6},"end":{"line":53,"column":7}},{"start":{"line":51,"column":6},"end":{"line":53,"column":7}}]},"9":{"loc":{"start":{"line":68,"column":40},"end":{"line":68,"column":72}},"type":"cond-expr","locations":[{"start":{"line":68,"column":40},"end":{"line":68,"column":72}},{"start":{"line":68,"column":75},"end":{"line":68,"column":77}}]}},"s":{"0":4,"1":4,"2":7,"3":7,"4":7,"5":7,"6":7,"7":4,"8":7,"9":7,"10":1,"11":4,"12":2,"13":2,"14":2,"15":2,"16":2,"17":0,"18":0,"19":0,"20":2,"21":2,"22":2,"23":0,"24":0,"25":4,"26":0,"27":0,"28":0,"29":0,"30":0,"31":0,"32":0,"33":0,"34":4,"35":0,"36":4,"37":0,"38":4,"39":6,"40":4,"41":2,"42":4},"f":{"0":4,"1":7,"2":7,"3":2,"4":2,"5":0,"6":0,"7":0,"8":0,"9":6,"10":2},"b":{"0":[7,6],"1":[1,6],"2":[7,1,1],"3":[0,2],"4":[0,0],"5":[0,0],"6":[0,0],"7":[0,0],"8":[0,0],"9":[6,0]}}
,"/Users/sktifa/workspace/simple-sample/src/main/webapp/app/account/activate/activate.service.ts": {"path":"/Users/sktifa/workspace/simple-sample/src/main/webapp/app/account/activate/activate.service.ts","statementMap":{"0":{"start":{"line":1,"column":0},"end":{"line":1,"column":44}},"1":{"start":{"line":3,"column":0},"end":{"line":13,"column":0}},"2":{"start":{"line":7,"column":4},"end":{"line":7,"column":23}},"3":{"start":{"line":10,"column":9},"end":{"line":12,"column":3}},"4":{"start":{"line":11,"column":4},"end":{"line":11,"column":53}},"5":{"start":{"line":13,"column":0},"end":{"line":13,"column":1}}},"fnMap":{"0":{"name":"(anonymous_0)","decl":{"start":{"line":3,"column":0},"end":{"line":null,"column":-1}},"loc":{"start":{"line":3,"column":0},"end":{"line":3,"column":-1}}},"1":{"name":"ActivateService","decl":{"start":{"line":6,"column":2},"end":{"line":null,"column":-1}},"loc":{"start":{"line":6,"column":2},"end":{"line":8,"column":3}}},"2":{"name":"(anonymous_2)","decl":{"start":{"line":10,"column":2},"end":{"line":10,"column":24}},"loc":{"start":{"line":10,"column":36},"end":{"line":12,"column":3}}}},"branchMap":{},"s":{"0":1,"1":1,"2":2,"3":1,"4":2,"5":1},"f":{"0":1,"1":2,"2":2},"b":{}}
,"/Users/sktifa/workspace/simple-sample/src/main/webapp/app/account/activate/activate.vue": {"path":"/Users/sktifa/workspace/simple-sample/src/main/webapp/app/account/activate/activate.vue","statementMap":{"0":{"start":{"line":1,"column":0},"end":{"line":null,"column":-1}},"1":{"start":{"line":2,"column":0},"end":{"line":null,"column":-1}},"2":{"start":{"line":7,"column":0},"end":{"line":41,"column":0}},"3":{"start":{"line":7,"column":0},"end":{"line":null,"column":-1}},"4":{"start":{"line":6,"column":0},"end":{"line":null,"column":-1}},"5":{"start":{"line":12,"column":0},"end":{"line":null,"column":-1}},"6":{"start":{"line":13,"column":0},"end":{"line":null,"column":-1}},"7":{"start":{"line":15,"column":0},"end":{"line":21,"column":0}},"8":{"start":{"line":16,"column":0},"end":{"line":20,"column":0}},"9":{"start":{"line":17,"column":0},"end":{"line":19,"column":0}},"10":{"start":{"line":18,"column":0},"end":{"line":null,"column":-1}},"11":{"start":{"line":23,"column":0},"end":{"line":36,"column":0}},"12":{"start":{"line":23,"column":0},"end":{"line":null,"column":-1}},"13":{"start":{"line":24,"column":0},"end":{"line":34,"column":0}},"14":{"start":{"line":28,"column":0},"end":{"line":null,"column":-1}},"15":{"start":{"line":29,"column":0},"end":{"line":null,"column":-1}},"16":{"start":{"line":32,"column":0},"end":{"line":null,"column":-1}},"17":{"start":{"line":33,"column":0},"end":{"line":null,"column":-1}},"18":{"start":{"line":38,"column":0},"end":{"line":40,"column":0}},"19":{"start":{"line":39,"column":0},"end":{"line":null,"column":-1}},"20":{"start":{"line":9,"column":0},"end":{"line":null,"column":-1}},"21":{"start":{"line":11,"column":0},"end":{"line":null,"column":-1}},"22":{"start":{"line":41,"column":0},"end":{"line":null,"column":-1}}},"fnMap":{"0":{"name":"(anonymous_3)","decl":{"start":{"line":7,"column":0},"end":{"line":null,"column":-1}},"loc":{"start":{"line":7,"column":0},"end":{"line":41,"column":0}}},"1":{"name":"Activate","decl":{"start":{"line":6,"column":0},"end":{"line":null,"column":-1}},"loc":{"start":{"line":6,"column":0},"end":{"line":41,"column":0}}},"2":{"name":"(anonymous_5)","decl":{"start":{"line":15,"column":0},"end":{"line":null,"column":-1}},"loc":{"start":{"line":15,"column":0},"end":{"line":21,"column":0}}},"3":{"name":"(anonymous_6)","decl":{"start":{"line":16,"column":0},"end":{"line":null,"column":-1}},"loc":{"start":{"line":16,"column":0},"end":{"line":20,"column":0}}},"4":{"name":"(anonymous_7)","decl":{"start":{"line":23,"column":0},"end":{"line":null,"column":-1}},"loc":{"start":{"line":23,"column":0},"end":{"line":36,"column":0}}},"5":{"name":"(anonymous_8)","decl":{"start":{"line":24,"column":0},"end":{"line":null,"column":-1}},"loc":{"start":{"line":24,"column":0},"end":{"line":30,"column":0}}},"6":{"name":"(anonymous_9)","decl":{"start":{"line":30,"column":0},"end":{"line":null,"column":-1}},"loc":{"start":{"line":30,"column":0},"end":{"line":34,"column":0}}},"7":{"name":"(anonymous_10)","decl":{"start":{"line":38,"column":0},"end":{"line":null,"column":-1}},"loc":{"start":{"line":38,"column":0},"end":{"line":40,"column":0}}}},"branchMap":{"0":{"loc":{"start":{"line":6,"column":0},"end":{"line":null,"column":-1}},"type":"binary-expr","locations":[{"start":{"line":6,"column":0},"end":{"line":null,"column":-1}},{"start":{"line":6,"column":0},"end":{"line":null,"column":-1}},{"start":{"line":6,"column":0},"end":{"line":null,"column":-1}}]},"1":{"loc":{"start":{"line":17,"column":0},"end":{"line":19,"column":0}},"type":"if","locations":[{"start":{"line":17,"column":0},"end":{"line":19,"column":0}},{"start":{"line":17,"column":0},"end":{"line":19,"column":0}}]}},"s":{"0":1,"1":1,"2":1,"3":2,"4":3,"5":3,"6":3,"7":1,"8":0,"9":0,"10":0,"11":1,"12":2,"13":2,"14":1,"15":1,"16":1,"17":1,"18":1,"19":0,"20":1,"21":1,"22":1},"f":{"0":1,"1":3,"2":0,"3":0,"4":2,"5":1,"6":1,"7":0},"b":{"0":[3,3,3],"1":[0,0]}}
,"/Users/sktifa/workspace/simple-sample/src/main/webapp/app/account/change-password/change-password.vue": {"path":"/Users/sktifa/workspace/simple-sample/src/main/webapp/app/account/change-password/change-password.vue","statementMap":{"0":{"start":{"line":1,"column":0},"end":{"line":null,"column":-1}},"1":{"start":{"line":2,"column":0},"end":{"line":null,"column":-1}},"2":{"start":{"line":3,"column":0},"end":{"line":null,"column":-1}},"3":{"start":{"line":4,"column":0},"end":{"line":null,"column":-1}},"4":{"start":{"line":5,"column":0},"end":{"line":null,"column":-1}},"5":{"start":{"line":8,"column":0},"end":{"line":null,"column":-1}},"6":{"start":{"line":32,"column":0},"end":{"line":70,"column":0}},"7":{"start":{"line":32,"column":0},"end":{"line":null,"column":-1}},"8":{"start":{"line":26,"column":0},"end":{"line":null,"column":-1}},"9":{"start":{"line":33,"column":0},"end":{"line":null,"column":-1}},"10":{"start":{"line":34,"column":0},"end":{"line":null,"column":-1}},"11":{"start":{"line":35,"column":0},"end":{"line":null,"column":-1}},"12":{"start":{"line":36,"column":0},"end":{"line":null,"column":-1}},"13":{"start":{"line":44,"column":0},"end":{"line":65,"column":0}},"14":{"start":{"line":44,"column":0},"end":{"line":null,"column":-1}},"15":{"start":{"line":45,"column":0},"end":{"line":64,"column":0}},"16":{"start":{"line":46,"column":0},"end":{"line":null,"column":-1}},"17":{"start":{"line":47,"column":0},"end":{"line":null,"column":-1}},"18":{"start":{"line":48,"column":0},"end":{"line":null,"column":-1}},"19":{"start":{"line":50,"column":0},"end":{"line":null,"column":-1}},"20":{"start":{"line":51,"column":0},"end":{"line":63,"column":0}},"21":{"start":{"line":57,"column":0},"end":{"line":null,"column":-1}},"22":{"start":{"line":58,"column":0},"end":{"line":null,"column":-1}},"23":{"start":{"line":61,"column":0},"end":{"line":null,"column":-1}},"24":{"start":{"line":62,"column":0},"end":{"line":null,"column":-1}},"25":{"start":{"line":67,"column":0},"end":{"line":null,"column":-1}},"26":{"start":{"line":68,"column":0},"end":{"line":null,"column":-1}},"27":{"start":{"line":42,"column":0},"end":{"line":null,"column":-1}},"28":{"start":{"line":32,"column":0},"end":{"line":26,"column":0}},"29":{"start":{"line":70,"column":0},"end":{"line":null,"column":-1}}},"fnMap":{"0":{"name":"(anonymous_3)","decl":{"start":{"line":32,"column":0},"end":{"line":null,"column":-1}},"loc":{"start":{"line":32,"column":0},"end":{"line":70,"column":0}}},"1":{"name":"ChangePassword","decl":{"start":{"line":26,"column":0},"end":{"line":null,"column":-1}},"loc":{"start":{"line":26,"column":0},"end":{"line":70,"column":0}}},"2":{"name":"(anonymous_5)","decl":{"start":{"line":44,"column":0},"end":{"line":null,"column":-1}},"loc":{"start":{"line":44,"column":0},"end":{"line":65,"column":0}}},"3":{"name":"(anonymous_6)","decl":{"start":{"line":52,"column":0},"end":{"line":null,"column":-1}},"loc":{"start":{"line":52,"column":0},"end":{"line":59,"column":0}}},"4":{"name":"(anonymous_7)","decl":{"start":{"line":59,"column":0},"end":{"line":null,"column":-1}},"loc":{"start":{"line":59,"column":0},"end":{"line":63,"column":0}}}},"branchMap":{"0":{"loc":{"start":{"line":26,"column":0},"end":{"line":null,"column":-1}},"type":"binary-expr","locations":[{"start":{"line":26,"column":0},"end":{"line":null,"column":-1}},{"start":{"line":26,"column":0},"end":{"line":null,"column":-1}},{"start":{"line":26,"column":0},"end":{"line":null,"column":-1}}]},"1":{"loc":{"start":{"line":45,"column":0},"end":{"line":64,"column":0}},"type":"if","locations":[{"start":{"line":45,"column":0},"end":{"line":64,"column":0}},{"start":{"line":45,"column":0},"end":{"line":64,"column":0}}]}},"s":{"0":1,"1":1,"2":1,"3":1,"4":1,"5":1,"6":1,"7":1,"8":4,"9":4,"10":4,"11":4,"12":4,"13":1,"14":3,"15":3,"16":1,"17":1,"18":1,"19":2,"20":2,"21":1,"22":1,"23":1,"24":1,"25":1,"26":0,"27":1,"28":1,"29":1},"f":{"0":1,"1":4,"2":3,"3":1,"4":1},"b":{"0":[4,4,4],"1":[1,2]}}
,"/Users/sktifa/workspace/simple-sample/src/main/webapp/app/account/login-form/login-form.vue": {"path":"/Users/sktifa/workspace/simple-sample/src/main/webapp/app/account/login-form/login-form.vue","statementMap":{"0":{"start":{"line":1,"column":0},"end":{"line":null,"column":-1}},"1":{"start":{"line":2,"column":0},"end":{"line":null,"column":-1}},"2":{"start":{"line":3,"column":0},"end":{"line":null,"column":-1}},"3":{"start":{"line":14,"column":0},"end":{"line":45,"column":0}},"4":{"start":{"line":14,"column":0},"end":{"line":null,"column":-1}},"5":{"start":{"line":7,"column":0},"end":{"line":null,"column":-1}},"6":{"start":{"line":15,"column":0},"end":{"line":null,"column":-1}},"7":{"start":{"line":16,"column":0},"end":{"line":null,"column":-1}},"8":{"start":{"line":17,"column":0},"end":{"line":null,"column":-1}},"9":{"start":{"line":18,"column":0},"end":{"line":null,"column":-1}},"10":{"start":{"line":23,"column":0},"end":{"line":44,"column":0}},"11":{"start":{"line":23,"column":0},"end":{"line":null,"column":-1}},"12":{"start":{"line":24,"column":0},"end":{"line":null,"column":-1}},"13":{"start":{"line":25,"column":0},"end":{"line":43,"column":0}},"14":{"start":{"line":28,"column":0},"end":{"line":null,"column":-1}},"15":{"start":{"line":29,"column":0},"end":{"line":36,"column":0}},"16":{"start":{"line":30,"column":0},"end":{"line":null,"column":-1}},"17":{"start":{"line":31,"column":0},"end":{"line":35,"column":0}},"18":{"start":{"line":32,"column":0},"end":{"line":null,"column":-1}},"19":{"start":{"line":34,"column":0},"end":{"line":null,"column":-1}},"20":{"start":{"line":37,"column":0},"end":{"line":null,"column":-1}},"21":{"start":{"line":38,"column":0},"end":{"line":null,"column":-1}},"22":{"start":{"line":39,"column":0},"end":{"line":null,"column":-1}},"23":{"start":{"line":42,"column":0},"end":{"line":null,"column":-1}},"24":{"start":{"line":21,"column":0},"end":{"line":null,"column":-1}},"25":{"start":{"line":14,"column":0},"end":{"line":7,"column":0}},"26":{"start":{"line":10,"column":0},"end":{"line":null,"column":-1}},"27":{"start":{"line":45,"column":0},"end":{"line":null,"column":-1}}},"fnMap":{"0":{"name":"(anonymous_3)","decl":{"start":{"line":14,"column":0},"end":{"line":null,"column":-1}},"loc":{"start":{"line":14,"column":0},"end":{"line":45,"column":0}}},"1":{"name":"LoginForm","decl":{"start":{"line":7,"column":0},"end":{"line":null,"column":-1}},"loc":{"start":{"line":7,"column":0},"end":{"line":45,"column":0}}},"2":{"name":"(anonymous_5)","decl":{"start":{"line":23,"column":0},"end":{"line":null,"column":-1}},"loc":{"start":{"line":23,"column":0},"end":{"line":44,"column":0}}},"3":{"name":"(anonymous_6)","decl":{"start":{"line":25,"column":0},"end":{"line":null,"column":-1}},"loc":{"start":{"line":25,"column":0},"end":{"line":40,"column":0}}},"4":{"name":"(anonymous_7)","decl":{"start":{"line":40,"column":0},"end":{"line":null,"column":-1}},"loc":{"start":{"line":40,"column":0},"end":{"line":43,"column":0}}},"5":{"name":"(anonymous_8)","decl":{"start":{"line":9,"column":0},"end":{"line":null,"column":-1}},"loc":{"start":{"line":9,"column":0},"end":{"line":11,"column":0}}}},"branchMap":{"0":{"loc":{"start":{"line":7,"column":0},"end":{"line":null,"column":-1}},"type":"binary-expr","locations":[{"start":{"line":7,"column":0},"end":{"line":null,"column":-1}},{"start":{"line":7,"column":0},"end":{"line":null,"column":-1}},{"start":{"line":7,"column":0},"end":{"line":null,"column":-1}}]},"1":{"loc":{"start":{"line":29,"column":0},"end":{"line":36,"column":0}},"type":"if","locations":[{"start":{"line":29,"column":0},"end":{"line":36,"column":0}},{"start":{"line":29,"column":0},"end":{"line":36,"column":0}}]},"2":{"loc":{"start":{"line":29,"column":0},"end":{"line":null,"column":-1}},"type":"binary-expr","locations":[{"start":{"line":29,"column":0},"end":{"line":null,"column":-1}},{"start":{"line":29,"column":0},"end":{"line":null,"column":-1}}]},"3":{"loc":{"start":{"line":31,"column":0},"end":{"line":35,"column":0}},"type":"if","locations":[{"start":{"line":31,"column":0},"end":{"line":35,"column":0}},{"start":{"line":31,"column":0},"end":{"line":35,"column":0}}]}},"s":{"0":1,"1":1,"2":1,"3":1,"4":1,"5":3,"6":3,"7":3,"8":3,"9":3,"10":1,"11":2,"12":2,"13":2,"14":1,"15":1,"16":1,"17":1,"18":1,"19":0,"20":1,"21":1,"22":1,"23":1,"24":1,"25":1,"26":0,"27":1},"f":{"0":1,"1":3,"2":2,"3":1,"4":1,"5":0},"b":{"0":[3,3,3],"1":[1,0],"2":[1,1],"3":[1,0]}}
,"/Users/sktifa/workspace/simple-sample/src/main/webapp/app/account/register/register.service.ts": {"path":"/Users/sktifa/workspace/simple-sample/src/main/webapp/app/account/register/register.service.ts","statementMap":{"0":{"start":{"line":1,"column":0},"end":{"line":1,"column":25}},"1":{"start":{"line":3,"column":0},"end":{"line":7,"column":0}},"2":{"start":{"line":4,"column":9},"end":{"line":6,"column":3}},"3":{"start":{"line":5,"column":4},"end":{"line":5,"column":47}},"4":{"start":{"line":7,"column":0},"end":{"line":7,"column":1}}},"fnMap":{"0":{"name":"(anonymous_0)","decl":{"start":{"line":3,"column":0},"end":{"line":null,"column":-1}},"loc":{"start":{"line":3,"column":0},"end":{"line":3,"column":-1}}},"1":{"name":"(anonymous_2)","decl":{"start":{"line":4,"column":2},"end":{"line":4,"column":28}},"loc":{"start":{"line":4,"column":41},"end":{"line":6,"column":3}}}},"branchMap":{},"s":{"0":1,"1":1,"2":1,"3":4,"4":1},"f":{"0":5,"1":4},"b":{}}
,"/Users/sktifa/workspace/simple-sample/src/main/webapp/app/account/register/register.vue": {"path":"/Users/sktifa/workspace/simple-sample/src/main/webapp/app/account/register/register.vue","statementMap":{"0":{"start":{"line":1,"column":0},"end":{"line":null,"column":-1}},"1":{"start":{"line":2,"column":0},"end":{"line":null,"column":-1}},"2":{"start":{"line":3,"column":0},"end":{"line":null,"column":-1}},"3":{"start":{"line":6,"column":0},"end":{"line":null,"column":-1}},"4":{"start":{"line":8,"column":0},"end":{"line":null,"column":-1}},"5":{"start":{"line":9,"column":0},"end":{"line":null,"column":-1}},"6":{"start":{"line":38,"column":0},"end":{"line":85,"column":0}},"7":{"start":{"line":38,"column":0},"end":{"line":null,"column":-1}},"8":{"start":{"line":35,"column":0},"end":{"line":null,"column":-1}},"9":{"start":{"line":43,"column":0},"end":{"line":null,"column":-1}},"10":{"start":{"line":48,"column":0},"end":{"line":null,"column":-1}},"11":{"start":{"line":49,"column":0},"end":{"line":null,"column":-1}},"12":{"start":{"line":50,"column":0},"end":{"line":null,"column":-1}},"13":{"start":{"line":51,"column":0},"end":{"line":null,"column":-1}},"14":{"start":{"line":52,"column":0},"end":{"line":null,"column":-1}},"15":{"start":{"line":53,"column":0},"end":{"line":null,"column":-1}},"16":{"start":{"line":55,"column":0},"end":{"line":80,"column":0}},"17":{"start":{"line":55,"column":0},"end":{"line":null,"column":-1}},"18":{"start":{"line":56,"column":0},"end":{"line":79,"column":0}},"19":{"start":{"line":57,"column":0},"end":{"line":null,"column":-1}},"20":{"start":{"line":59,"column":0},"end":{"line":null,"column":-1}},"21":{"start":{"line":60,"column":0},"end":{"line":null,"column":-1}},"22":{"start":{"line":61,"column":0},"end":{"line":null,"column":-1}},"23":{"start":{"line":62,"column":0},"end":{"line":null,"column":-1}},"24":{"start":{"line":63,"column":0},"end":{"line":null,"column":-1}},"25":{"start":{"line":64,"column":0},"end":{"line":78,"column":0}},"26":{"start":{"line":67,"column":0},"end":{"line":null,"column":-1}},"27":{"start":{"line":70,"column":0},"end":{"line":null,"column":-1}},"28":{"start":{"line":71,"column":0},"end":{"line":77,"column":0}},"29":{"start":{"line":72,"column":0},"end":{"line":null,"column":-1}},"30":{"start":{"line":73,"column":0},"end":{"line":77,"column":0}},"31":{"start":{"line":74,"column":0},"end":{"line":null,"column":-1}},"32":{"start":{"line":76,"column":0},"end":{"line":null,"column":-1}},"33":{"start":{"line":82,"column":0},"end":{"line":84,"column":0}},"34":{"start":{"line":83,"column":0},"end":{"line":null,"column":-1}},"35":{"start":{"line":40,"column":0},"end":{"line":null,"column":-1}},"36":{"start":{"line":42,"column":0},"end":{"line":null,"column":-1}},"37":{"start":{"line":38,"column":0},"end":{"line":35,"column":0}},"38":{"start":{"line":85,"column":0},"end":{"line":null,"column":-1}}},"fnMap":{"0":{"name":"(anonymous_3)","decl":{"start":{"line":38,"column":0},"end":{"line":null,"column":-1}},"loc":{"start":{"line":38,"column":0},"end":{"line":85,"column":0}}},"1":{"name":"Register","decl":{"start":{"line":35,"column":0},"end":{"line":null,"column":-1}},"loc":{"start":{"line":35,"column":0},"end":{"line":85,"column":0}}},"2":{"name":"(anonymous_5)","decl":{"start":{"line":55,"column":0},"end":{"line":null,"column":-1}},"loc":{"start":{"line":55,"column":0},"end":{"line":80,"column":0}}},"3":{"name":"(anonymous_6)","decl":{"start":{"line":64,"column":0},"end":{"line":null,"column":-1}},"loc":{"start":{"line":64,"column":0},"end":{"line":68,"column":0}}},"4":{"name":"(anonymous_7)","decl":{"start":{"line":68,"column":0},"end":{"line":null,"column":-1}},"loc":{"start":{"line":68,"column":0},"end":{"line":78,"column":0}}},"5":{"name":"(anonymous_8)","decl":{"start":{"line":82,"column":0},"end":{"line":null,"column":-1}},"loc":{"start":{"line":82,"column":0},"end":{"line":84,"column":0}}}},"branchMap":{"0":{"loc":{"start":{"line":35,"column":0},"end":{"line":null,"column":-1}},"type":"binary-expr","locations":[{"start":{"line":35,"column":0},"end":{"line":null,"column":-1}},{"start":{"line":35,"column":0},"end":{"line":null,"column":-1}},{"start":{"line":35,"column":0},"end":{"line":null,"column":-1}}]},"1":{"loc":{"start":{"line":56,"column":0},"end":{"line":79,"column":0}},"type":"if","locations":[{"start":{"line":56,"column":0},"end":{"line":79,"column":0}},{"start":{"line":56,"column":0},"end":{"line":79,"column":0}}]},"2":{"loc":{"start":{"line":71,"column":0},"end":{"line":77,"column":0}},"type":"if","locations":[{"start":{"line":71,"column":0},"end":{"line":77,"column":0}},{"start":{"line":71,"column":0},"end":{"line":77,"column":0}}]},"3":{"loc":{"start":{"line":71,"column":0},"end":{"line":null,"column":-1}},"type":"binary-expr","locations":[{"start":{"line":71,"column":0},"end":{"line":null,"column":-1}},{"start":{"line":71,"column":0},"end":{"line":null,"column":-1}}]},"4":{"loc":{"start":{"line":73,"column":0},"end":{"line":77,"column":0}},"type":"if","locations":[{"start":{"line":73,"column":0},"end":{"line":77,"column":0}},{"start":{"line":73,"column":0},"end":{"line":77,"column":0}}]},"5":{"loc":{"start":{"line":73,"column":0},"end":{"line":null,"column":-1}},"type":"binary-expr","locations":[{"start":{"line":73,"column":0},"end":{"line":null,"column":-1}},{"start":{"line":73,"column":0},"end":{"line":null,"column":-1}}]}},"s":{"0":1,"1":1,"2":1,"3":1,"4":1,"5":1,"6":1,"7":1,"8":8,"9":8,"10":8,"11":8,"12":8,"13":8,"14":8,"15":8,"16":1,"17":5,"18":5,"19":1,"20":4,"21":4,"22":4,"23":4,"24":4,"25":4,"26":1,"27":3,"28":3,"29":1,"30":2,"31":1,"32":1,"33":1,"34":1,"35":1,"36":1,"37":1,"38":1},"f":{"0":1,"1":8,"2":5,"3":1,"4":3,"5":1},"b":{"0":[8,8,8],"1":[1,4],"2":[1,2],"3":[3,3],"4":[1,1],"5":[2,2]}}
,"/Users/sktifa/workspace/simple-sample/src/main/webapp/app/account/reset-password/reset-password.vue": {"path":"/Users/sktifa/workspace/simple-sample/src/main/webapp/app/account/reset-password/reset-password.vue","statementMap":{"0":{"start":{"line":1,"column":0},"end":{"line":null,"column":-1}},"1":{"start":{"line":2,"column":0},"end":{"line":null,"column":-1}},"2":{"start":{"line":3,"column":0},"end":{"line":null,"column":-1}},"3":{"start":{"line":4,"column":0},"end":{"line":null,"column":-1}},"4":{"start":{"line":6,"column":0},"end":{"line":null,"column":-1}},"5":{"start":{"line":24,"column":0},"end":{"line":47,"column":0}},"6":{"start":{"line":24,"column":0},"end":{"line":null,"column":-1}},"7":{"start":{"line":21,"column":0},"end":{"line":null,"column":-1}},"8":{"start":{"line":25,"column":0},"end":{"line":null,"column":-1}},"9":{"start":{"line":26,"column":0},"end":{"line":null,"column":-1}},"10":{"start":{"line":27,"column":0},"end":{"line":null,"column":-1}},"11":{"start":{"line":28,"column":0},"end":{"line":null,"column":-1}},"12":{"start":{"line":32,"column":0},"end":{"line":46,"column":0}},"13":{"start":{"line":32,"column":0},"end":{"line":null,"column":-1}},"14":{"start":{"line":33,"column":0},"end":{"line":45,"column":0}},"15":{"start":{"line":36,"column":0},"end":{"line":null,"column":-1}},"16":{"start":{"line":39,"column":0},"end":{"line":null,"column":-1}},"17":{"start":{"line":40,"column":0},"end":{"line":44,"column":0}},"18":{"start":{"line":41,"column":0},"end":{"line":null,"column":-1}},"19":{"start":{"line":43,"column":0},"end":{"line":null,"column":-1}},"20":{"start":{"line":24,"column":0},"end":{"line":21,"column":0}},"21":{"start":{"line":47,"column":0},"end":{"line":null,"column":-1}}},"fnMap":{"0":{"name":"(anonymous_3)","decl":{"start":{"line":24,"column":0},"end":{"line":null,"column":-1}},"loc":{"start":{"line":24,"column":0},"end":{"line":47,"column":0}}},"1":{"name":"ResetPassword","decl":{"start":{"line":21,"column":0},"end":{"line":null,"column":-1}},"loc":{"start":{"line":21,"column":0},"end":{"line":47,"column":0}}},"2":{"name":"(anonymous_5)","decl":{"start":{"line":32,"column":0},"end":{"line":null,"column":-1}},"loc":{"start":{"line":32,"column":0},"end":{"line":46,"column":0}}},"3":{"name":"(anonymous_6)","decl":{"start":{"line":33,"column":0},"end":{"line":null,"column":-1}},"loc":{"start":{"line":33,"column":0},"end":{"line":37,"column":0}}},"4":{"name":"(anonymous_7)","decl":{"start":{"line":37,"column":0},"end":{"line":null,"column":-1}},"loc":{"start":{"line":37,"column":0},"end":{"line":45,"column":0}}}},"branchMap":{"0":{"loc":{"start":{"line":21,"column":0},"end":{"line":null,"column":-1}},"type":"binary-expr","locations":[{"start":{"line":21,"column":0},"end":{"line":null,"column":-1}},{"start":{"line":21,"column":0},"end":{"line":null,"column":-1}},{"start":{"line":21,"column":0},"end":{"line":null,"column":-1}}]},"1":{"loc":{"start":{"line":40,"column":0},"end":{"line":44,"column":0}},"type":"if","locations":[{"start":{"line":40,"column":0},"end":{"line":44,"column":0}},{"start":{"line":40,"column":0},"end":{"line":44,"column":0}}]},"2":{"loc":{"start":{"line":40,"column":0},"end":{"line":null,"column":-1}},"type":"binary-expr","locations":[{"start":{"line":40,"column":0},"end":{"line":null,"column":-1}},{"start":{"line":40,"column":0},"end":{"line":null,"column":-1}}]}},"s":{"0":1,"1":1,"2":1,"3":1,"4":1,"5":1,"6":1,"7":4,"8":4,"9":4,"10":4,"11":4,"12":1,"13":3,"14":3,"15":1,"16":2,"17":2,"18":1,"19":1,"20":1,"21":1},"f":{"0":1,"1":4,"2":3,"3":1,"4":2},"b":{"0":[4,4,4],"1":[1,1],"2":[2,1]}}
,"/Users/sktifa/workspace/simple-sample/src/main/webapp/app/account/settings/settings.vue": {"path":"/Users/sktifa/workspace/simple-sample/src/main/webapp/app/account/settings/settings.vue","statementMap":{"0":{"start":{"line":1,"column":0},"end":{"line":null,"column":-1}},"1":{"start":{"line":2,"column":0},"end":{"line":null,"column":-1}},"2":{"start":{"line":4,"column":0},"end":{"line":null,"column":-1}},"3":{"start":{"line":5,"column":0},"end":{"line":null,"column":-1}},"4":{"start":{"line":7,"column":0},"end":{"line":null,"column":-1}},"5":{"start":{"line":31,"column":0},"end":{"line":66,"column":0}},"6":{"start":{"line":31,"column":0},"end":{"line":null,"column":-1}},"7":{"start":{"line":28,"column":0},"end":{"line":null,"column":-1}},"8":{"start":{"line":32,"column":0},"end":{"line":null,"column":-1}},"9":{"start":{"line":33,"column":0},"end":{"line":null,"column":-1}},"10":{"start":{"line":34,"column":0},"end":{"line":null,"column":-1}},"11":{"start":{"line":35,"column":0},"end":{"line":null,"column":-1}},"12":{"start":{"line":39,"column":0},"end":{"line":57,"column":0}},"13":{"start":{"line":39,"column":0},"end":{"line":null,"column":-1}},"14":{"start":{"line":40,"column":0},"end":{"line":null,"column":-1}},"15":{"start":{"line":41,"column":0},"end":{"line":null,"column":-1}},"16":{"start":{"line":42,"column":0},"end":{"line":56,"column":0}},"17":{"start":{"line":45,"column":0},"end":{"line":null,"column":-1}},"18":{"start":{"line":46,"column":0},"end":{"line":null,"column":-1}},"19":{"start":{"line":47,"column":0},"end":{"line":null,"column":-1}},"20":{"start":{"line":50,"column":0},"end":{"line":null,"column":-1}},"21":{"start":{"line":51,"column":0},"end":{"line":null,"column":-1}},"22":{"start":{"line":52,"column":0},"end":{"line":55,"column":0}},"23":{"start":{"line":53,"column":0},"end":{"line":null,"column":-1}},"24":{"start":{"line":54,"column":0},"end":{"line":null,"column":-1}},"25":{"start":{"line":59,"column":0},"end":{"line":null,"column":-1}},"26":{"start":{"line":60,"column":0},"end":{"line":null,"column":-1}},"27":{"start":{"line":63,"column":0},"end":{"line":null,"column":-1}},"28":{"start":{"line":64,"column":0},"end":{"line":null,"column":-1}},"29":{"start":{"line":37,"column":0},"end":{"line":null,"column":-1}},"30":{"start":{"line":31,"column":0},"end":{"line":28,"column":0}},"31":{"start":{"line":66,"column":0},"end":{"line":null,"column":-1}}},"fnMap":{"0":{"name":"(anonymous_3)","decl":{"start":{"line":31,"column":0},"end":{"line":null,"column":-1}},"loc":{"start":{"line":31,"column":0},"end":{"line":66,"column":0}}},"1":{"name":"Settings","decl":{"start":{"line":28,"column":0},"end":{"line":null,"column":-1}},"loc":{"start":{"line":28,"column":0},"end":{"line":66,"column":0}}},"2":{"name":"(anonymous_5)","decl":{"start":{"line":39,"column":0},"end":{"line":null,"column":-1}},"loc":{"start":{"line":39,"column":0},"end":{"line":57,"column":0}}},"3":{"name":"(anonymous_6)","decl":{"start":{"line":42,"column":0},"end":{"line":null,"column":-1}},"loc":{"start":{"line":42,"column":0},"end":{"line":48,"column":0}}},"4":{"name":"(anonymous_7)","decl":{"start":{"line":48,"column":0},"end":{"line":null,"column":-1}},"loc":{"start":{"line":48,"column":0},"end":{"line":56,"column":0}}}},"branchMap":{"0":{"loc":{"start":{"line":28,"column":0},"end":{"line":null,"column":-1}},"type":"binary-expr","locations":[{"start":{"line":28,"column":0},"end":{"line":null,"column":-1}},{"start":{"line":28,"column":0},"end":{"line":null,"column":-1}},{"start":{"line":28,"column":0},"end":{"line":null,"column":-1}}]},"1":{"loc":{"start":{"line":52,"column":0},"end":{"line":55,"column":0}},"type":"if","locations":[{"start":{"line":52,"column":0},"end":{"line":55,"column":0}},{"start":{"line":52,"column":0},"end":{"line":55,"column":0}}]},"2":{"loc":{"start":{"line":52,"column":0},"end":{"line":null,"column":-1}},"type":"binary-expr","locations":[{"start":{"line":52,"column":0},"end":{"line":null,"column":-1}},{"start":{"line":52,"column":0},"end":{"line":null,"column":-1}}]}},"s":{"0":1,"1":1,"2":1,"3":1,"4":1,"5":1,"6":1,"7":6,"8":6,"9":6,"10":6,"11":6,"12":1,"13":5,"14":5,"15":5,"16":5,"17":2,"18":2,"19":2,"20":3,"21":3,"22":3,"23":1,"24":1,"25":1,"26":6,"27":1,"28":6,"29":1,"30":1,"31":1},"f":{"0":1,"1":6,"2":5,"3":2,"4":3},"b":{"0":[6,6,6],"1":[1,1],"2":[3,2]}}
,"/Users/sktifa/workspace/simple-sample/src/main/webapp/app/admin/audits/audits.service.ts": {"path":"/Users/sktifa/workspace/simple-sample/src/main/webapp/app/admin/audits/audits.service.ts","statementMap":{"0":{"start":{"line":1,"column":0},"end":{"line":1,"column":44}},"1":{"start":{"line":3,"column":0},"end":{"line":24,"column":0}},"2":{"start":{"line":7,"column":4},"end":{"line":7,"column":23}},"3":{"start":{"line":10,"column":9},"end":{"line":23,"column":3}},"4":{"start":{"line":11,"column":16},"end":{"line":11,"column":18}},"5":{"start":{"line":12,"column":4},"end":{"line":17,"column":5}},"6":{"start":{"line":12,"column":18},"end":{"line":12,"column":17}},"7":{"start":{"line":13,"column":6},"end":{"line":15,"column":7}},"8":{"start":{"line":14,"column":8},"end":{"line":14,"column":21}},"9":{"start":{"line":16,"column":6},"end":{"line":16,"column":39}},"10":{"start":{"line":18,"column":4},"end":{"line":22,"column":7}},"11":{"start":{"line":19,"column":6},"end":{"line":21,"column":35}},"12":{"start":{"line":21,"column":21},"end":{"line":21,"column":33}},"13":{"start":{"line":24,"column":0},"end":{"line":24,"column":1}}},"fnMap":{"0":{"name":"(anonymous_0)","decl":{"start":{"line":3,"column":0},"end":{"line":null,"column":-1}},"loc":{"start":{"line":3,"column":0},"end":{"line":3,"column":-1}}},"1":{"name":"AuditsService","decl":{"start":{"line":6,"column":2},"end":{"line":null,"column":-1}},"loc":{"start":{"line":6,"column":2},"end":{"line":8,"column":3}}},"2":{"name":"(anonymous_2)","decl":{"start":{"line":10,"column":2},"end":{"line":10,"column":14}},"loc":{"start":{"line":10,"column":23},"end":{"line":23,"column":3}}},"3":{"name":"(anonymous_3)","decl":{"start":{"line":18,"column":23},"end":{"line":18,"column":22}},"loc":{"start":{"line":18,"column":30},"end":{"line":22,"column":5}}},"4":{"name":"(anonymous_4)","decl":{"start":{"line":21,"column":14},"end":{"line":21,"column":13}},"loc":{"start":{"line":21,"column":17},"end":{"line":21,"column":33}}}},"branchMap":{"0":{"loc":{"start":{"line":13,"column":6},"end":{"line":15,"column":7}},"type":"if","locations":[{"start":{"line":13,"column":6},"end":{"line":15,"column":7}},{"start":{"line":13,"column":6},"end":{"line":15,"column":7}}]}},"s":{"0":1,"1":1,"2":7,"3":1,"4":7,"5":7,"6":14,"7":14,"8":7,"9":14,"10":7,"11":7,"12":7,"13":1},"f":{"0":1,"1":7,"2":7,"3":7,"4":7},"b":{"0":[7,7]}}
,"/Users/sktifa/workspace/simple-sample/src/main/webapp/app/admin/audits/audits.vue": {"path":"/Users/sktifa/workspace/simple-sample/src/main/webapp/app/admin/audits/audits.vue","statementMap":{"0":{"start":{"line":1,"column":0},"end":{"line":null,"column":-1}},"1":{"start":{"line":3,"column":0},"end":{"line":null,"column":-1}},"2":{"start":{"line":6,"column":0},"end":{"line":94,"column":0}},"3":{"start":{"line":6,"column":0},"end":{"line":null,"column":-1}},"4":{"start":{"line":5,"column":0},"end":{"line":null,"column":-1}},"5":{"start":{"line":7,"column":0},"end":{"line":null,"column":-1}},"6":{"start":{"line":8,"column":0},"end":{"line":null,"column":-1}},"7":{"start":{"line":9,"column":0},"end":{"line":null,"column":-1}},"8":{"start":{"line":10,"column":0},"end":{"line":null,"column":-1}},"9":{"start":{"line":11,"column":0},"end":{"line":null,"column":-1}},"10":{"start":{"line":12,"column":0},"end":{"line":null,"column":-1}},"11":{"start":{"line":13,"column":0},"end":{"line":null,"column":-1}},"12":{"start":{"line":14,"column":0},"end":{"line":null,"column":-1}},"13":{"start":{"line":15,"column":0},"end":{"line":null,"column":-1}},"14":{"start":{"line":16,"column":0},"end":{"line":null,"column":-1}},"15":{"start":{"line":17,"column":0},"end":{"line":null,"column":-1}},"16":{"start":{"line":21,"column":0},"end":{"line":23,"column":0}},"17":{"start":{"line":22,"column":0},"end":{"line":null,"column":-1}},"18":{"start":{"line":25,"column":0},"end":{"line":29,"column":0}},"19":{"start":{"line":26,"column":0},"end":{"line":null,"column":-1}},"20":{"start":{"line":27,"column":0},"end":{"line":null,"column":-1}},"21":{"start":{"line":28,"column":0},"end":{"line":null,"column":-1}},"22":{"start":{"line":31,"column":0},"end":{"line":42,"column":0}},"23":{"start":{"line":32,"column":0},"end":{"line":null,"column":-1}},"24":{"start":{"line":33,"column":0},"end":{"line":null,"column":-1}},"25":{"start":{"line":35,"column":0},"end":{"line":39,"column":0}},"26":{"start":{"line":36,"column":0},"end":{"line":null,"column":-1}},"27":{"start":{"line":38,"column":0},"end":{"line":null,"column":-1}},"28":{"start":{"line":41,"column":0},"end":{"line":null,"column":-1}},"29":{"start":{"line":44,"column":0},"end":{"line":52,"column":0}},"30":{"start":{"line":45,"column":0},"end":{"line":null,"column":-1}},"31":{"start":{"line":47,"column":0},"end":{"line":null,"column":-1}},"32":{"start":{"line":48,"column":0},"end":{"line":null,"column":-1}},"33":{"start":{"line":49,"column":0},"end":{"line":null,"column":-1}},"34":{"start":{"line":51,"column":0},"end":{"line":null,"column":-1}},"35":{"start":{"line":54,"column":0},"end":{"line":70,"column":0}},"36":{"start":{"line":54,"column":0},"end":{"line":null,"column":-1}},"37":{"start":{"line":55,"column":0},"end":{"line":69,"column":0}},"38":{"start":{"line":56,"column":0},"end":{"line":68,"column":0}},"39":{"start":{"line":65,"column":0},"end":{"line":null,"column":-1}},"40":{"start":{"line":66,"column":0},"end":{"line":null,"column":-1}},"41":{"start":{"line":67,"column":0},"end":{"line":null,"column":-1}},"42":{"start":{"line":72,"column":0},"end":{"line":76,"column":0}},"43":{"start":{"line":73,"column":0},"end":{"line":null,"column":-1}},"44":{"start":{"line":74,"column":0},"end":{"line":null,"column":-1}},"45":{"start":{"line":75,"column":0},"end":{"line":null,"column":-1}},"46":{"start":{"line":78,"column":0},"end":{"line":83,"column":0}},"47":{"start":{"line":79,"column":0},"end":{"line":82,"column":0}},"48":{"start":{"line":80,"column":0},"end":{"line":null,"column":-1}},"49":{"start":{"line":81,"column":0},"end":{"line":null,"column":-1}},"50":{"start":{"line":85,"column":0},"end":{"line":87,"column":0}},"51":{"start":{"line":86,"column":0},"end":{"line":null,"column":-1}},"52":{"start":{"line":89,"column":0},"end":{"line":93,"column":0}},"53":{"start":{"line":90,"column":0},"end":{"line":null,"column":-1}},"54":{"start":{"line":91,"column":0},"end":{"line":null,"column":-1}},"55":{"start":{"line":92,"column":0},"end":{"line":null,"column":-1}},"56":{"start":{"line":19,"column":0},"end":{"line":null,"column":-1}},"57":{"start":{"line":94,"column":0},"end":{"line":null,"column":-1}}},"fnMap":{"0":{"name":"(anonymous_3)","decl":{"start":{"line":6,"column":0},"end":{"line":null,"column":-1}},"loc":{"start":{"line":6,"column":0},"end":{"line":94,"column":0}}},"1":{"name":"JhiAudits","decl":{"start":{"line":5,"column":0},"end":{"line":null,"column":-1}},"loc":{"start":{"line":5,"column":0},"end":{"line":94,"column":0}}},"2":{"name":"(anonymous_5)","decl":{"start":{"line":21,"column":0},"end":{"line":null,"column":-1}},"loc":{"start":{"line":21,"column":0},"end":{"line":23,"column":0}}},"3":{"name":"(anonymous_6)","decl":{"start":{"line":25,"column":0},"end":{"line":null,"column":-1}},"loc":{"start":{"line":25,"column":0},"end":{"line":29,"column":0}}},"4":{"name":"(anonymous_7)","decl":{"start":{"line":31,"column":0},"end":{"line":null,"column":-1}},"loc":{"start":{"line":31,"column":0},"end":{"line":42,"column":0}}},"5":{"name":"(anonymous_8)","decl":{"start":{"line":44,"column":0},"end":{"line":null,"column":-1}},"loc":{"start":{"line":44,"column":0},"end":{"line":52,"column":0}}},"6":{"name":"(anonymous_9)","decl":{"start":{"line":54,"column":0},"end":{"line":null,"column":-1}},"loc":{"start":{"line":54,"column":0},"end":{"line":70,"column":0}}},"7":{"name":"(anonymous_10)","decl":{"start":{"line":57,"column":0},"end":{"line":null,"column":-1}},"loc":{"start":{"line":57,"column":0},"end":{"line":68,"column":0}}},"8":{"name":"(anonymous_11)","decl":{"start":{"line":72,"column":0},"end":{"line":null,"column":-1}},"loc":{"start":{"line":72,"column":0},"end":{"line":76,"column":0}}},"9":{"name":"(anonymous_12)","decl":{"start":{"line":78,"column":0},"end":{"line":null,"column":-1}},"loc":{"start":{"line":78,"column":0},"end":{"line":83,"column":0}}},"10":{"name":"(anonymous_13)","decl":{"start":{"line":85,"column":0},"end":{"line":null,"column":-1}},"loc":{"start":{"line":85,"column":0},"end":{"line":87,"column":0}}},"11":{"name":"(anonymous_14)","decl":{"start":{"line":89,"column":0},"end":{"line":null,"column":-1}},"loc":{"start":{"line":89,"column":0},"end":{"line":93,"column":0}}}},"branchMap":{"0":{"loc":{"start":{"line":5,"column":0},"end":{"line":null,"column":-1}},"type":"binary-expr","locations":[{"start":{"line":5,"column":0},"end":{"line":null,"column":-1}},{"start":{"line":5,"column":0},"end":{"line":null,"column":-1}},{"start":{"line":5,"column":0},"end":{"line":null,"column":-1}}]},"1":{"loc":{"start":{"line":35,"column":0},"end":{"line":39,"column":0}},"type":"if","locations":[{"start":{"line":35,"column":0},"end":{"line":39,"column":0}},{"start":{"line":35,"column":0},"end":{"line":39,"column":0}}]},"2":{"loc":{"start":{"line":55,"column":0},"end":{"line":69,"column":0}},"type":"if","locations":[{"start":{"line":55,"column":0},"end":{"line":69,"column":0}},{"start":{"line":55,"column":0},"end":{"line":69,"column":0}}]},"3":{"loc":{"start":{"line":55,"column":0},"end":{"line":null,"column":-1}},"type":"binary-expr","locations":[{"start":{"line":55,"column":0},"end":{"line":null,"column":-1}},{"start":{"line":55,"column":0},"end":{"line":null,"column":-1}}]},"4":{"loc":{"start":{"line":73,"column":0},"end":{"line":null,"column":-1}},"type":"cond-expr","locations":[{"start":{"line":73,"column":0},"end":{"line":null,"column":-1}},{"start":{"line":73,"column":0},"end":{"line":null,"column":-1}}]},"5":{"loc":{"start":{"line":79,"column":0},"end":{"line":82,"column":0}},"type":"if","locations":[{"start":{"line":79,"column":0},"end":{"line":82,"column":0}},{"start":{"line":79,"column":0},"end":{"line":82,"column":0}}]}},"s":{"0":1,"1":1,"2":1,"3":2,"4":5,"5":5,"6":5,"7":5,"8":5,"9":5,"10":5,"11":5,"12":5,"13":5,"14":5,"15":5,"16":1,"17":5,"18":1,"19":7,"20":7,"21":7,"22":1,"23":8,"24":8,"25":8,"26":8,"27":0,"28":8,"29":1,"30":8,"31":8,"32":8,"33":8,"34":8,"35":1,"36":12,"37":12,"38":7,"39":7,"40":7,"41":7,"42":1,"43":7,"44":7,"45":7,"46":1,"47":11,"48":5,"49":5,"50":1,"51":5,"52":1,"53":0,"54":0,"55":0,"56":1,"57":1},"f":{"0":1,"1":5,"2":5,"3":7,"4":8,"5":8,"6":12,"7":7,"8":7,"9":11,"10":5,"11":0},"b":{"0":[5,5,5],"1":[8,0],"2":[7,5],"3":[12,7],"4":[0,7],"5":[5,6]}}
,"/Users/sktifa/workspace/simple-sample/src/main/webapp/app/admin/configuration/configuration.service.ts": {"path":"/Users/sktifa/workspace/simple-sample/src/main/webapp/app/admin/configuration/configuration.service.ts","statementMap":{"0":{"start":{"line":1,"column":0},"end":{"line":1,"column":25}},"1":{"start":{"line":3,"column":0},"end":{"line":60,"column":0}},"2":{"start":{"line":4,"column":9},"end":{"line":21,"column":3}},"3":{"start":{"line":4,"column":2},"end":{"line":21,"column":2}},"4":{"start":{"line":5,"column":4},"end":{"line":20,"column":7}},"5":{"start":{"line":6,"column":6},"end":{"line":19,"column":9}},"6":{"start":{"line":7,"column":27},"end":{"line":7,"column":29}},"7":{"start":{"line":8,"column":33},"end":{"line":8,"column":74}},"8":{"start":{"line":9,"column":8},"end":{"line":13,"column":9}},"9":{"start":{"line":10,"column":10},"end":{"line":12,"column":11}},"10":{"start":{"line":11,"column":12},"end":{"line":11,"column":51}},"11":{"start":{"line":15,"column":8},"end":{"line":17,"column":11}},"12":{"start":{"line":16,"column":10},"end":{"line":16,"column":106}},"13":{"start":{"line":18,"column":8},"end":{"line":18,"column":28}},"14":{"start":{"line":23,"column":9},"end":{"line":43,"column":3}},"15":{"start":{"line":24,"column":4},"end":{"line":42,"column":7}},"16":{"start":{"line":25,"column":6},"end":{"line":41,"column":9}},"17":{"start":{"line":26,"column":27},"end":{"line":26,"column":29}},"18":{"start":{"line":27,"column":32},"end":{"line":27,"column":59}},"19":{"start":{"line":29,"column":8},"end":{"line":39,"column":9}},"20":{"start":{"line":29,"column":33},"end":{"line":29,"column":32}},"21":{"start":{"line":30,"column":23},"end":{"line":30,"column":45}},"22":{"start":{"line":31,"column":35},"end":{"line":31,"column":63}},"23":{"start":{"line":32,"column":23},"end":{"line":32,"column":25}},"24":{"start":{"line":33,"column":10},"end":{"line":37,"column":11}},"25":{"start":{"line":34,"column":12},"end":{"line":36,"column":13}},"26":{"start":{"line":35,"column":14},"end":{"line":35,"column":87}},"27":{"start":{"line":38,"column":10},"end":{"line":38,"column":34}},"28":{"start":{"line":40,"column":8},"end":{"line":40,"column":28}},"29":{"start":{"line":45,"column":10},"end":{"line":59,"column":3}},"30":{"start":{"line":47,"column":4},"end":{"line":56,"column":5}},"31":{"start":{"line":48,"column":6},"end":{"line":55,"column":7}},"32":{"start":{"line":52,"column":8},"end":{"line":54,"column":9}},"33":{"start":{"line":53,"column":10},"end":{"line":53,"column":47}},"34":{"start":{"line":58,"column":4},"end":{"line":58,"column":52}},"35":{"start":{"line":60,"column":0},"end":{"line":60,"column":1}}},"fnMap":{"0":{"name":"(anonymous_0)","decl":{"start":{"line":3,"column":0},"end":{"line":null,"column":-1}},"loc":{"start":{"line":3,"column":0},"end":{"line":3,"column":-1}}},"1":{"name":"(anonymous_2)","decl":{"start":{"line":4,"column":2},"end":{"line":null,"column":-1}},"loc":{"start":{"line":4,"column":2},"end":{"line":21,"column":3}}},"2":{"name":"(anonymous_3)","decl":{"start":{"line":5,"column":23},"end":{"line":5,"column":22}},"loc":{"start":{"line":5,"column":30},"end":{"line":20,"column":5}}},"3":{"name":"(anonymous_4)","decl":{"start":{"line":6,"column":47},"end":{"line":6,"column":46}},"loc":{"start":{"line":6,"column":50},"end":{"line":19,"column":7}}},"4":{"name":"(anonymous_5)","decl":{"start":{"line":15,"column":24},"end":{"line":15,"column":24}},"loc":{"start":{"line":15,"column":45},"end":{"line":17,"column":9}}},"5":{"name":"(anonymous_6)","decl":{"start":{"line":23,"column":2},"end":{"line":null,"column":-1}},"loc":{"start":{"line":23,"column":2},"end":{"line":43,"column":3}}},"6":{"name":"(anonymous_7)","decl":{"start":{"line":24,"column":23},"end":{"line":24,"column":22}},"loc":{"start":{"line":24,"column":30},"end":{"line":42,"column":5}}},"7":{"name":"(anonymous_8)","decl":{"start":{"line":25,"column":39},"end":{"line":25,"column":38}},"loc":{"start":{"line":25,"column":42},"end":{"line":41,"column":7}}},"8":{"name":"(anonymous_9)","decl":{"start":{"line":45,"column":2},"end":{"line":45,"column":36}},"loc":{"start":{"line":45,"column":40},"end":{"line":59,"column":3}}}},"branchMap":{"0":{"loc":{"start":{"line":10,"column":10},"end":{"line":12,"column":11}},"type":"if","locations":[{"start":{"line":10,"column":10},"end":{"line":12,"column":11}},{"start":{"line":10,"column":10},"end":{"line":12,"column":11}}]},"1":{"loc":{"start":{"line":16,"column":57},"end":{"line":16,"column":58}},"type":"cond-expr","locations":[{"start":{"line":16,"column":57},"end":{"line":16,"column":58}},{"start":{"line":16,"column":61},"end":{"line":16,"column":105}}]},"2":{"loc":{"start":{"line":16,"column":99},"end":{"line":16,"column":101}},"type":"cond-expr","locations":[{"start":{"line":16,"column":99},"end":{"line":16,"column":101}},{"start":{"line":16,"column":104},"end":{"line":16,"column":105}}]},"3":{"loc":{"start":{"line":34,"column":12},"end":{"line":36,"column":13}},"type":"if","locations":[{"start":{"line":34,"column":12},"end":{"line":36,"column":13}},{"start":{"line":34,"column":12},"end":{"line":36,"column":13}}]},"4":{"loc":{"start":{"line":47,"column":4},"end":{"line":56,"column":5}},"type":"if","locations":[{"start":{"line":47,"column":4},"end":{"line":56,"column":5}},{"start":{"line":47,"column":4},"end":{"line":56,"column":5}}]},"5":{"loc":{"start":{"line":52,"column":8},"end":{"line":54,"column":9}},"type":"if","locations":[{"start":{"line":52,"column":8},"end":{"line":54,"column":9}},{"start":{"line":52,"column":8},"end":{"line":54,"column":9}}]}},"s":{"0":1,"1":1,"2":1,"3":5,"4":5,"5":5,"6":5,"7":5,"8":5,"9":0,"10":0,"11":5,"12":0,"13":5,"14":1,"15":5,"16":5,"17":5,"18":5,"19":5,"20":0,"21":0,"22":0,"23":0,"24":0,"25":0,"26":0,"27":0,"28":5,"29":1,"30":5,"31":5,"32":5,"33":5,"34":0,"35":1},"f":{"0":11,"1":5,"2":5,"3":5,"4":0,"5":5,"6":5,"7":5,"8":5},"b":{"0":[0,0],"1":[0,0],"2":[0,0],"3":[0,0],"4":[5,0],"5":[5,0]}}
,"/Users/sktifa/workspace/simple-sample/src/main/webapp/app/admin/configuration/configuration.vue": {"path":"/Users/sktifa/workspace/simple-sample/src/main/webapp/app/admin/configuration/configuration.vue","statementMap":{"0":{"start":{"line":1,"column":0},"end":{"line":null,"column":-1}},"1":{"start":{"line":2,"column":0},"end":{"line":null,"column":-1}},"2":{"start":{"line":6,"column":0},"end":{"line":48,"column":0}},"3":{"start":{"line":6,"column":0},"end":{"line":null,"column":-1}},"4":{"start":{"line":5,"column":0},"end":{"line":null,"column":-1}},"5":{"start":{"line":7,"column":0},"end":{"line":null,"column":-1}},"6":{"start":{"line":8,"column":0},"end":{"line":null,"column":-1}},"7":{"start":{"line":9,"column":0},"end":{"line":null,"column":-1}},"8":{"start":{"line":10,"column":0},"end":{"line":null,"column":-1}},"9":{"start":{"line":11,"column":0},"end":{"line":null,"column":-1}},"10":{"start":{"line":12,"column":0},"end":{"line":null,"column":-1}},"11":{"start":{"line":16,"column":0},"end":{"line":18,"column":0}},"12":{"start":{"line":17,"column":0},"end":{"line":null,"column":-1}},"13":{"start":{"line":20,"column":0},"end":{"line":38,"column":0}},"14":{"start":{"line":20,"column":0},"end":{"line":null,"column":-1}},"15":{"start":{"line":21,"column":0},"end":{"line":31,"column":0}},"16":{"start":{"line":24,"column":0},"end":{"line":null,"column":-1}},"17":{"start":{"line":26,"column":0},"end":{"line":30,"column":0}},"18":{"start":{"line":26,"column":0},"end":{"line":null,"column":-1}},"19":{"start":{"line":27,"column":0},"end":{"line":29,"column":0}},"20":{"start":{"line":28,"column":0},"end":{"line":null,"column":-1}},"21":{"start":{"line":33,"column":0},"end":{"line":37,"column":0}},"22":{"start":{"line":36,"column":0},"end":{"line":null,"column":-1}},"23":{"start":{"line":40,"column":0},"end":{"line":43,"column":0}},"24":{"start":{"line":41,"column":0},"end":{"line":null,"column":-1}},"25":{"start":{"line":42,"column":0},"end":{"line":null,"column":-1}},"26":{"start":{"line":45,"column":0},"end":{"line":47,"column":0}},"27":{"start":{"line":46,"column":0},"end":{"line":null,"column":-1}},"28":{"start":{"line":14,"column":0},"end":{"line":null,"column":-1}},"29":{"start":{"line":48,"column":0},"end":{"line":null,"column":-1}}},"fnMap":{"0":{"name":"(anonymous_3)","decl":{"start":{"line":6,"column":0},"end":{"line":null,"column":-1}},"loc":{"start":{"line":6,"column":0},"end":{"line":48,"column":0}}},"1":{"name":"JhiConfiguration","decl":{"start":{"line":5,"column":0},"end":{"line":null,"column":-1}},"loc":{"start":{"line":5,"column":0},"end":{"line":48,"column":0}}},"2":{"name":"(anonymous_5)","decl":{"start":{"line":16,"column":0},"end":{"line":null,"column":-1}},"loc":{"start":{"line":16,"column":0},"end":{"line":18,"column":0}}},"3":{"name":"(anonymous_6)","decl":{"start":{"line":20,"column":0},"end":{"line":null,"column":-1}},"loc":{"start":{"line":20,"column":0},"end":{"line":38,"column":0}}},"4":{"name":"(anonymous_7)","decl":{"start":{"line":21,"column":0},"end":{"line":null,"column":-1}},"loc":{"start":{"line":21,"column":0},"end":{"line":31,"column":0}}},"5":{"name":"(anonymous_8)","decl":{"start":{"line":33,"column":0},"end":{"line":null,"column":-1}},"loc":{"start":{"line":33,"column":0},"end":{"line":37,"column":0}}},"6":{"name":"(anonymous_9)","decl":{"start":{"line":40,"column":0},"end":{"line":null,"column":-1}},"loc":{"start":{"line":40,"column":0},"end":{"line":43,"column":0}}},"7":{"name":"(anonymous_10)","decl":{"start":{"line":45,"column":0},"end":{"line":null,"column":-1}},"loc":{"start":{"line":45,"column":0},"end":{"line":47,"column":0}}}},"branchMap":{"0":{"loc":{"start":{"line":5,"column":0},"end":{"line":null,"column":-1}},"type":"binary-expr","locations":[{"start":{"line":5,"column":0},"end":{"line":null,"column":-1}},{"start":{"line":5,"column":0},"end":{"line":null,"column":-1}},{"start":{"line":5,"column":0},"end":{"line":null,"column":-1}}]},"1":{"loc":{"start":{"line":27,"column":0},"end":{"line":29,"column":0}},"type":"if","locations":[{"start":{"line":27,"column":0},"end":{"line":29,"column":0}},{"start":{"line":27,"column":0},"end":{"line":29,"column":0}}]},"2":{"loc":{"start":{"line":46,"column":0},"end":{"line":null,"column":-1}},"type":"cond-expr","locations":[{"start":{"line":46,"column":0},"end":{"line":null,"column":-1}},{"start":{"line":46,"column":0},"end":{"line":null,"column":-1}}]}},"s":{"0":1,"1":1,"2":1,"3":2,"4":4,"5":4,"6":4,"7":4,"8":4,"9":4,"10":4,"11":1,"12":4,"13":1,"14":5,"15":5,"16":5,"17":5,"18":0,"19":0,"20":0,"21":5,"22":5,"23":1,"24":0,"25":0,"26":1,"27":8,"28":1,"29":1},"f":{"0":1,"1":4,"2":4,"3":5,"4":5,"5":5,"6":0,"7":8},"b":{"0":[4,4,4],"1":[0,0],"2":[1,7]}}
,"/Users/sktifa/workspace/simple-sample/src/main/webapp/app/admin/docs/docs.vue": {"path":"/Users/sktifa/workspace/simple-sample/src/main/webapp/app/admin/docs/docs.vue","statementMap":{"0":{"start":{"line":1,"column":0},"end":{"line":null,"column":-1}},"1":{"start":{"line":4,"column":0},"end":{"line":null,"column":-1}}},"fnMap":{"0":{"name":"(anonymous_2)","decl":{"start":{"line":4,"column":0},"end":{"line":null,"column":-1}},"loc":{"start":{"line":4,"column":0},"end":{"line":null,"column":-1}}}},"branchMap":{},"s":{"0":1,"1":4},"f":{"0":2},"b":{}}
,"/Users/sktifa/workspace/simple-sample/src/main/webapp/app/admin/health/health-modal.vue": {"path":"/Users/sktifa/workspace/simple-sample/src/main/webapp/app/admin/health/health-modal.vue","statementMap":{"0":{"start":{"line":2,"column":0},"end":{"line":null,"column":-1}},"1":{"start":{"line":5,"column":0},"end":{"line":37,"column":0}},"2":{"start":{"line":5,"column":0},"end":{"line":null,"column":-1}},"3":{"start":{"line":11,"column":0},"end":{"line":13,"column":0}},"4":{"start":{"line":12,"column":0},"end":{"line":null,"column":-1}},"5":{"start":{"line":15,"column":0},"end":{"line":17,"column":0}},"6":{"start":{"line":16,"column":0},"end":{"line":null,"column":-1}},"7":{"start":{"line":19,"column":0},"end":{"line":36,"column":0}},"8":{"start":{"line":20,"column":0},"end":{"line":29,"column":0}},"9":{"start":{"line":22,"column":0},"end":{"line":null,"column":-1}},"10":{"start":{"line":23,"column":0},"end":{"line":28,"column":0}},"11":{"start":{"line":25,"column":0},"end":{"line":null,"column":-1}},"12":{"start":{"line":27,"column":0},"end":{"line":null,"column":-1}},"13":{"start":{"line":31,"column":0},"end":{"line":35,"column":0}},"14":{"start":{"line":32,"column":0},"end":{"line":null,"column":-1}},"15":{"start":{"line":34,"column":0},"end":{"line":null,"column":-1}},"16":{"start":{"line":7,"column":0},"end":{"line":null,"column":-1}},"17":{"start":{"line":9,"column":0},"end":{"line":null,"column":-1}},"18":{"start":{"line":37,"column":0},"end":{"line":null,"column":-1}}},"fnMap":{"0":{"name":"(anonymous_2)","decl":{"start":{"line":5,"column":0},"end":{"line":null,"column":-1}},"loc":{"start":{"line":5,"column":0},"end":{"line":37,"column":0}}},"1":{"name":"(anonymous_4)","decl":{"start":{"line":11,"column":0},"end":{"line":null,"column":-1}},"loc":{"start":{"line":11,"column":0},"end":{"line":13,"column":0}}},"2":{"name":"(anonymous_5)","decl":{"start":{"line":15,"column":0},"end":{"line":null,"column":-1}},"loc":{"start":{"line":15,"column":0},"end":{"line":17,"column":0}}},"3":{"name":"(anonymous_6)","decl":{"start":{"line":19,"column":0},"end":{"line":null,"column":-1}},"loc":{"start":{"line":19,"column":0},"end":{"line":36,"column":0}}}},"branchMap":{"0":{"loc":{"start":{"line":20,"column":0},"end":{"line":29,"column":0}},"type":"if","locations":[{"start":{"line":20,"column":0},"end":{"line":29,"column":0}},{"start":{"line":20,"column":0},"end":{"line":29,"column":0}}]},"1":{"loc":{"start":{"line":23,"column":0},"end":{"line":28,"column":0}},"type":"if","locations":[{"start":{"line":23,"column":0},"end":{"line":28,"column":0}},{"start":{"line":23,"column":0},"end":{"line":28,"column":0}}]},"2":{"loc":{"start":{"line":31,"column":0},"end":{"line":35,"column":0}},"type":"if","locations":[{"start":{"line":31,"column":0},"end":{"line":35,"column":0}},{"start":{"line":31,"column":0},"end":{"line":35,"column":0}}]}},"s":{"0":1,"1":1,"2":2,"3":1,"4":0,"5":1,"6":0,"7":1,"8":0,"9":0,"10":0,"11":0,"12":0,"13":0,"14":0,"15":0,"16":1,"17":1,"18":1},"f":{"0":1,"1":0,"2":0,"3":0},"b":{"0":[0,0],"1":[0,0],"2":[0,0]}}
,"/Users/sktifa/workspace/simple-sample/src/main/webapp/app/admin/health/health.service.ts": {"path":"/Users/sktifa/workspace/simple-sample/src/main/webapp/app/admin/health/health.service.ts","statementMap":{"0":{"start":{"line":1,"column":0},"end":{"line":1,"column":58}},"1":{"start":{"line":3,"column":0},"end":{"line":131,"column":0}},"2":{"start":{"line":8,"column":4},"end":{"line":8,"column":25}},"3":{"start":{"line":9,"column":4},"end":{"line":9,"column":23}},"4":{"start":{"line":12,"column":9},"end":{"line":14,"column":3}},"5":{"start":{"line":13,"column":4},"end":{"line":13,"column":42}},"6":{"start":{"line":16,"column":9},"end":{"line":20,"column":3}},"7":{"start":{"line":17,"column":21},"end":{"line":17,"column":23}},"8":{"start":{"line":18,"column":4},"end":{"line":18,"column":57}},"9":{"start":{"line":19,"column":4},"end":{"line":19,"column":20}},"10":{"start":{"line":22,"column":9},"end":{"line":27,"column":3}},"11":{"start":{"line":23,"column":4},"end":{"line":26,"column":5}},"12":{"start":{"line":24,"column":20},"end":{"line":24,"column":35}},"13":{"start":{"line":25,"column":6},"end":{"line":25,"column":22}},"14":{"start":{"line":29,"column":9},"end":{"line":36,"column":3}},"15":{"start":{"line":30,"column":4},"end":{"line":35,"column":5}},"16":{"start":{"line":31,"column":20},"end":{"line":31,"column":35}},"17":{"start":{"line":32,"column":6},"end":{"line":32,"column":25}},"18":{"start":{"line":33,"column":24},"end":{"line":33,"column":39}},"19":{"start":{"line":34,"column":6},"end":{"line":34,"column":48}},"20":{"start":{"line":38,"column":9},"end":{"line":72,"column":3}},"21":{"start":{"line":39,"column":23},"end":{"line":43,"column":5}},"22":{"start":{"line":45,"column":20},"end":{"line":45,"column":22}},"23":{"start":{"line":46,"column":21},"end":{"line":46,"column":26}},"24":{"start":{"line":48,"column":4},"end":{"line":60,"column":5}},"25":{"start":{"line":49,"column":6},"end":{"line":59,"column":7}},"26":{"start":{"line":50,"column":22},"end":{"line":50,"column":39}},"27":{"start":{"line":51,"column":8},"end":{"line":58,"column":9}},"28":{"start":{"line":52,"column":10},"end":{"line":52,"column":34}},"29":{"start":{"line":54,"column":10},"end":{"line":57,"column":11}},"30":{"start":{"line":55,"column":12},"end":{"line":55,"column":33}},"31":{"start":{"line":56,"column":12},"end":{"line":56,"column":30}},"32":{"start":{"line":63,"column":4},"end":{"line":65,"column":5}},"33":{"start":{"line":64,"column":6},"end":{"line":64,"column":35}},"34":{"start":{"line":68,"column":4},"end":{"line":70,"column":5}},"35":{"start":{"line":69,"column":6},"end":{"line":69,"column":30}},"36":{"start":{"line":71,"column":4},"end":{"line":71,"column":22}},"37":{"start":{"line":74,"column":9},"end":{"line":89,"column":3}},"38":{"start":{"line":75,"column":4},"end":{"line":87,"column":5}},"39":{"start":{"line":76,"column":6},"end":{"line":86,"column":7}},"40":{"start":{"line":77,"column":22},"end":{"line":77,"column":31}},"41":{"start":{"line":78,"column":8},"end":{"line":85,"column":9}},"42":{"start":{"line":79,"column":10},"end":{"line":84,"column":11}},"43":{"start":{"line":80,"column":12},"end":{"line":80,"column":86}},"44":{"start":{"line":81,"column":12},"end":{"line":81,"column":81}},"45":{"start":{"line":83,"column":12},"end":{"line":83,"column":85}},"46":{"start":{"line":88,"column":4},"end":{"line":88,"column":18}},"47":{"start":{"line":91,"column":9},"end":{"line":103,"column":3}},"48":{"start":{"line":93,"column":4},"end":{"line":101,"column":5}},"49":{"start":{"line":94,"column":6},"end":{"line":94,"column":44}},"50":{"start":{"line":95,"column":11},"end":{"line":101,"column":5}},"51":{"start":{"line":96,"column":6},"end":{"line":96,"column":20}},"52":{"start":{"line":97,"column":11},"end":{"line":101,"column":5}},"53":{"start":{"line":98,"column":6},"end":{"line":98,"column":20}},"54":{"start":{"line":100,"column":6},"end":{"line":100,"column":18}},"55":{"start":{"line":102,"column":4},"end":{"line":102,"column":18}},"56":{"start":{"line":105,"column":9},"end":{"line":117,"column":3}},"57":{"start":{"line":106,"column":17},"end":{"line":106,"column":22}},"58":{"start":{"line":108,"column":4},"end":{"line":115,"column":5}},"59":{"start":{"line":109,"column":6},"end":{"line":114,"column":7}},"60":{"start":{"line":110,"column":22},"end":{"line":110,"column":39}},"61":{"start":{"line":111,"column":8},"end":{"line":113,"column":9}},"62":{"start":{"line":112,"column":10},"end":{"line":112,"column":24}},"63":{"start":{"line":116,"column":4},"end":{"line":116,"column":18}},"64":{"start":{"line":119,"column":9},"end":{"line":130,"column":3}},"65":{"start":{"line":120,"column":17},"end":{"line":120,"column":22}},"66":{"start":{"line":122,"column":4},"end":{"line":128,"column":5}},"67":{"start":{"line":123,"column":6},"end":{"line":127,"column":7}},"68":{"start":{"line":124,"column":8},"end":{"line":126,"column":9}},"69":{"start":{"line":125,"column":10},"end":{"line":125,"column":24}},"70":{"start":{"line":129,"column":4},"end":{"line":129,"column":18}},"71":{"start":{"line":131,"column":0},"end":{"line":131,"column":1}}},"fnMap":{"0":{"name":"(anonymous_0)","decl":{"start":{"line":3,"column":0},"end":{"line":null,"column":-1}},"loc":{"start":{"line":3,"column":0},"end":{"line":3,"column":-1}}},"1":{"name":"HealthService","decl":{"start":{"line":7,"column":2},"end":{"line":null,"column":-1}},"loc":{"start":{"line":7,"column":2},"end":{"line":10,"column":3}}},"2":{"name":"(anonymous_2)","decl":{"start":{"line":12,"column":2},"end":{"line":null,"column":-1}},"loc":{"start":{"line":12,"column":2},"end":{"line":14,"column":3}}},"3":{"name":"(anonymous_3)","decl":{"start":{"line":16,"column":2},"end":{"line":16,"column":28}},"loc":{"start":{"line":16,"column":38},"end":{"line":20,"column":3}}},"4":{"name":"(anonymous_4)","decl":{"start":{"line":22,"column":2},"end":{"line":22,"column":20}},"loc":{"start":{"line":22,"column":33},"end":{"line":27,"column":3}}},"5":{"name":"(anonymous_5)","decl":{"start":{"line":29,"column":2},"end":{"line":29,"column":25}},"loc":{"start":{"line":29,"column":38},"end":{"line":36,"column":3}}},"6":{"name":"(anonymous_6)","decl":{"start":{"line":38,"column":2},"end":{"line":38,"column":24}},"loc":{"start":{"line":38,"column":86},"end":{"line":72,"column":3}}},"7":{"name":"(anonymous_7)","decl":{"start":{"line":74,"column":2},"end":{"line":74,"column":26}},"loc":{"start":{"line":74,"column":60},"end":{"line":89,"column":3}}},"8":{"name":"(anonymous_8)","decl":{"start":{"line":91,"column":2},"end":{"line":91,"column":22}},"loc":{"start":{"line":91,"column":46},"end":{"line":103,"column":3}}},"9":{"name":"(anonymous_9)","decl":{"start":{"line":105,"column":2},"end":{"line":105,"column":21}},"loc":{"start":{"line":105,"column":39},"end":{"line":117,"column":3}}},"10":{"name":"(anonymous_10)","decl":{"start":{"line":119,"column":2},"end":{"line":119,"column":23}},"loc":{"start":{"line":119,"column":41},"end":{"line":130,"column":3}}}},"branchMap":{"0":{"loc":{"start":{"line":23,"column":4},"end":{"line":26,"column":5}},"type":"if","locations":[{"start":{"line":23,"column":4},"end":{"line":26,"column":5}},{"start":{"line":23,"column":4},"end":{"line":26,"column":5}}]},"1":{"loc":{"start":{"line":30,"column":4},"end":{"line":35,"column":5}},"type":"if","locations":[{"start":{"line":30,"column":4},"end":{"line":35,"column":5}},{"start":{"line":30,"column":4},"end":{"line":35,"column":5}}]},"2":{"loc":{"start":{"line":34,"column":25},"end":{"line":34,"column":42}},"type":"cond-expr","locations":[{"start":{"line":34,"column":25},"end":{"line":34,"column":42}},{"start":{"line":34,"column":45},"end":{"line":34,"column":47}}]},"3":{"loc":{"start":{"line":49,"column":6},"end":{"line":59,"column":7}},"type":"if","locations":[{"start":{"line":49,"column":6},"end":{"line":59,"column":7}},{"start":{"line":49,"column":6},"end":{"line":59,"column":7}}]},"4":{"loc":{"start":{"line":51,"column":8},"end":{"line":58,"column":9}},"type":"if","locations":[{"start":{"line":51,"column":8},"end":{"line":58,"column":9}},{"start":{"line":51,"column":8},"end":{"line":58,"column":9}}]},"5":{"loc":{"start":{"line":51,"column":12},"end":{"line":51,"column":28}},"type":"binary-expr","locations":[{"start":{"line":51,"column":12},"end":{"line":51,"column":28}},{"start":{"line":51,"column":32},"end":{"line":51,"column":47}}]},"6":{"loc":{"start":{"line":54,"column":10},"end":{"line":57,"column":11}},"type":"if","locations":[{"start":{"line":54,"column":10},"end":{"line":57,"column":11}},{"start":{"line":54,"column":10},"end":{"line":57,"column":11}}]},"7":{"loc":{"start":{"line":63,"column":4},"end":{"line":65,"column":5}},"type":"if","locations":[{"start":{"line":63,"column":4},"end":{"line":65,"column":5}},{"start":{"line":63,"column":4},"end":{"line":65,"column":5}}]},"8":{"loc":{"start":{"line":68,"column":4},"end":{"line":70,"column":5}},"type":"if","locations":[{"start":{"line":68,"column":4},"end":{"line":70,"column":5}},{"start":{"line":68,"column":4},"end":{"line":70,"column":5}}]},"9":{"loc":{"start":{"line":68,"column":8},"end":{"line":68,"column":14}},"type":"binary-expr","locations":[{"start":{"line":68,"column":8},"end":{"line":68,"column":14}},{"start":{"line":68,"column":18},"end":{"line":68,"column":28}},{"start":{"line":68,"column":32},"end":{"line":68,"column":48}}]},"10":{"loc":{"start":{"line":76,"column":6},"end":{"line":86,"column":7}},"type":"if","locations":[{"start":{"line":76,"column":6},"end":{"line":86,"column":7}},{"start":{"line":76,"column":6},"end":{"line":86,"column":7}}]},"11":{"loc":{"start":{"line":78,"column":8},"end":{"line":85,"column":9}},"type":"if","locations":[{"start":{"line":78,"column":8},"end":{"line":85,"column":9}},{"start":{"line":78,"column":8},"end":{"line":85,"column":9}}]},"12":{"loc":{"start":{"line":79,"column":10},"end":{"line":84,"column":11}},"type":"if","locations":[{"start":{"line":79,"column":10},"end":{"line":84,"column":11}},{"start":{"line":79,"column":10},"end":{"line":84,"column":11}}]},"13":{"loc":{"start":{"line":93,"column":4},"end":{"line":101,"column":5}},"type":"if","locations":[{"start":{"line":93,"column":4},"end":{"line":101,"column":5}},{"start":{"line":93,"column":4},"end":{"line":101,"column":5}}]},"14":{"loc":{"start":{"line":93,"column":8},"end":{"line":93,"column":12}},"type":"binary-expr","locations":[{"start":{"line":93,"column":8},"end":{"line":93,"column":12}},{"start":{"line":93,"column":16},"end":{"line":93,"column":20}}]},"15":{"loc":{"start":{"line":95,"column":11},"end":{"line":101,"column":5}},"type":"if","locations":[{"start":{"line":95,"column":11},"end":{"line":101,"column":5}},{"start":{"line":95,"column":11},"end":{"line":101,"column":5}}]},"16":{"loc":{"start":{"line":97,"column":11},"end":{"line":101,"column":5}},"type":"if","locations":[{"start":{"line":97,"column":11},"end":{"line":101,"column":5}},{"start":{"line":97,"column":11},"end":{"line":101,"column":5}}]},"17":{"loc":{"start":{"line":109,"column":6},"end":{"line":114,"column":7}},"type":"if","locations":[{"start":{"line":109,"column":6},"end":{"line":114,"column":7}},{"start":{"line":109,"column":6},"end":{"line":114,"column":7}}]},"18":{"loc":{"start":{"line":111,"column":8},"end":{"line":113,"column":9}},"type":"if","locations":[{"start":{"line":111,"column":8},"end":{"line":113,"column":9}},{"start":{"line":111,"column":8},"end":{"line":113,"column":9}}]},"19":{"loc":{"start":{"line":111,"column":12},"end":{"line":111,"column":17}},"type":"binary-expr","locations":[{"start":{"line":111,"column":12},"end":{"line":111,"column":17}},{"start":{"line":111,"column":21},"end":{"line":111,"column":33}}]},"20":{"loc":{"start":{"line":123,"column":6},"end":{"line":127,"column":7}},"type":"if","locations":[{"start":{"line":123,"column":6},"end":{"line":127,"column":7}},{"start":{"line":123,"column":6},"end":{"line":127,"column":7}}]},"21":{"loc":{"start":{"line":124,"column":8},"end":{"line":126,"column":9}},"type":"if","locations":[{"start":{"line":124,"column":8},"end":{"line":126,"column":9}},{"start":{"line":124,"column":8},"end":{"line":126,"column":9}}]}},"s":{"0":2,"1":2,"2":28,"3":28,"4":2,"5":10,"6":2,"7":14,"8":14,"9":5,"10":2,"11":2,"12":2,"13":2,"14":2,"15":2,"16":2,"17":2,"18":2,"19":2,"20":2,"21":17,"22":17,"23":17,"24":17,"25":46,"26":46,"27":46,"28":25,"29":21,"30":15,"31":15,"32":17,"33":11,"34":17,"35":16,"36":17,"37":2,"38":8,"39":26,"40":26,"41":26,"42":17,"43":3,"44":3,"45":14,"46":8,"47":2,"48":20,"49":6,"50":14,"51":0,"52":14,"53":14,"54":0,"55":20,"56":2,"57":17,"58":17,"59":46,"60":46,"61":46,"62":6,"63":17,"64":2,"65":47,"66":47,"67":294,"68":294,"69":23,"70":47,"71":2},"f":{"0":2,"1":28,"2":10,"3":14,"4":2,"5":2,"6":17,"7":8,"8":20,"9":17,"10":47},"b":{"0":[2,0],"1":[2,0],"2":[1,1],"3":[46,0],"4":[25,21],"5":[46,29],"6":[15,6],"7":[11,6],"8":[16,1],"9":[17,3,2],"10":[26,0],"11":[17,9],"12":[3,14],"13":[6,14],"14":[20,6],"15":[0,14],"16":[14,0],"17":[46,0],"18":[6,40],"19":[46,46],"20":[294,0],"21":[23,271]}}
,"/Users/sktifa/workspace/simple-sample/src/main/webapp/app/admin/health/health.vue": {"path":"/Users/sktifa/workspace/simple-sample/src/main/webapp/app/admin/health/health.vue","statementMap":{"0":{"start":{"line":2,"column":0},"end":{"line":null,"column":-1}},"1":{"start":{"line":3,"column":0},"end":{"line":null,"column":-1}},"2":{"start":{"line":10,"column":0},"end":{"line":57,"column":0}},"3":{"start":{"line":10,"column":0},"end":{"line":null,"column":-1}},"4":{"start":{"line":5,"column":0},"end":{"line":null,"column":-1}},"5":{"start":{"line":11,"column":0},"end":{"line":null,"column":-1}},"6":{"start":{"line":12,"column":0},"end":{"line":null,"column":-1}},"7":{"start":{"line":13,"column":0},"end":{"line":null,"column":-1}},"8":{"start":{"line":17,"column":0},"end":{"line":19,"column":0}},"9":{"start":{"line":18,"column":0},"end":{"line":null,"column":-1}},"10":{"start":{"line":21,"column":0},"end":{"line":23,"column":0}},"11":{"start":{"line":22,"column":0},"end":{"line":null,"column":-1}},"12":{"start":{"line":25,"column":0},"end":{"line":31,"column":0}},"13":{"start":{"line":26,"column":0},"end":{"line":30,"column":0}},"14":{"start":{"line":27,"column":0},"end":{"line":null,"column":-1}},"15":{"start":{"line":29,"column":0},"end":{"line":null,"column":-1}},"16":{"start":{"line":33,"column":0},"end":{"line":47,"column":0}},"17":{"start":{"line":33,"column":0},"end":{"line":null,"column":-1}},"18":{"start":{"line":34,"column":0},"end":{"line":null,"column":-1}},"19":{"start":{"line":35,"column":0},"end":{"line":46,"column":0}},"20":{"start":{"line":38,"column":0},"end":{"line":null,"column":-1}},"21":{"start":{"line":39,"column":0},"end":{"line":null,"column":-1}},"22":{"start":{"line":42,"column":0},"end":{"line":44,"column":0}},"23":{"start":{"line":43,"column":0},"end":{"line":null,"column":-1}},"24":{"start":{"line":45,"column":0},"end":{"line":null,"column":-1}},"25":{"start":{"line":49,"column":0},"end":{"line":52,"column":0}},"26":{"start":{"line":50,"column":0},"end":{"line":null,"column":-1}},"27":{"start":{"line":51,"column":0},"end":{"line":null,"column":-1}},"28":{"start":{"line":54,"column":0},"end":{"line":56,"column":0}},"29":{"start":{"line":55,"column":0},"end":{"line":null,"column":-1}},"30":{"start":{"line":15,"column":0},"end":{"line":null,"column":-1}},"31":{"start":{"line":10,"column":0},"end":{"line":5,"column":0}},"32":{"start":{"line":57,"column":0},"end":{"line":null,"column":-1}}},"fnMap":{"0":{"name":"(anonymous_3)","decl":{"start":{"line":10,"column":0},"end":{"line":null,"column":-1}},"loc":{"start":{"line":10,"column":0},"end":{"line":57,"column":0}}},"1":{"name":"JhiHealth","decl":{"start":{"line":5,"column":0},"end":{"line":null,"column":-1}},"loc":{"start":{"line":5,"column":0},"end":{"line":57,"column":0}}},"2":{"name":"(anonymous_5)","decl":{"start":{"line":17,"column":0},"end":{"line":null,"column":-1}},"loc":{"start":{"line":17,"column":0},"end":{"line":19,"column":0}}},"3":{"name":"(anonymous_6)","decl":{"start":{"line":21,"column":0},"end":{"line":null,"column":-1}},"loc":{"start":{"line":21,"column":0},"end":{"line":23,"column":0}}},"4":{"name":"(anonymous_7)","decl":{"start":{"line":25,"column":0},"end":{"line":null,"column":-1}},"loc":{"start":{"line":25,"column":0},"end":{"line":31,"column":0}}},"5":{"name":"(anonymous_8)","decl":{"start":{"line":33,"column":0},"end":{"line":null,"column":-1}},"loc":{"start":{"line":33,"column":0},"end":{"line":47,"column":0}}},"6":{"name":"(anonymous_9)","decl":{"start":{"line":35,"column":0},"end":{"line":null,"column":-1}},"loc":{"start":{"line":35,"column":0},"end":{"line":40,"column":0}}},"7":{"name":"(anonymous_10)","decl":{"start":{"line":40,"column":0},"end":{"line":null,"column":-1}},"loc":{"start":{"line":40,"column":0},"end":{"line":46,"column":0}}},"8":{"name":"(anonymous_11)","decl":{"start":{"line":49,"column":0},"end":{"line":null,"column":-1}},"loc":{"start":{"line":49,"column":0},"end":{"line":52,"column":0}}},"9":{"name":"(anonymous_12)","decl":{"start":{"line":54,"column":0},"end":{"line":null,"column":-1}},"loc":{"start":{"line":54,"column":0},"end":{"line":56,"column":0}}}},"branchMap":{"0":{"loc":{"start":{"line":5,"column":0},"end":{"line":null,"column":-1}},"type":"binary-expr","locations":[{"start":{"line":5,"column":0},"end":{"line":null,"column":-1}},{"start":{"line
[...]
"(anonymous_8)","decl":{"start":{"line":131,"column":22},"end":{"line":131,"column":22}},"loc":{"start":{"line":131,"column":42},"end":{"line":133,"column":7}}},"9":{"name":"(anonymous_9)","decl":{"start":{"line":134,"column":21},"end":{"line":134,"column":21}},"loc":{"start":{"line":134,"column":40},"end":{"line":136,"column":7}}},"10":{"name":"(anonymous_10)","decl":{"start":{"line":137,"column":18},"end":{"line":137,"column":18}},"loc":{"start":{"line":137,"column":24},"end":{"line":139,"column":7}}},"11":{"name":"(anonymous_11)","decl":{"start":{"line":140,"column":19},"end":{"line":140,"column":19}},"loc":{"start":{"line":140,"column":35},"end":{"line":144,"column":7}}},"12":{"name":"(anonymous_12)","decl":{"start":{"line":145,"column":12},"end":{"line":145,"column":12}},"loc":{"start":{"line":145,"column":18},"end":{"line":149,"column":7}}},"13":{"name":"(anonymous_13)","decl":{"start":{"line":152,"column":19},"end":{"line":152,"column":18}},"loc":{"start":{"line":152,"column":24},"end":{"line":152,"column":45}}},"14":{"name":"(anonymous_14)","decl":{"start":{"line":153,"column":24},"end":{"line":153,"column":23}},"loc":{"start":{"line":153,"column":29},"end":{"line":153,"column":55}}},"15":{"name":"(anonymous_15)","decl":{"start":{"line":154,"column":17},"end":{"line":154,"column":16}},"loc":{"start":{"line":154,"column":22},"end":{"line":154,"column":41}}},"16":{"name":"(anonymous_16)","decl":{"start":{"line":155,"column":20},"end":{"line":155,"column":19}},"loc":{"start":{"line":155,"column":25},"end":{"line":155,"column":47}}},"17":{"name":"(anonymous_17)","decl":{"start":{"line":156,"column":23},"end":{"line":156,"column":22}},"loc":{"start":{"line":156,"column":28},"end":{"line":156,"column":53}}},"18":{"name":"(anonymous_18)","decl":{"start":{"line":157,"column":17},"end":{"line":157,"column":16}},"loc":{"start":{"line":157,"column":22},"end":{"line":157,"column":41}}},"19":{"name":"(anonymous_19)","decl":{"start":{"line":158,"column":13},"end":{"line":158,"column":12}},"loc":{"start":{"line":158,"column":18},"end":{"line":158,"column":33}}},"20":{"name":"(anonymous_20)","decl":{"start":{"line":159,"column":15},"end":{"line":159,"column":14}},"loc":{"start":{"line":159,"column":20},"end":{"line":159,"column":42}}},"21":{"name":"(anonymous_21)","decl":{"start":{"line":160,"column":21},"end":{"line":160,"column":20}},"loc":{"start":{"line":160,"column":26},"end":{"line":160,"column":49}}}},"branchMap":{},"s":{"0":18,"1":18,"2":18,"3":18,"4":18,"5":18,"6":18,"7":18,"8":18,"9":18,"10":18,"11":18,"12":18,"13":18,"14":18,"15":18,"16":18,"17":18,"18":18,"19":18,"20":18,"21":18,"22":18,"23":18,"24":18,"25":18,"26":18,"27":18,"28":18,"29":18,"30":18,"31":18,"32":18,"33":18,"34":18,"35":18,"36":18,"37":18,"38":18,"39":18,"40":18,"41":18,"42":18,"43":18,"44":18,"45":0,"46":18,"47":18,"48":0,"49":18,"50":18,"51":18,"52":18,"53":14,"54":14,"55":0,"56":0,"57":0,"58":0,"59":0,"60":0,"61":0,"62":0,"63":0,"64":1,"65":2,"66":11,"67":11,"68":11,"69":2,"70":2,"71":2,"72":0,"73":0,"74":0,"75":0,"76":2,"77":2,"78":1,"79":3,"80":0,"81":18},"f":{"0":18,"1":0,"2":0,"3":18,"4":14,"5":0,"6":0,"7":0,"8":0,"9":1,"10":2,"11":11,"12":2,"13":0,"14":0,"15":0,"16":0,"17":2,"18":2,"19":1,"20":3,"21":0},"b":{}}
,"/Users/sktifa/workspace/simple-sample/src/main/webapp/app/shared/config/formatter.ts": {"path":"/Users/sktifa/workspace/simple-sample/src/main/webapp/app/shared/config/formatter.ts","statementMap":{"0":{"start":{"line":2,"column":2},"end":{"line":7,"column":3}},"1":{"start":{"line":3,"column":4},"end":{"line":3,"column":38}},"2":{"start":{"line":4,"column":4},"end":{"line":6,"column":5}},"3":{"start":{"line":5,"column":6},"end":{"line":5,"column":30}},"4":{"start":{"line":11,"column":2},"end":{"line":11,"column":49}},"5":{"start":{"line":19,"column":28},"end":{"line":19,"column":38}},"6":{"start":{"line":20,"column":29},"end":{"line":20,"column":39}},"7":{"start":{"line":23,"column":0},"end":{"line":50,"column":0}},"8":{"start":{"line":29,"column":4},"end":{"line":29,"column":38}},"9":{"start":{"line":30,"column":4},"end":{"line":30,"column":48}},"10":{"start":{"line":31,"column":4},"end":{"line":31,"column":49}},"11":{"start":{"line":34,"column":2},"end":{"line":49,"column":3}},"12":{"start":{"line":35,"column":4},"end":{"line":37,"column":5}},"13":{"start":{"line":36,"column":6},"end":{"line":36,"column":23}},"14":{"start":{"line":40,"column":4},"end":{"line":40,"column":83}},"15":{"start":{"line":42,"column":31},"end":{"line":42,"column":51}},"16":{"start":{"line":43,"column":4},"end":{"line":46,"column":5}},"17":{"start":{"line":44,"column":6},"end":{"line":44,"column":30}},"18":{"start":{"line":45,"column":6},"end":{"line":45,"column":36}},"19":{"start":{"line":48,"column":4},"end":{"line":48,"column":35}},"20":{"start":{"line":50,"column":0},"end":{"line":50,"column":1}},"21":{"start":{"line":53,"column":17},"end":{"line":53,"column":19}},"22":{"start":{"line":54,"column":17},"end":{"line":54,"column":18}},"23":{"start":{"line":56,"column":13},"end":{"line":56,"column":15}},"24":{"start":{"line":57,"column":2},"end":{"line":83,"column":3}},"25":{"start":{"line":58,"column":15},"end":{"line":58,"column":33}},"26":{"start":{"line":59,"column":4},"end":{"line":82,"column":5}},"27":{"start":{"line":60,"column":6},"end":{"line":62,"column":7}},"28":{"start":{"line":61,"column":8},"end":{"line":61,"column":51}},"29":{"start":{"line":64,"column":6},"end":{"line":64,"column":16}},"30":{"start":{"line":65,"column":16},"end":{"line":65,"column":18}},"31":{"start":{"line":66,"column":6},"end":{"line":66,"column":32}},"32":{"start":{"line":67,"column":6},"end":{"line":70,"column":7}},"33":{"start":{"line":68,"column":8},"end":{"line":68,"column":20}},"34":{"start":{"line":69,"column":8},"end":{"line":69,"column":34}},"35":{"start":{"line":71,"column":23},"end":{"line":71,"column":35}},"36":{"start":{"line":73,"column":20},"end":{"line":73,"column":125}},"37":{"start":{"line":74,"column":6},"end":{"line":74,"column":47}},"38":{"start":{"line":75,"column":11},"end":{"line":82,"column":5}},"39":{"start":{"line":77,"column":6},"end":{"line":79,"column":7}},"40":{"start":{"line":78,"column":8},"end":{"line":78,"column":21}},"41":{"start":{"line":81,"column":6},"end":{"line":81,"column":19}},"42":{"start":{"line":85,"column":2},"end":{"line":87,"column":3}},"43":{"start":{"line":86,"column":4},"end":{"line":86,"column":47}},"44":{"start":{"line":89,"column":2},"end":{"line":89,"column":16}},"45":{"start":{"line":93,"column":31},"end":{"line":93,"column":33}},"46":{"start":{"line":94,"column":14},"end":{"line":94,"column":15}},"47":{"start":{"line":96,"column":23},"end":{"line":96,"column":94}},"48":{"start":{"line":97,"column":2},"end":{"line":99,"column":3}},"49":{"start":{"line":98,"column":4},"end":{"line":98,"column":20}},"50":{"start":{"line":101,"column":2},"end":{"line":126,"column":3}},"51":{"start":{"line":102,"column":18},"end":{"line":102,"column":31}},"52":{"start":{"line":103,"column":4},"end":{"line":124,"column":5}},"53":{"start":{"line":105,"column":8},"end":{"line":105,"column":35}},"54":{"start":{"line":106,"column":8},"end":{"line":106,"column":14}},"55":{"start":{"line":108,"column":8},"end":{"line":108,"column":57}},"56":{"start":{"line":109,"column":8},"end":{"line":109,"column":14}},"57":{"start":{"line":111,"column":8},"end":{"line":117,"column":9}},"58":{"start":{"line":112,"column":10},"end":{"line":112,"column":45}},"59":{"start":{"line":114,"column":10},"end":{"line":116,"column":11}},"60":{"start":{"line":115,"column":12},"end":{"line":115,"column":103}},"61":{"start":{"line":118,"column":8},"end":{"line":118,"column":14}},"62":{"start":{"line":120,"column":8},"end":{"line":122,"column":9}},"63":{"start":{"line":121,"column":10},"end":{"line":121,"column":50}},"64":{"start":{"line":123,"column":8},"end":{"line":123,"column":14}},"65":{"start":{"line":125,"column":4},"end":{"line":125,"column":12}},"66":{"start":{"line":128,"column":2},"end":{"line":128,"column":18}}},"fnMap":{"0":{"name":"warn","decl":{"start":{"line":1,"column":9},"end":{"line":1,"column":13}},"loc":{"start":{"line":1,"column":38},"end":{"line":8,"column":1}}},"1":{"name":"isObject","decl":{"start":{"line":10,"column":9},"end":{"line":10,"column":17}},"loc":{"start":{"line":10,"column":26},"end":{"line":12,"column":1}}},"2":{"name":"(anonymous_2)","decl":{"start":{"line":23,"column":0},"end":{"line":null,"column":-1}},"loc":{"start":{"line":23,"column":0},"end":{"line":23,"column":-1}}},"3":{"name":"JhiFormatter","decl":{"start":{"line":28,"column":2},"end":{"line":null,"column":-1}},"loc":{"start":{"line":28,"column":2},"end":{"line":32,"column":3}}},"4":{"name":"(anonymous_4)","decl":{"start":{"line":34,"column":2},"end":{"line":34,"column":13}},"loc":{"start":{"line":34,"column":42},"end":{"line":49,"column":3}}},"5":{"name":"parse","decl":{"start":{"line":52,"column":9},"end":{"line":52,"column":14}},"loc":{"start":{"line":52,"column":29},"end":{"line":90,"column":1}}},"6":{"name":"compile","decl":{"start":{"line":92,"column":9},"end":{"line":92,"column":16}},"loc":{"start":{"line":92,"column":50},"end":{"line":129,"column":1}}}},"branchMap":{"0":{"loc":{"start":{"line":2,"column":2},"end":{"line":7,"column":3}},"type":"if","locations":[{"start":{"line":2,"column":2},"end":{"line":7,"column":3}},{"start":{"line":2,"column":2},"end":{"line":7,"column":3}}]},"1":{"loc":{"start":{"line":4,"column":4},"end":{"line":6,"column":5}},"type":"if","locations":[{"start":{"line":4,"column":4},"end":{"line":6,"column":5}},{"start":{"line":4,"column":4},"end":{"line":6,"column":5}}]},"2":{"loc":{"start":{"line":11,"column":9},"end":{"line":11,"column":21}},"type":"binary-expr","locations":[{"start":{"line":11,"column":9},"end":{"line":11,"column":21}},{"start":{"line":11,"column":25},"end":{"line":11,"column":48}}]},"3":{"loc":{"start":{"line":35,"column":4},"end":{"line":37,"column":5}},"type":"if","locations":[{"start":{"line":35,"column":4},"end":{"line":37,"column":5}},{"start":{"line":35,"column":4},"end":{"line":37,"column":5}}]},"4":{"loc":{"start":{"line":43,"column":4},"end":{"line":46,"column":5}},"type":"if","locations":[{"start":{"line":43,"column":4},"end":{"line":46,"column":5}},{"start":{"line":43,"column":4},"end":{"line":46,"column":5}}]},"5":{"loc":{"start":{"line":59,"column":4},"end":{"line":82,"column":5}},"type":"if","locations":[{"start":{"line":59,"column":4},"end":{"line":82,"column":5}},{"start":{"line":59,"column":4},"end":{"line":82,"column":5}}]},"6":{"loc":{"start":{"line":60,"column":6},"end":{"line":62,"column":7}},"type":"if","locations":[{"start":{"line":60,"column":6},"end":{"line":62,"column":7}},{"start":{"line":60,"column":6},"end":{"line":62,"column":7}}]},"7":{"loc":{"start":{"line":67,"column":13},"end":{"line":67,"column":31}},"type":"binary-expr","locations":[{"start":{"line":67,"column":13},"end":{"line":67,"column":31}},{"start":{"line":67,"column":35},"end":{"line":67,"column":47}}]},"8":{"loc":{"start":{"line":73,"column":52},"end":{"line":73,"column":58}},"type":"cond-expr","locations":[{"start":{"line":73,"column":52},"end":{"line":73,"column":58}},{"start":{"line":73,"column":61},"end":{"line":73,"column":125}}]},"9":{"loc":{"start":{"line":73,"column":106},"end":{"line":73,"column":113}},"type":"cond-expr","locations":[{"start":{"line":73,"column":106},"end":{"line":73,"column":113}},{"start":{"line":73,"column":116},"end":{"line":73,"column":125}}]},"10":{"loc":{"start":{"line":73,"column":61},"end":{"line":73,"column":69}},"type":"binary-expr","locations":[{"start":{"line":73,"column":61},"end":{"line":73,"column":69}},{"start":{"line":73,"column":73},"end":{"line":73,"column":103}}]},"11":{"loc":{"start":{"line":75,"column":11},"end":{"line":82,"column":5}},"type":"if","locations":[{"start":{"line":75,"column":11},"end":{"line":82,"column":5}},{"start":{"line":75,"column":11},"end":{"line":82,"column":5}}]},"12":{"loc":{"start":{"line":77,"column":6},"end":{"line":79,"column":7}},"type":"if","locations":[{"start":{"line":77,"column":6},"end":{"line":79,"column":7}},{"start":{"line":77,"column":6},"end":{"line":79,"column":7}}]},"13":{"loc":{"start":{"line":85,"column":2},"end":{"line":87,"column":3}},"type":"if","locations":[{"start":{"line":85,"column":2},"end":{"line":87,"column":3}},{"start":{"line":85,"column":2},"end":{"line":87,"column":3}}]},"14":{"loc":{"start":{"line":96,"column":47},"end":{"line":96,"column":53}},"type":"cond-expr","locations":[{"start":{"line":96,"column":47},"end":{"line":96,"column":53}},{"start":{"line":96,"column":56},"end":{"line":96,"column":94}}]},"15":{"loc":{"start":{"line":96,"column":75},"end":{"line":96,"column":82}},"type":"cond-expr","locations":[{"start":{"line":96,"column":75},"end":{"line":96,"column":82}},{"start":{"line":96,"column":85},"end":{"line":96,"column":94}}]},"16":{"loc":{"start":{"line":97,"column":2},"end":{"line":99,"column":3}},"type":"if","locations":[{"start":{"line":97,"column":2},"end":{"line":99,"column":3}},{"start":{"line":97,"column":2},"end":{"line":99,"column":3}}]},"17":{"loc":{"start":{"line":104,"column":6},"end":{"line":106,"column":14}},"type":"switch","locations":[{"start":{"line":104,"column":6},"end":{"line":106,"column":14}},{"start":{"line":107,"column":6},"end":{"line":109,"column":14}},{"start":{"line":110,"column":6},"end":{"line":118,"column":14}},{"start":{"line":119,"column":6},"end":{"line":123,"column":14}}]},"18":{"loc":{"start":{"line":111,"column":8},"end":{"line":117,"column":9}},"type":"if","locations":[{"start":{"line":111,"column":8},"end":{"line":117,"column":9}},{"start":{"line":111,"column":8},"end":{"line":117,"column":9}}]},"19":{"loc":{"start":{"line":114,"column":10},"end":{"line":116,"column":11}},"type":"if","locations":[{"start":{"line":114,"column":10},"end":{"line":116,"column":11}},{"start":{"line":114,"column":10},"end":{"line":116,"column":11}}]},"20":{"loc":{"start":{"line":120,"column":8},"end":{"line":122,"column":9}},"type":"if","locations":[{"start":{"line":120,"column":8},"end":{"line":122,"column":9}},{"start":{"line":120,"column":8},"end":{"line":122,"column":9}}]}},"s":{"0":0,"1":0,"2":0,"3":0,"4":0,"5":18,"6":18,"7":18,"8":18,"9":18,"10":18,"11":18,"12":0,"13":0,"14":0,"15":0,"16":0,"17":0,"18":0,"19":0,"20":18,"21":0,"22":0,"23":0,"24":0,"25":0,"26":0,"27":0,"28":0,"29":0,"30":0,"31":0,"32":0,"33":0,"34":0,"35":0,"36":0,"37":0,"38":0,"39":0,"40":0,"41":0,"42":0,"43":0,"44":0,"45":0,"46":0,"47":0,"48":0,"49":0,"50":0,"51":0,"52":0,"53":0,"54":0,"55":0,"56":0,"57":0,"58":0,"59":0,"60":0,"61":0,"62":0,"63":0,"64":0,"65":0,"66":0},"f":{"0":0,"1":0,"2":18,"3":18,"4":0,"5":0,"6":0},"b":{"0":[0,0],"1":[0,0],"2":[0,0],"3":[0,0],"4":[0,0],"5":[0,0],"6":[0,0],"7":[0,0],"8":[0,0],"9":[0,0],"10":[0,0],"11":[0,0],"12":[0,0],"13":[0,0],"14":[0,0],"15":[0,0],"16":[0,0],"17":[0,0,0,0],"18":[0,0],"19":[0,0],"20":[0,0]}}
,"/Users/sktifa/workspace/simple-sample/src/main/webapp/app/shared/date/filters.ts": {"path":"/Users/sktifa/workspace/simple-sample/src/main/webapp/app/shared/date/filters.ts","statementMap":{"0":{"start":{"line":1,"column":0},"end":{"line":1,"column":21}},"1":{"start":{"line":2,"column":0},"end":{"line":2,"column":33}},"2":{"start":{"line":4,"column":13},"end":{"line":4,"column":40}},"3":{"start":{"line":5,"column":13},"end":{"line":5,"column":51}},"4":{"start":{"line":7,"column":13},"end":{"line":7,"column":58}},"5":{"start":{"line":8,"column":13},"end":{"line":8,"column":55}},"6":{"start":{"line":9,"column":13},"end":{"line":9,"column":67}},"7":{"start":{"line":12,"column":2},"end":{"line":17,"column":5}},"8":{"start":{"line":13,"column":4},"end":{"line":15,"column":5}},"9":{"start":{"line":14,"column":6},"end":{"line":14,"column":45}},"10":{"start":{"line":16,"column":4},"end":{"line":16,"column":14}},"11":{"start":{"line":11,"column":0},"end":{"line":18,"column":1}}},"fnMap":{"0":{"name":"initFilters","decl":{"start":{"line":11,"column":16},"end":{"line":11,"column":27}},"loc":{"start":{"line":11,"column":27},"end":{"line":18,"column":1}}},"1":{"name":"(anonymous_1)","decl":{"start":{"line":12,"column":27},"end":{"line":12,"column":35}},"loc":{"start":{"line":12,"column":41},"end":{"line":17,"column":3}}}},"branchMap":{"0":{"loc":{"start":{"line":13,"column":4},"end":{"line":15,"column":5}},"type":"if","locations":[{"start":{"line":13,"column":4},"end":{"line":15,"column":5}},{"start":{"line":13,"column":4},"end":{"line":15,"column":5}}]}},"s":{"0":18,"1":18,"2":18,"3":18,"4":18,"5":18,"6":18,"7":18,"8":3,"9":0,"10":3,"11":18},"f":{"0":18,"1":3},"b":{"0":[0,3]}}
,"/Users/sktifa/workspace/simple-sample/src/main/webapp/app/shared/model/user.model.ts": {"path":"/Users/sktifa/workspace/simple-sample/src/main/webapp/app/shared/model/user.model.ts","statementMap":{"0":{"start":{"line":17,"column":0},"end":{"line":33,"column":0}},"1":{"start":{"line":19,"column":11},"end":{"line":19,"column":19}},"2":{"start":{"line":20,"column":11},"end":{"line":20,"column":25}},"3":{"start":{"line":21,"column":11},"end":{"line":21,"column":29}},"4":{"start":{"line":22,"column":11},"end":{"line":22,"column":28}},"5":{"start":{"line":23,"column":11},"end":{"line":23,"column":25}},"6":{"start":{"line":24,"column":11},"end":{"line":24,"column":30}},"7":{"start":{"line":25,"column":11},"end":{"line":25,"column":27}},"8":{"start":{"line":26,"column":11},"end":{"line":26,"column":30}},"9":{"start":{"line":27,"column":11},"end":{"line":27,"column":29}},"10":{"start":{"line":28,"column":11},"end":{"line":28,"column":29}},"11":{"start":{"line":29,"column":11},"end":{"line":29,"column":34}},"12":{"start":{"line":30,"column":11},"end":{"line":30,"column":34}},"13":{"start":{"line":31,"column":11},"end":{"line":31,"column":28}},"14":{"start":{"line":33,"column":0},"end":{"line":33,"column":1}},"15":{"start":{"line":17,"column":13},"end":{"line":17,"column":17}}},"fnMap":{"0":{"name":"(anonymous_0)","decl":{"start":{"line":17,"column":0},"end":{"line":null,"column":-1}},"loc":{"start":{"line":17,"column":0},"end":{"line":17,"column":-1}}},"1":{"name":"User","decl":{"start":{"line":18,"column":2},"end":{"line":19,"column":10}},"loc":{"start":{"line":31,"column":28},"end":{"line":32,"column":6}}}},"branchMap":{},"s":{"0":1,"1":5,"2":5,"3":5,"4":5,"5":5,"6":5,"7":5,"8":5,"9":5,"10":5,"11":5,"12":5,"13":5,"14":1,"15":1},"f":{"0":1,"1":5},"b":{}}
,"/Users/sktifa/workspace/simple-sample/src/main/webapp/app/shared/sort/sorts.ts": {"path":"/Users/sktifa/workspace/simple-sample/src/main/webapp/app/shared/sort/sorts.ts","statementMap":{"0":{"start":{"line":2,"column":2},"end":{"line":11,"column":3}},"1":{"start":{"line":3,"column":16},"end":{"line":3,"column":18}},"2":{"start":{"line":4,"column":4},"end":{"line":9,"column":5}},"3":{"start":{"line":4,"column":18},"end":{"line":4,"column":17}},"4":{"start":{"line":5,"column":6},"end":{"line":7,"column":7}},"5":{"start":{"line":6,"column":8},"end":{"line":6,"column":21}},"6":{"start":{"line":8,"column":6},"end":{"line":8,"column":51}},"7":{"start":{"line":10,"column":4},"end":{"line":10,"column":80}},"8":{"start":{"line":12,"column":2},"end":{"line":12,"column":12}},"9":{"start":{"line":1,"column":0},"end":{"line":13,"column":1}}},"fnMap":{"0":{"name":"buildPaginationQueryOpts","decl":{"start":{"line":1,"column":24},"end":{"line":1,"column":48}},"loc":{"start":{"line":1,"column":64},"end":{"line":13,"column":1}}}},"branchMap":{"0":{"loc":{"start":{"line":2,"column":2},"end":{"line":11,"column":3}},"type":"if","locations":[{"start":{"line":2,"column":2},"end":{"line":11,"column":3}},{"start":{"line":2,"column":2},"end":{"line":11,"column":3}}]},"1":{"loc":{"start":{"line":5,"column":6},"end":{"line":7,"column":7}},"type":"if","locations":[{"start":{"line":5,"column":6},"end":{"line":7,"column":7}},{"start":{"line":5,"column":6},"end":{"line":7,"column":7}}]}},"s":{"0":13,"1":13,"2":13,"3":13,"4":13,"5":0,"6":13,"7":13,"8":0,"9":3},"f":{"0":13},"b":{"0":[13,0],"1":[0,13]}}
}
