TN:
SF:/Users/sktifa/workspace/simple-sample/src/main/webapp/app/constants.ts
FNF:0
FNH:0
DA:5,18
DA:7,18
DA:8,18
DA:11,18
DA:12,18
DA:13,18
DA:14,18
LF:7
LH:7
BRF:0
BRH:0
end_of_record
TN:
SF:/Users/sktifa/workspace/simple-sample/src/main/webapp/app/account/login-modal.service.ts
FN:3,(anonymous_0)
FN:4,(anonymous_2)
FNF:2
FNH:2
FNDA:3,(anonymous_0)
FNDA:1,(anonymous_2)
DA:3,2
DA:4,2
DA:5,1
DA:7,2
LF:4
LH:4
BRF:0
BRH:0
end_of_record
TN:
SF:/Users/sktifa/workspace/simple-sample/src/main/webapp/app/account/principal.ts
FN:7,(anonymous_0)
FN:8,Principal
FN:12,(anonymous_2)
FN:19,(anonymous_3)
FN:23,(anonymous_4)
FN:36,(anonymous_5)
FN:42,(anonymous_6)
FN:59,(anonymous_7)
FN:63,(anonymous_8)
FN:67,(anonymous_9)
FN:71,(anonymous_10)
FNF:11
FNH:7
FNDA:4,(anonymous_0)
FNDA:7,Principal
FNDA:7,(anonymous_2)
FNDA:2,(anonymous_3)
FNDA:2,(anonymous_4)
FNDA:0,(anonymous_5)
FNDA:0,(anonymous_6)
FNDA:0,(anonymous_7)
FNDA:0,(anonymous_8)
FNDA:6,(anonymous_9)
FNDA:2,(anonymous_10)
DA:1,4
DA:7,4
DA:8,7
DA:9,7
DA:12,4
DA:13,7
DA:14,7
DA:15,1
DA:19,4
DA:20,2
DA:21,2
DA:24,2
DA:25,2
DA:26,0
DA:27,0
DA:28,0
DA:31,2
DA:32,2
DA:34,2
DA:37,0
DA:38,0
DA:42,4
DA:43,0
DA:44,0
DA:46,0
DA:47,0
DA:50,0
DA:51,0
DA:52,0
DA:56,0
DA:59,4
DA:60,0
DA:63,4
DA:64,0
DA:67,4
DA:68,6
DA:71,4
DA:72,2
DA:74,4
LF:39
LH:24
BRDA:13,0,0,7
BRDA:13,0,1,6
BRDA:14,1,0,1
BRDA:14,1,1,6
BRDA:14,2,0,7
BRDA:14,2,1,1
BRDA:14,2,2,1
BRDA:25,3,0,0
BRDA:25,3,1,2
BRDA:27,4,0,0
BRDA:27,4,1,0
BRDA:43,5,0,0
BRDA:43,5,1,0
BRDA:46,6,0,0
BRDA:46,6,1,0
BRDA:46,7,0,0
BRDA:46,7,1,0
BRDA:51,8,0,0
BRDA:51,8,1,0
BRDA:68,9,0,6
BRDA:68,9,1,0
BRF:21
BRH:9
end_of_record
TN:
SF:/Users/sktifa/workspace/simple-sample/src/main/webapp/app/account/activate/activate.service.ts
FN:3,(anonymous_0)
FN:6,ActivateService
FN:10,(anonymous_2)
FNF:3
FNH:3
FNDA:1,(anonymous_0)
FNDA:2,ActivateService
FNDA:2,(anonymous_2)
DA:1,1
DA:3,1
DA:7,2
DA:10,1
DA:11,2
DA:13,1
LF:6
LH:6
BRF:0
BRH:0
end_of_record
TN:
SF:/Users/sktifa/workspace/simple-sample/src/main/webapp/app/account/activate/activate.vue
FN:7,(anonymous_3)
FN:6,Activate
FN:15,(anonymous_5)
FN:16,(anonymous_6)
FN:23,(anonymous_7)
FN:24,(anonymous_8)
FN:30,(anonymous_9)
FN:38,(anonymous_10)
FNF:8
FNH:5
FNDA:1,(anonymous_3)
FNDA:3,Activate
FNDA:0,(anonymous_5)
FNDA:0,(anonymous_6)
FNDA:2,(anonymous_7)
FNDA:1,(anonymous_8)
FNDA:1,(anonymous_9)
FNDA:0,(anonymous_10)
DA:1,1
DA:2,1
DA:6,3
DA:7,2
DA:9,1
DA:11,1
DA:12,3
DA:13,3
DA:15,1
DA:16,0
DA:17,0
DA:18,0
DA:23,2
DA:24,2
DA:28,1
DA:29,1
DA:32,1
DA:33,1
DA:38,1
DA:39,0
DA:41,1
LF:21
LH:17
BRDA:6,0,0,3
BRDA:6,0,1,3
BRDA:6,0,2,3
BRDA:17,1,0,0
BRDA:17,1,1,0
BRF:5
BRH:3
end_of_record
TN:
SF:/Users/sktifa/workspace/simple-sample/src/main/webapp/app/account/change-password/change-password.vue
FN:32,(anonymous_3)
FN:26,ChangePassword
FN:44,(anonymous_5)
FN:52,(anonymous_6)
FN:59,(anonymous_7)
FNF:5
FNH:5
FNDA:1,(anonymous_3)
FNDA:4,ChangePassword
FNDA:3,(anonymous_5)
FNDA:1,(anonymous_6)
FNDA:1,(anonymous_7)
DA:1,1
DA:2,1
DA:3,1
DA:4,1
DA:5,1
DA:8,1
DA:26,4
DA:32,1
DA:33,4
DA:34,4
DA:35,4
DA:36,4
DA:42,1
DA:44,3
DA:45,3
DA:46,1
DA:47,1
DA:48,1
DA:50,2
DA:51,2
DA:57,1
DA:58,1
DA:61,1
DA:62,1
DA:67,1
DA:68,0
DA:70,1
LF:27
LH:26
BRDA:26,0,0,4
BRDA:26,0,1,4
BRDA:26,0,2,4
BRDA:45,1,0,1
BRDA:45,1,1,2
BRF:5
BRH:5
end_of_record
TN:
SF:/Users/sktifa/workspace/simple-sample/src/main/webapp/app/account/login-form/login-form.vue
FN:14,(anonymous_3)
FN:7,LoginForm
FN:23,(anonymous_5)
FN:25,(anonymous_6)
FN:40,(anonymous_7)
FN:9,(anonymous_8)
FNF:6
FNH:5
FNDA:1,(anonymous_3)
FNDA:3,LoginForm
FNDA:2,(anonymous_5)
FNDA:1,(anonymous_6)
FNDA:1,(anonymous_7)
FNDA:0,(anonymous_8)
DA:1,1
DA:2,1
DA:3,1
DA:7,3
DA:10,0
DA:14,1
DA:15,3
DA:16,3
DA:17,3
DA:18,3
DA:21,1
DA:23,2
DA:24,2
DA:25,2
DA:28,1
DA:29,1
DA:30,1
DA:31,1
DA:32,1
DA:34,0
DA:37,1
DA:38,1
DA:39,1
DA:42,1
DA:45,1
LF:25
LH:23
BRDA:7,0,0,3
BRDA:7,0,1,3
BRDA:7,0,2,3
BRDA:29,1,0,1
BRDA:29,1,1,0
BRDA:29,2,0,1
BRDA:29,2,1,1
BRDA:31,3,0,1
BRDA:31,3,1,0
BRF:9
BRH:7
end_of_record
TN:
SF:/Users/sktifa/workspace/simple-sample/src/main/webapp/app/account/register/register.service.ts
FN:3,(anonymous_0)
FN:4,(anonymous_2)
FNF:2
FNH:2
FNDA:5,(anonymous_0)
FNDA:4,(anonymous_2)
DA:1,1
DA:3,1
DA:4,1
DA:5,4
DA:7,1
LF:5
LH:5
BRF:0
BRH:0
end_of_record
TN:
SF:/Users/sktifa/workspace/simple-sample/src/main/webapp/app/account/register/register.vue
FN:38,(anonymous_3)
FN:35,Register
FN:55,(anonymous_5)
FN:64,(anonymous_6)
FN:68,(anonymous_7)
FN:82,(anonymous_8)
FNF:6
FNH:6
FNDA:1,(anonymous_3)
FNDA:8,Register
FNDA:5,(anonymous_5)
FNDA:1,(anonymous_6)
FNDA:3,(anonymous_7)
FNDA:1,(anonymous_8)
DA:1,1
DA:2,1
DA:3,1
DA:6,1
DA:8,1
DA:9,1
DA:35,8
DA:38,1
DA:40,1
DA:42,1
DA:43,8
DA:48,8
DA:49,8
DA:50,8
DA:51,8
DA:52,8
DA:53,8
DA:55,5
DA:56,5
DA:57,1
DA:59,4
DA:60,4
DA:61,4
DA:62,4
DA:63,4
DA:64,4
DA:67,1
DA:70,3
DA:71,3
DA:72,1
DA:73,2
DA:74,1
DA:76,1
DA:82,1
DA:83,1
DA:85,1
LF:36
LH:36
BRDA:35,0,0,8
BRDA:35,0,1,8
BRDA:35,0,2,8
BRDA:56,1,0,1
BRDA:56,1,1,4
BRDA:71,2,0,1
BRDA:71,2,1,2
BRDA:71,3,0,3
BRDA:71,3,1,3
BRDA:73,4,0,1
BRDA:73,4,1,1
BRDA:73,5,0,2
BRDA:73,5,1,2
BRF:13
BRH:13
end_of_record
TN:
SF:/Users/sktifa/workspace/simple-sample/src/main/webapp/app/account/reset-password/reset-password.vue
FN:24,(anonymous_3)
FN:21,ResetPassword
FN:32,(anonymous_5)
FN:33,(anonymous_6)
FN:37,(anonymous_7)
FNF:5
FNH:5
FNDA:1,(anonymous_3)
FNDA:4,ResetPassword
FNDA:3,(anonymous_5)
FNDA:1,(anonymous_6)
FNDA:2,(anonymous_7)
DA:1,1
DA:2,1
DA:3,1
DA:4,1
DA:6,1
DA:21,4
DA:24,1
DA:25,4
DA:26,4
DA:27,4
DA:28,4
DA:32,3
DA:33,3
DA:36,1
DA:39,2
DA:40,2
DA:41,1
DA:43,1
DA:47,1
LF:19
LH:19
BRDA:21,0,0,4
BRDA:21,0,1,4
BRDA:21,0,2,4
BRDA:40,1,0,1
BRDA:40,1,1,1
BRDA:40,2,0,2
BRDA:40,2,1,1
BRF:7
BRH:7
end_of_record
TN:
SF:/Users/sktifa/workspace/simple-sample/src/main/webapp/app/account/settings/settings.vue
FN:31,(anonymous_3)
FN:28,Settings
FN:39,(anonymous_5)
FN:42,(anonymous_6)
FN:48,(anonymous_7)
FNF:5
FNH:5
FNDA:1,(anonymous_3)
FNDA:6,Settings
FNDA:5,(anonymous_5)
FNDA:2,(anonymous_6)
FNDA:3,(anonymous_7)
DA:1,1
DA:2,1
DA:4,1
DA:5,1
DA:7,1
DA:28,6
DA:31,1
DA:32,6
DA:33,6
DA:34,6
DA:35,6
DA:37,1
DA:39,5
DA:40,5
DA:41,5
DA:42,5
DA:45,2
DA:46,2
DA:47,2
DA:50,3
DA:51,3
DA:52,3
DA:53,1
DA:54,1
DA:59,1
DA:60,6
DA:63,1
DA:64,6
DA:66,1
LF:29
LH:29
BRDA:28,0,0,6
BRDA:28,0,1,6
BRDA:28,0,2,6
BRDA:52,1,0,1
BRDA:52,1,1,1
BRDA:52,2,0,3
BRDA:52,2,1,2
BRF:7
BRH:7
end_of_record
TN:
SF:/Users/sktifa/workspace/simple-sample/src/main/webapp/app/admin/audits/audits.service.ts
FN:3,(anonymous_0)
FN:6,AuditsService
FN:10,(anonymous_2)
FN:18,(anonymous_3)
FN:21,(anonymous_4)
FNF:5
FNH:5
FNDA:1,(anonymous_0)
FNDA:7,AuditsService
FNDA:7,(anonymous_2)
FNDA:7,(anonymous_3)
FNDA:7,(anonymous_4)
DA:1,1
DA:3,1
DA:7,7
DA:10,1
DA:11,7
DA:12,14
DA:13,14
DA:14,7
DA:16,14
DA:18,7
DA:19,7
DA:21,7
DA:24,1
LF:13
LH:13
BRDA:13,0,0,7
BRDA:13,0,1,7
BRF:2
BRH:2
end_of_record
TN:
SF:/Users/sktifa/workspace/simple-sample/src/main/webapp/app/admin/audits/audits.vue
FN:6,(anonymous_3)
FN:5,JhiAudits
FN:21,(anonymous_5)
FN:25,(anonymous_6)
FN:31,(anonymous_7)
FN:44,(anonymous_8)
FN:54,(anonymous_9)
FN:57,(anonymous_10)
FN:72,(anonymous_11)
FN:78,(anonymous_12)
FN:85,(anonymous_13)
FN:89,(anonymous_14)
FNF:12
FNH:11
FNDA:1,(anonymous_3)
FNDA:5,JhiAudits
FNDA:5,(anonymous_5)
FNDA:7,(anonymous_6)
FNDA:8,(anonymous_7)
FNDA:8,(anonymous_8)
FNDA:12,(anonymous_9)
FNDA:7,(anonymous_10)
FNDA:7,(anonymous_11)
FNDA:11,(anonymous_12)
FNDA:5,(anonymous_13)
FNDA:0,(anonymous_14)
DA:1,1
DA:3,1
DA:5,5
DA:6,2
DA:7,5
DA:8,5
DA:9,5
DA:10,5
DA:11,5
DA:12,5
DA:13,5
DA:14,5
DA:15,5
DA:16,5
DA:17,5
DA:19,1
DA:21,1
DA:22,5
DA:25,1
DA:26,7
DA:27,7
DA:28,7
DA:31,1
DA:32,8
DA:33,8
DA:35,8
DA:36,8
DA:38,0
DA:41,8
DA:44,1
DA:45,8
DA:47,8
DA:48,8
DA:49,8
DA:51,8
DA:54,12
DA:55,12
DA:56,7
DA:65,7
DA:66,7
DA:67,7
DA:72,1
DA:73,7
DA:74,7
DA:75,7
DA:78,1
DA:79,11
DA:80,5
DA:81,5
DA:85,1
DA:86,5
DA:89,1
DA:90,0
DA:91,0
DA:92,0
DA:94,1
LF:56
LH:52
BRDA:5,0,0,5
BRDA:5,0,1,5
BRDA:5,0,2,5
BRDA:35,1,0,8
BRDA:35,1,1,0
BRDA:55,2,0,7
BRDA:55,2,1,5
BRDA:55,3,0,12
BRDA:55,3,1,7
BRDA:73,4,0,0
BRDA:73,4,1,7
BRDA:79,5,0,5
BRDA:79,5,1,6
BRF:13
BRH:11
end_of_record
TN:
SF:/Users/sktifa/workspace/simple-sample/src/main/webapp/app/admin/configuration/configuration.service.ts
FN:3,(anonymous_0)
FN:4,(anonymous_2)
FN:5,(anonymous_3)
FN:6,(anonymous_4)
FN:15,(anonymous_5)
FN:23,(anonymous_6)
FN:24,(anonymous_7)
FN:25,(anonymous_8)
FN:45,(anonymous_9)
FNF:9
FNH:8
FNDA:11,(anonymous_0)
FNDA:5,(anonymous_2)
FNDA:5,(anonymous_3)
FNDA:5,(anonymous_4)
FNDA:0,(anonymous_5)
FNDA:5,(anonymous_6)
FNDA:5,(anonymous_7)
FNDA:5,(anonymous_8)
FNDA:5,(anonymous_9)
DA:1,1
DA:3,1
DA:4,5
DA:5,5
DA:6,5
DA:7,5
DA:8,5
DA:9,5
DA:10,0
DA:11,0
DA:15,5
DA:16,0
DA:18,5
DA:23,1
DA:24,5
DA:25,5
DA:26,5
DA:27,5
DA:29,5
DA:30,0
DA:31,0
DA:32,0
DA:33,0
DA:34,0
DA:35,0
DA:38,0
DA:40,5
DA:45,1
DA:47,5
DA:48,5
DA:52,5
DA:53,5
DA:58,0
DA:60,1
LF:34
LH:23
BRDA:10,0,0,0
BRDA:10,0,1,0
BRDA:16,1,0,0
BRDA:16,1,1,0
BRDA:16,2,0,0
BRDA:16,2,1,0
BRDA:34,3,0,0
BRDA:34,3,1,0
BRDA:47,4,0,5
BRDA:47,4,1,0
BRDA:52,5,0,5
BRDA:52,5,1,0
BRF:12
BRH:2
end_of_record
TN:
SF:/Users/sktifa/workspace/simple-sample/src/main/webapp/app/admin/configuration/configuration.vue
FN:6,(anonymous_3)
FN:5,JhiConfiguration
FN:16,(anonymous_5)
FN:20,(anonymous_6)
FN:21,(anonymous_7)
FN:33,(anonymous_8)
FN:40,(anonymous_9)
FN:45,(anonymous_10)
FNF:8
FNH:7
FNDA:1,(anonymous_3)
FNDA:4,JhiConfiguration
FNDA:4,(anonymous_5)
FNDA:5,(anonymous_6)
FNDA:5,(anonymous_7)
FNDA:5,(anonymous_8)
FNDA:0,(anonymous_9)
FNDA:8,(anonymous_10)
DA:1,1
DA:2,1
DA:5,4
DA:6,2
DA:7,4
DA:8,4
DA:9,4
DA:10,4
DA:11,4
DA:12,4
DA:14,1
DA:16,1
DA:17,4
DA:20,5
DA:21,5
DA:24,5
DA:26,5
DA:27,0
DA:28,0
DA:33,5
DA:36,5
DA:40,1
DA:41,0
DA:42,0
DA:45,1
DA:46,8
DA:48,1
LF:27
LH:23
BRDA:5,0,0,4
BRDA:5,0,1,4
BRDA:5,0,2,4
BRDA:27,1,0,0
BRDA:27,1,1,0
BRDA:46,2,0,1
BRDA:46,2,1,7
BRF:7
BRH:5
end_of_record
TN:
SF:/Users/sktifa/workspace/simple-sample/src/main/webapp/app/admin/docs/docs.vue
FN:4,(anonymous_2)
FNF:1
FNH:1
FNDA:2,(anonymous_2)
DA:1,1
DA:4,4
LF:2
LH:2
BRF:0
BRH:0
end_of_record
TN:
SF:/Users/sktifa/workspace/simple-sample/src/main/webapp/app/admin/health/health-modal.vue
FN:5,(anonymous_2)
FN:11,(anonymous_4)
FN:15,(anonymous_5)
FN:19,(anonymous_6)
FNF:4
FNH:1
FNDA:1,(anonymous_2)
FNDA:0,(anonymous_4)
FNDA:0,(anonymous_5)
FNDA:0,(anonymous_6)
DA:2,1
DA:5,2
DA:7,1
DA:9,1
DA:11,1
DA:12,0
DA:15,1
DA:16,0
DA:19,1
DA:20,0
DA:22,0
DA:23,0
DA:25,0
DA:27,0
DA:31,0
DA:32,0
DA:34,0
DA:37,1
LF:18
LH:8
BRDA:20,0,0,0
BRDA:20,0,1,0
BRDA:23,1,0,0
BRDA:23,1,1,0
BRDA:31,2,0,0
BRDA:31,2,1,0
BRF:6
BRH:0
end_of_record
TN:
SF:/Users/sktifa/workspace/simple-sample/src/main/webapp/app/admin/health/health.service.ts
FN:3,(anonymous_0)
FN:7,HealthService
FN:12,(anonymous_2)
FN:16,(anonymous_3)
FN:22,(anonymous_4)
FN:29,(anonymous_5)
FN:38,(anonymous_6)
FN:74,(anonymous_7)
FN:91,(anonymous_8)
FN:105,(anonymous_9)
FN:119,(anonymous_10)
FNF:11
FNH:11
FNDA:2,(anonymous_0)
FNDA:28,HealthService
FNDA:10,(anonymous_2)
FNDA:14,(anonymous_3)
FNDA:2,(anonymous_4)
FNDA:2,(anonymous_5)
FNDA:17,(anonymous_6)
FNDA:8,(anonymous_7)
FNDA:20,(anonymous_8)
FNDA:17,(anonymous_9)
FNDA:47,(anonymous_10)
DA:1,2
DA:3,2
DA:8,28
DA:9,28
DA:12,2
DA:13,10
DA:16,2
DA:17,14
DA:18,14
DA:19,5
DA:22,2
DA:23,2
DA:24,2
DA:25,2
DA:29,2
DA:30,2
DA:31,2
DA:32,2
DA:33,2
DA:34,2
DA:38,2
DA:39,17
DA:45,17
DA:46,17
DA:48,17
DA:49,46
DA:50,46
DA:51,46
DA:52,25
DA:54,21
DA:55,15
DA:56,15
DA:63,17
DA:64,11
DA:68,17
DA:69,16
DA:71,17
DA:74,2
DA:75,8
DA:76,26
DA:77,26
DA:78,26
DA:79,17
DA:80,3
DA:81,3
DA:83,14
DA:88,8
DA:91,2
DA:93,20
DA:94,6
DA:95,14
DA:96,0
DA:97,14
DA:98,14
DA:100,0
DA:102,20
DA:105,2
DA:106,17
DA:108,17
DA:109,46
DA:110,46
DA:111,46
DA:112,6
DA:116,17
DA:119,2
DA:120,47
DA:122,47
DA:123,294
DA:124,294
DA:125,23
DA:129,47
DA:131,2
LF:72
LH:70
BRDA:23,0,0,2
BRDA:23,0,1,0
BRDA:30,1,0,2
BRDA:30,1,1,0
BRDA:34,2,0,1
BRDA:34,2,1,1
BRDA:49,3,0,46
BRDA:49,3,1,0
BRDA:51,4,0,25
BRDA:51,4,1,21
BRDA:51,5,0,46
BRDA:51,5,1,29
BRDA:54,6,0,15
BRDA:54,6,1,6
BRDA:63,7,0,11
BRDA:63,7,1,6
BRDA:68,8,0,16
BRDA:68,8,1,1
BRDA:68,9,0,17
BRDA:68,9,1,3
BRDA:68,9,2,2
BRDA:76,10,0,26
BRDA:76,10,1,0
BRDA:78,11,0,17
BRDA:78,11,1,9
BRDA:79,12,0,3
BRDA:79,12,1,14
BRDA:93,13,0,6
BRDA:93,13,1,14
BRDA:93,14,0,20
BRDA:93,14,1,6
BRDA:95,15,0,0
BRDA:95,15,1,14
BRDA:97,16,0,14
BRDA:97,16,1,0
BRDA:109,17,0,46
BRDA:109,17,1,0
BRDA:111,18,0,6
BRDA:111,18,1,40
BRDA:111,19,0,46
BRDA:111,19,1,46
BRDA:123,20,0,294
BRDA:123,20,1,0
BRDA:124,21,0,23
BRDA:124,21,1,271
BRF:45
BRH:37
end_of_record
TN:
SF:/Users/sktifa/workspace/simple-sample/src/main/webapp/app/admin/health/health.vue
FN:10,(anonymous_3)
FN:5,JhiHealth
FN:17,(anonymous_5)
FN:21,(anonymous_6)
FN:25,(anonymous_7)
FN:33,(anonymous_8)
FN:35,(anonymous_9)
FN:40,(anonymous_10)
FN:49,(anonymous_11)
FN:54,(anonymous_12)
FNF:10
FNH:9
FNDA:1,(anonymous_3)
FNDA:8,JhiHealth
FNDA:8,(anonymous_5)
FNDA:2,(anonymous_6)
FNDA:2,(anonymous_7)
FNDA:10,(anonymous_8)
FNDA:9,(anonymous_9)
FNDA:10,(anonymous_10)
FNDA:0,(anonymous_11)
FNDA:2,(anonymous_12)
DA:2,1
DA:3,1
DA:5,8
DA:10,1
DA:11,8
DA:12,8
DA:13,8
DA:15,1
DA:17,1
DA:18,8
DA:21,1
DA:22,2
DA:25,1
DA:26,2
DA:27,1
DA:29,1
DA:33,10
DA:34,10
DA:35,10
DA:38,9
DA:39,0
DA:42,10
DA:43,0
DA:45,10
DA:49,1
DA:50,0
DA:51,0
DA:54,1
DA:55,2
DA:57,1
LF:30
LH:26
BRDA:5,0,0,8
BRDA:5,0,1,8
BRDA:5,0,2,8
BRDA:26,1,0,1
BRDA:26,1,1,1
BRDA:42,2,0,0
BRDA:42,2,1,10
BRF:7
BRH:6
end_of_record
TN:
SF:/Users/sktifa/workspace/simple-sample/src/main/webapp/app/admin/logs/logs.service.ts
FN:6,(anonymous_0)
FN:7,(anonymous_2)
FN:11,(anonymous_3)
FNF:3
FNH:3
FNDA:9,(anonymous_0)
FNDA:1,(anonymous_2)
FNDA:7,(anonymous_3)
DA:1,1
DA:2,1
DA:3,1
DA:6,1
DA:7,1
DA:8,1
DA:11,1
DA:12,7
DA:14,1
LF:9
LH:9
BRF:0
BRH:0
end_of_record
TN:
SF:/Users/sktifa/workspace/simple-sample/src/main/webapp/app/admin/logs/logs.vue
FN:6,(anonymous_2)
FN:5,JhiLogs
FN:14,(anonymous_4)
FN:18,(anonymous_5)
FN:19,(anonymous_6)
FN:26,(anonymous_7)
FN:27,(anonymous_8)
FN:34,(anonymous_9)
FNF:8
FNH:8
FNDA:1,(anonymous_2)
FNDA:5,JhiLogs
FNDA:5,(anonymous_4)
FNDA:7,(anonymous_5)
FNDA:7,(anonymous_6)
FNDA:1,(anonymous_7)
FNDA:1,(anonymous_8)
FNDA:1,(anonymous_9)
DA:1,1
DA:5,5
DA:6,2
DA:8,1
DA:9,5
DA:10,5
DA:11,5
DA:12,5
DA:14,1
DA:15,5
DA:18,7
DA:19,7
DA:22,7
DA:26,1
DA:27,1
DA:30,1
DA:34,1
DA:35,1
DA:36,1
DA:38,1
LF:20
LH:20
BRDA:5,0,0,5
BRDA:5,0,1,5
BRDA:5,0,2,5
BRF:3
BRH:3
end_of_record
TN:
SF:/Users/sktifa/workspace/simple-sample/src/main/webapp/app/admin/metrics/metrics-modal.vue
FN:4,(anonymous_2)
FN:3,JhiMetricsModal
FN:19,(anonymous_5)
FN:35,(anonymous_6)
FNF:4
FNH:4
FNDA:2,(anonymous_2)
FNDA:7,JhiMetricsModal
FNDA:6,(anonymous_5)
FNDA:17,(anonymous_6)
DA:1,2
DA:3,7
DA:4,4
DA:6,2
DA:8,7
DA:10,2
DA:11,8
DA:18,8
DA:19,1
DA:20,6
DA:21,1
DA:22,5
DA:23,1
DA:24,4
DA:25,1
DA:26,3
DA:27,2
DA:30,1
DA:32,8
DA:35,2
DA:36,17
DA:37,3
DA:38,14
DA:39,3
DA:40,11
DA:41,3
DA:42,8
DA:43,5
DA:46,2
LF:29
LH:29
BRDA:3,0,0,7
BRDA:3,0,1,7
BRDA:3,0,2,7
BRDA:18,1,0,1
BRDA:18,1,1,7
BRDA:20,2,0,1
BRDA:20,2,1,5
BRDA:22,3,0,1
BRDA:22,3,1,4
BRDA:24,4,0,1
BRDA:24,4,1,3
BRDA:26,5,0,2
BRDA:26,5,1,1
BRDA:36,6,0,3
BRDA:36,6,1,14
BRDA:38,7,0,3
BRDA:38,7,1,11
BRDA:40,8,0,3
BRDA:40,8,1,8
BRDA:42,9,0,5
BRDA:42,9,1,3
BRF:21
BRH:21
end_of_record
TN:
SF:/Users/sktifa/workspace/simple-sample/src/main/webapp/app/admin/metrics/metrics.service.ts
FN:3,(anonymous_0)
FN:6,MetricsService
FN:10,(anonymous_2)
FN:14,(anonymous_3)
FNF:4
FNH:4
FNDA:1,(anonymous_0)
FNDA:6,MetricsService
FNDA:5,(anonymous_2)
FNDA:1,(anonymous_3)
DA:1,1
DA:3,1
DA:7,6
DA:10,1
DA:11,5
DA:14,1
DA:15,1
DA:17,1
LF:8
LH:8
BRF:0
BRH:0
end_of_record
TN:
SF:/Users/sktifa/workspace/simple-sample/src/main/webapp/app/admin/metrics/metrics.vue
FN:11,(anonymous_3)
FN:6,JhiMetrics
FN:21,(anonymous_5)
FN:25,(anonymous_6)
FN:27,(anonymous_7)
FN:34,(anonymous_8)
FN:40,(anonymous_9)
FN:57,(anonymous_10)
FN:61,(anonymous_11)
FN:68,(anonymous_12)
FN:75,(anonymous_13)
FN:79,(anonymous_14)
FNF:12
FNH:10
FNDA:1,(anonymous_3)
FNDA:4,JhiMetrics
FNDA:4,(anonymous_5)
FNDA:5,(anonymous_6)
FNDA:5,(anonymous_7)
FNDA:2,(anonymous_8)
FNDA:2,(anonymous_9)
FNDA:1,(anonymous_10)
FNDA:1,(anonymous_11)
FNDA:2,(anonymous_12)
FNDA:0,(anonymous_13)
FNDA:0,(anonymous_14)
DA:1,1
DA:2,1
DA:4,1
DA:6,4
DA:11,1
DA:12,4
DA:13,4
DA:14,4
DA:15,4
DA:16,4
DA:17,4
DA:19,1
DA:21,1
DA:22,4
DA:25,5
DA:26,5
DA:27,5
DA:30,5
DA:31,5
DA:32,5
DA:33,5
DA:34,5
DA:35,2
DA:36,2
DA:37,1
DA:40,5
DA:41,2
DA:42,1
DA:44,1
DA:45,1
DA:48,1
DA:57,1
DA:58,1
DA:59,0
DA:61,1
DA:64,1
DA:68,1
DA:69,2
DA:70,1
DA:72,1
DA:75,1
DA:76,0
DA:79,1
DA:80,0
DA:82,1
LF:45
LH:42
BRDA:6,0,0,4
BRDA:6,0,1,4
BRDA:6,0,2,4
BRDA:36,1,0,1
BRDA:36,1,1,1
BRDA:36,2,0,2
BRDA:36,2,1,2
BRDA:41,3,0,1
BRDA:41,3,1,1
BRDA:58,4,0,0
BRDA:58,4,1,1
BRDA:69,5,0,1
BRDA:69,5,1,1
BRF:13
BRH:12
end_of_record
TN:
SF:/Users/sktifa/workspace/simple-sample/src/main/webapp/app/admin/user-management/user-management-edit.vue
FN:6,loginValidator
FN:39,(anonymous_3)
FN:56,JhiUserManagementEdit
FN:47,(anonymous_5)
FN:48,(anonymous_6)
FN:62,(anonymous_7)
FN:63,(anonymous_8)
FN:70,(anonymous_9)
FN:71,(anonymous_10)
FN:78,(anonymous_11)
FN:82,(anonymous_12)
FN:85,(anonymous_13)
FN:89,(anonymous_14)
FN:95,(anonymous_15)
FNF:14
FNH:10
FNDA:0,loginValidator
FNDA:1,(anonymous_3)
FNDA:5,JhiUserManagementEdit
FNDA:0,(anonymous_5)
FNDA:0,(anonymous_6)
FNDA:1,(anonymous_7)
FNDA:1,(anonymous_8)
FNDA:1,(anonymous_9)
FNDA:1,(anonymous_10)
FNDA:0,(anonymous_11)
FNDA:2,(anonymous_12)
FNDA:1,(anonymous_13)
FNDA:1,(anonymous_14)
FNDA:2,(anonymous_15)
DA:1,1
DA:2,1
DA:4,1
DA:7,0
DA:8,0
DA:10,0
DA:13,1
DA:39,1
DA:41,1
DA:43,5
DA:44,5
DA:45,5
DA:47,1
DA:48,0
DA:49,0
DA:50,0
DA:51,0
DA:56,5
DA:58,5
DA:59,5
DA:62,1
DA:63,1
DA:66,1
DA:70,1
DA:71,1
DA:74,1
DA:78,1
DA:79,0
DA:82,2
DA:83,2
DA:84,2
DA:85,1
DA:87,1
DA:89,1
DA:91,1
DA:95,1
DA:96,2
DA:97,2
DA:99,1
LF:39
LH:31
BRDA:7,0,0,0
BRDA:7,0,1,0
BRDA:7,1,0,0
BRDA:7,1,1,0
BRDA:7,1,2,0
BRDA:56,2,0,5
BRDA:56,2,1,5
BRDA:50,3,0,0
BRDA:50,3,1,0
BRDA:84,4,0,1
BRDA:84,4,1,1
BRF:11
BRH:4
end_of_record
TN:
SF:/Users/sktifa/workspace/simple-sample/src/main/webapp/app/admin/user-management/user-management-view.vue
FN:5,(anonymous_3)
FN:6,(anonymous_4)
FN:16,(anonymous_5)
FN:13,JhiUserManagementView
FN:21,(anonymous_7)
FN:22,(anonymous_8)
FNF:6
FNH:4
FNDA:0,(anonymous_3)
FNDA:0,(anonymous_4)
FNDA:1,(anonymous_5)
FNDA:2,JhiUserManagementView
FNDA:1,(anonymous_7)
FNDA:1,(anonymous_8)
DA:1,1
DA:2,1
DA:5,1
DA:6,0
DA:7,0
DA:8,0
DA:13,2
DA:16,1
DA:18,1
DA:19,2
DA:21,1
DA:22,1
DA:25,1
DA:28,1
LF:14
LH:11
BRDA:7,0,0,0
BRDA:7,0,1,0
BRDA:13,1,0,2
BRDA:13,1,1,2
BRDA:13,1,2,2
BRF:5
BRH:3
end_of_record
TN:
SF:/Users/sktifa/workspace/simple-sample/src/main/webapp/app/admin/user-management/user-management.service.ts
FN:5,(anonymous_0)
FN:6,(anonymous_2)
FN:10,(anonymous_3)
FN:14,(anonymous_4)
FN:18,(anonymous_5)
FN:22,(anonymous_6)
FN:26,(anonymous_7)
FNF:7
FNH:7
FNDA:23,(anonymous_0)
FNDA:2,(anonymous_2)
FNDA:1,(anonymous_3)
FNDA:2,(anonymous_4)
FNDA:1,(anonymous_5)
FNDA:13,(anonymous_6)
FNDA:1,(anonymous_7)
DA:1,3
DA:3,3
DA:5,3
DA:6,3
DA:7,2
DA:10,3
DA:11,1
DA:14,3
DA:15,2
DA:18,3
DA:19,1
DA:22,3
DA:23,13
DA:26,3
DA:27,1
DA:29,3
LF:16
LH:16
BRF:0
BRH:0
end_of_record
TN:
SF:/Users/sktifa/workspace/simple-sample/src/main/webapp/app/admin/user-management/user-management.vue
FN:6,(anonymous_2)
FN:5,JhiUserManagementComponent
FN:23,(anonymous_4)
FN:27,(anonymous_5)
FN:29,(anonymous_6)
FN:35,(anonymous_7)
FN:43,(anonymous_8)
FN:45,(anonymous_9)
FN:57,(anonymous_10)
FN:65,(anonymous_11)
FN:72,(anonymous_12)
FN:76,(anonymous_13)
FN:81,(anonymous_14)
FN:82,(anonymous_15)
FN:90,(anonymous_16)
FNF:15
FNH:14
FNDA:1,(anonymous_2)
FNDA:5,JhiUserManagementComponent
FNDA:5,(anonymous_4)
FNDA:1,(anonymous_5)
FNDA:1,(anonymous_6)
FNDA:0,(anonymous_7)
FNDA:13,(anonymous_8)
FNDA:13,(anonymous_9)
FNDA:13,(anonymous_10)
FNDA:10,(anonymous_11)
FNDA:5,(anonymous_12)
FNDA:1,(anonymous_13)
FNDA:1,(anonymous_14)
FNDA:1,(anonymous_15)
FNDA:1,(anonymous_16)
DA:1,1
DA:5,5
DA:6,2
DA:8,1
DA:10,1
DA:11,5
DA:12,5
DA:13,5
DA:14,5
DA:15,5
DA:16,5
DA:17,5
DA:18,5
DA:19,5
DA:20,5
DA:21,5
DA:23,1
DA:24,5
DA:27,1
DA:28,1
DA:29,1
DA:32,1
DA:33,1
DA:34,1
DA:37,0
DA:38,0
DA:39,0
DA:43,13
DA:44,13
DA:51,13
DA:52,13
DA:53,13
DA:57,1
DA:58,13
DA:59,13
DA:60,0
DA:62,13
DA:65,1
DA:66,10
DA:67,5
DA:68,5
DA:72,1
DA:73,5
DA:76,1
DA:77,1
DA:78,1
DA:81,1
DA:82,1
DA:85,1
DA:86,1
DA:90,1
DA:91,1
DA:94,1
DA:95,0
DA:97,1
LF:55
LH:50
BRDA:5,0,0,5
BRDA:5,0,1,5
BRDA:5,0,2,5
BRDA:58,1,0,0
BRDA:58,1,1,13
BRDA:59,2,0,0
BRDA:59,2,1,13
BRDA:66,3,0,5
BRDA:66,3,1,5
BRF:9
BRH:7
end_of_record
TN:
SF:/Users/sktifa/workspace/simple-sample/src/main/webapp/app/core/home/home.vue
FN:7,(anonymous_3)
FN:13,(anonymous_5)
FNF:2
FNH:1
FNDA:1,(anonymous_3)
FNDA:0,(anonymous_5)
DA:1,1
DA:2,1
DA:7,2
DA:9,1
DA:11,1
DA:13,1
DA:14,0
DA:17,1
DA:18,0
DA:21,1
DA:22,0
DA:24,1
LF:12
LH:9
BRF:0
BRH:0
end_of_record
TN:
SF:/Users/sktifa/workspace/simple-sample/src/main/webapp/app/core/jhi-footer/jhi-footer.vue
FN:4,(anonymous_2)
FNF:1
FNH:1
FNDA:2,(anonymous_2)
DA:1,1
DA:4,4
LF:2
LH:2
BRF:0
BRH:0
end_of_record
TN:
SF:/Users/sktifa/workspace/simple-sample/src/main/webapp/app/core/ribbon/ribbon.vue
FN:5,(anonymous_3)
FN:4,Ribbon
FN:8,(anonymous_5)
FN:9,(anonymous_6)
FNF:4
FNH:4
FNDA:1,(anonymous_3)
FNDA:5,Ribbon
FNDA:5,(anonymous_5)
FNDA:5,(anonymous_6)
DA:1,1
DA:2,1
DA:4,5
DA:5,2
DA:6,5
DA:8,5
DA:9,5
DA:10,5
DA:11,1
DA:15,1
LF:10
LH:10
BRDA:4,0,0,5
BRDA:4,0,1,5
BRDA:4,0,2,5
BRDA:10,1,0,1
BRDA:10,1,1,4
BRDA:10,2,0,5
BRDA:10,2,1,3
BRDA:10,2,2,2
BRF:8
BRH:8
end_of_record
TN:
SF:/Users/sktifa/workspace/simple-sample/src/main/webapp/app/locale/translation.service.ts
FN:5,(anonymous_0)
FN:8,TranslationService
FN:12,(anonymous_2)
FN:17,(anonymous_3)
FNF:4
FNH:4
FNDA:4,(anonymous_0)
FNDA:7,TranslationService
FNDA:2,(anonymous_2)
FNDA:1,(anonymous_3)
DA:1,4
DA:5,4
DA:9,7
DA:12,4
DA:13,2
DA:14,2
DA:15,2
DA:16,1
DA:17,1
DA:18,1
DA:19,0
DA:20,0
DA:21,0
DA:24,1
DA:25,1
DA:26,1
DA:29,4
LF:17
LH:14
BRDA:14,0,0,2
BRDA:14,0,1,0
BRDA:15,1,0,1
BRDA:15,1,1,1
BRDA:15,2,0,2
BRDA:15,2,1,2
BRDA:18,3,0,0
BRDA:18,3,1,1
BRDA:24,4,0,1
BRDA:24,4,1,0
BRF:10
BRH:7
end_of_record
TN:
SF:/Users/sktifa/workspace/simple-sample/src/main/webapp/app/router/index.ts
FN:9,(anonymous_0)
FN:9,(anonymous_1)
FN:10,(anonymous_2)
FN:10,(anonymous_3)
FN:11,(anonymous_4)
FN:11,(anonymous_5)
FN:12,(anonymous_6)
FN:12,(anonymous_7)
FN:13,(anonymous_8)
FN:13,(anonymous_9)
FN:14,(anonymous_10)
FN:14,(anonymous_11)
FN:15,(anonymous_12)
FN:15,(anonymous_13)
FN:16,(anonymous_14)
FN:16,(anonymous_15)
FN:17,(anonymous_16)
FN:17,(anonymous_17)
FN:18,(anonymous_18)
FN:18,(anonymous_19)
FN:19,(anonymous_20)
FN:19,(anonymous_21)
FN:20,(anonymous_22)
FN:20,(anonymous_23)
FN:21,(anonymous_24)
FN:21,(anonymous_25)
FN:22,(anonymous_26)
FN:22,(anonymous_27)
FN:23,(anonymous_28)
FN:23,(anonymous_29)
FN:24,(anonymous_30)
FN:24,(anonymous_31)
FNF:32
FNH:2
FNDA:2,(anonymous_0)
FNDA:2,(anonymous_1)
FNDA:0,(anonymous_2)
FNDA:0,(anonymous_3)
FNDA:0,(anonymous_4)
FNDA:0,(anonymous_5)
FNDA:0,(anonymous_6)
FNDA:0,(anonymous_7)
FNDA:0,(anonymous_8)
FNDA:0,(anonymous_9)
FNDA:0,(anonymous_10)
FNDA:0,(anonymous_11)
FNDA:0,(anonymous_12)
FNDA:0,(anonymous_13)
FNDA:0,(anonymous_14)
FNDA:0,(anonymous_15)
FNDA:0,(anonymous_16)
FNDA:0,(anonymous_17)
FNDA:0,(anonymous_18)
FNDA:0,(anonymous_19)
FNDA:0,(anonymous_20)
FNDA:0,(anonymous_21)
FNDA:0,(anonymous_22)
FNDA:0,(anonymous_23)
FNDA:0,(anonymous_24)
FNDA:0,(anonymous_25)
FNDA:0,(anonymous_26)
FNDA:0,(anonymous_27)
FNDA:0,(anonymous_28)
FNDA:0,(anonymous_29)
FNDA:0,(anonymous_30)
FNDA:0,(anonymous_31)
DA:1,4
DA:2,4
DA:3,4
DA:8,4
DA:9,4
DA:10,4
DA:11,4
DA:12,4
DA:13,4
DA:14,4
DA:15,4
DA:16,4
DA:17,4
DA:18,4
DA:19,4
DA:20,4
DA:21,4
DA:22,4
DA:23,4
DA:24,4
DA:28,4
DA:31,4
LF:22
LH:22
BRF:0
BRH:0
end_of_record
TN:
SF:/Users/sktifa/workspace/simple-sample/src/main/webapp/app/shared/config/axios-interceptor.ts
FN:6,(anonymous_0)
FN:7,(anonymous_1)
FN:16,(anonymous_2)
FN:17,(anonymous_3)
FNF:4
FNH:1
FNDA:18,(anonymous_0)
FNDA:0,(anonymous_1)
FNDA:0,(anonymous_2)
FNDA:0,(anonymous_3)
DA:1,18
DA:3,18
DA:5,18
DA:6,18
DA:7,18
DA:8,0
DA:9,0
DA:10,0
DA:12,0
DA:13,0
DA:14,0
DA:16,18
DA:17,18
DA:18,0
DA:19,0
DA:20,0
DA:22,0
DA:24,18
DA:25,3
DA:26,3
DA:30,18
LF:21
LH:11
BRDA:8,0,0,0
BRDA:8,0,1,0
BRDA:9,1,0,0
BRDA:9,1,1,0
BRDA:18,2,0,0
BRDA:18,2,1,0
BRDA:19,3,0,0
BRDA:19,3,1,0
BRDA:19,4,0,0
BRDA:19,4,1,0
BRDA:24,5,0,3
BRDA:24,5,1,15
BRF:12
BRH:2
end_of_record
TN:
SF:/Users/sktifa/workspace/simple-sample/src/main/webapp/app/shared/config/config.ts
FN:46,initVueApp
FN:50,(anonymous_1)
FN:54,initFortAwesome
FN:91,initI18N
FN:99,initVueXStore
FN:117,(anonymous_5)
FN:123,(anonymous_6)
FN:126,(anonymous_7)
FN:131,(anonymous_8)
FN:134,(anonymous_9)
FN:137,(anonymous_10)
FN:140,(anonymous_11)
FN:145,(anonymous_12)
FN:152,(anonymous_13)
FN:153,(anonymous_14)
FN:154,(anonymous_15)
FN:155,(anonymous_16)
FN:156,(anonymous_17)
FN:157,(anonymous_18)
FN:158,(anonymous_19)
FN:159,(anonymous_20)
FN:160,(anonymous_21)
FNF:22
FNH:11
FNDA:18,initVueApp
FNDA:0,(anonymous_1)
FNDA:0,initFortAwesome
FNDA:18,initI18N
FNDA:14,initVueXStore
FNDA:0,(anonymous_5)
FNDA:0,(anonymous_6)
FNDA:0,(anonymous_7)
FNDA:0,(anonymous_8)
FNDA:1,(anonymous_9)
FNDA:2,(anonymous_10)
FNDA:11,(anonymous_11)
FNDA:2,(anonymous_12)
FNDA:0,(anonymous_13)
FNDA:0,(anonymous_14)
FNDA:0,(anonymous_15)
FNDA:0,(anonymous_16)
FNDA:2,(anonymous_17)
FNDA:2,(anonymous_18)
FNDA:1,(anonymous_19)
FNDA:3,(anonymous_20)
FNDA:0,(anonymous_21)
DA:1,18
DA:2,18
DA:3,18
DA:4,18
DA:6,18
DA:7,18
DA:8,18
DA:9,18
DA:10,18
DA:11,18
DA:12,18
DA:13,18
DA:14,18
DA:15,18
DA:16,18
DA:17,18
DA:18,18
DA:19,18
DA:20,18
DA:21,18
DA:22,18
DA:23,18
DA:24,18
DA:25,18
DA:26,18
DA:27,18
DA:28,18
DA:29,18
DA:30,18
DA:31,18
DA:32,18
DA:33,18
DA:34,18
DA:35,18
DA:36,18
DA:37,18
DA:38,18
DA:40,18
DA:41,18
DA:42,18
DA:44,18
DA:46,18
DA:47,18
DA:48,18
DA:49,18
DA:50,18
DA:51,18
DA:54,18
DA:55,0
DA:91,18
DA:92,18
DA:93,18
DA:99,18
DA:100,14
DA:101,14
DA:118,0
DA:119,0
DA:120,0
DA:121,0
DA:124,0
DA:127,0
DA:128,0
DA:129,0
DA:132,0
DA:135,1
DA:138,2
DA:141,11
DA:142,11
DA:143,11
DA:146,2
DA:147,2
DA:148,2
DA:152,0
DA:153,0
DA:154,0
DA:155,0
DA:156,2
DA:157,2
DA:158,1
DA:159,3
DA:160,0
LF:81
LH:66
BRF:0
BRH:0
end_of_record
TN:
SF:/Users/sktifa/workspace/simple-sample/src/main/webapp/app/shared/config/formatter.ts
FN:1,warn
FN:10,isObject
FN:23,(anonymous_2)
FN:28,JhiFormatter
FN:34,(anonymous_4)
FN:52,parse
FN:92,compile
FNF:7
FNH:2
FNDA:0,warn
FNDA:0,isObject
FNDA:18,(anonymous_2)
FNDA:18,JhiFormatter
FNDA:0,(anonymous_4)
FNDA:0,parse
FNDA:0,compile
DA:2,0
DA:3,0
DA:4,0
DA:5,0
DA:11,0
DA:19,18
DA:20,18
DA:23,18
DA:29,18
DA:30,18
DA:31,18
DA:34,18
DA:35,0
DA:36,0
DA:40,0
DA:42,0
DA:43,0
DA:44,0
DA:45,0
DA:48,0
DA:50,18
DA:53,0
DA:54,0
DA:56,0
DA:57,0
DA:58,0
DA:59,0
DA:60,0
DA:61,0
DA:64,0
DA:65,0
DA:66,0
DA:67,0
DA:68,0
DA:69,0
DA:71,0
DA:73,0
DA:74,0
DA:75,0
DA:77,0
DA:78,0
DA:81,0
DA:85,0
DA:86,0
DA:89,0
DA:93,0
DA:94,0
DA:96,0
DA:97,0
DA:98,0
DA:101,0
DA:102,0
DA:103,0
DA:105,0
DA:106,0
DA:108,0
DA:109,0
DA:111,0
DA:112,0
DA:114,0
DA:115,0
DA:118,0
DA:120,0
DA:121,0
DA:123,0
DA:125,0
DA:128,0
LF:67
LH:8
BRDA:2,0,0,0
BRDA:2,0,1,0
BRDA:4,1,0,0
BRDA:4,1,1,0
BRDA:11,2,0,0
BRDA:11,2,1,0
BRDA:35,3,0,0
BRDA:35,3,1,0
BRDA:43,4,0,0
BRDA:43,4,1,0
BRDA:59,5,0,0
BRDA:59,5,1,0
BRDA:60,6,0,0
BRDA:60,6,1,0
BRDA:67,7,0,0
BRDA:67,7,1,0
BRDA:73,8,0,0
BRDA:73,8,1,0
BRDA:73,9,0,0
BRDA:73,9,1,0
BRDA:73,10,0,0
BRDA:73,10,1,0
BRDA:75,11,0,0
BRDA:75,11,1,0
BRDA:77,12,0,0
BRDA:77,12,1,0
BRDA:85,13,0,0
BRDA:85,13,1,0
BRDA:96,14,0,0
BRDA:96,14,1,0
BRDA:96,15,0,0
BRDA:96,15,1,0
BRDA:97,16,0,0
BRDA:97,16,1,0
BRDA:104,17,0,0
BRDA:104,17,1,0
BRDA:104,17,2,0
BRDA:104,17,3,0
BRDA:111,18,0,0
BRDA:111,18,1,0
BRDA:114,19,0,0
BRDA:114,19,1,0
BRDA:120,20,0,0
BRDA:120,20,1,0
BRF:44
BRH:0
end_of_record
TN:
SF:/Users/sktifa/workspace/simple-sample/src/main/webapp/app/shared/date/filters.ts
FN:11,initFilters
FN:12,(anonymous_1)
FNF:2
FNH:2
FNDA:18,initFilters
FNDA:3,(anonymous_1)
DA:1,18
DA:2,18
DA:4,18
DA:5,18
DA:7,18
DA:8,18
DA:9,18
DA:11,18
DA:12,18
DA:13,3
DA:14,0
DA:16,3
LF:12
LH:11
BRDA:13,0,0,0
BRDA:13,0,1,3
BRF:2
BRH:1
end_of_record
TN:
SF:/Users/sktifa/workspace/simple-sample/src/main/webapp/app/shared/model/user.model.ts
FN:17,(anonymous_0)
FN:18,User
FNF:2
FNH:2
FNDA:1,(anonymous_0)
FNDA:5,User
DA:17,1
DA:19,5
DA:20,5
DA:21,5
DA:22,5
DA:23,5
DA:24,5
DA:25,5
DA:26,5
DA:27,5
DA:28,5
DA:29,5
DA:30,5
DA:31,5
DA:33,1
LF:15
LH:15
BRF:0
BRH:0
end_of_record
TN:
SF:/Users/sktifa/workspace/simple-sample/src/main/webapp/app/shared/sort/sorts.ts
FN:1,buildPaginationQueryOpts
FNF:1
FNH:1
FNDA:13,buildPaginationQueryOpts
DA:1,3
DA:2,13
DA:3,13
DA:4,13
DA:5,13
DA:6,0
DA:8,13
DA:10,13
DA:12,0
LF:9
LH:7
BRDA:2,0,0,13
BRDA:2,0,1,0
BRDA:5,1,0,0
BRDA:5,1,1,13
BRF:4
BRH:2
end_of_record
